[ 2015-11-17T20:05:57+08:00 ] ::1 /PlanB/
INFO: [ app_init ] --START--
INFO: Run Behavior\BuildLiteBehavior [ RunTime:0.000079s ]
INFO: [ app_init ] --END-- [ RunTime:0.030828s ]
INFO: [ app_begin ] --START--
INFO: Run Behavior\ReadHtmlCacheBehavior [ RunTime:0.013395s ]
INFO: [ app_begin ] --END-- [ RunTime:0.013654s ]

[ 2015-11-17T20:05:59+08:00 ] ::1 /PlanB/index.php/Home/Index/login.html
INFO: [ app_init ] --START--
INFO: Run Behavior\BuildLiteBehavior [ RunTime:0.000044s ]
INFO: [ app_init ] --END-- [ RunTime:0.000641s ]
INFO: [ app_begin ] --START--
INFO: Run Behavior\ReadHtmlCacheBehavior [ RunTime:0.000768s ]
INFO: [ app_begin ] --END-- [ RunTime:0.001003s ]
INFO: [ view_parse ] --START--
INFO: [ template_filter ] --START--
INFO: Run Behavior\ContentReplaceBehavior [ RunTime:0.014499s ]
INFO: [ template_filter ] --END-- [ RunTime:0.015109s ]
INFO: Run Behavior\ParseTemplateBehavior [ RunTime:0.100338s ]
INFO: [ view_parse ] --END-- [ RunTime:0.100683s ]
INFO: [ view_filter ] --START--
INFO: Run Behavior\WriteHtmlCacheBehavior [ RunTime:0.018282s ]
INFO: [ view_filter ] --END-- [ RunTime:0.018650s ]
INFO: [ app_end ] --START--
INFO: Run Behavior\ShowPageTraceBehavior [ RunTime:0.027480s ]
INFO: [ app_end ] --END-- [ RunTime:0.028040s ]

[ 2015-11-17T20:06:14+08:00 ] ::1 /PlanB/index.php/Home/Index/loginin
INFO: [ app_init ] --START--
INFO: Run Behavior\BuildLiteBehavior [ RunTime:0.000032s ]
INFO: [ app_init ] --END-- [ RunTime:0.000471s ]
INFO: [ app_begin ] --START--
INFO: Run Behavior\ReadHtmlCacheBehavior [ RunTime:0.000457s ]
INFO: [ app_begin ] --END-- [ RunTime:0.000576s ]
SQL: SHOW COLUMNS FROM `think_user` [ RunTime:0.2555s ]
SQL: SELECT `PASSWORD` FROM `think_user` WHERE `USERNAME` = '384399002' LIMIT 1   [ RunTime:0.0907s ]

[ 2015-11-17T20:06:14+08:00 ] ::1 /PlanB/index.php/Home/Index/index
INFO: [ app_init ] --START--
INFO: Run Behavior\BuildLiteBehavior [ RunTime:0.000035s ]
INFO: [ app_init ] --END-- [ RunTime:0.000533s ]
INFO: [ app_begin ] --START--
INFO: Run Behavior\ReadHtmlCacheBehavior [ RunTime:0.000477s ]
INFO: [ app_begin ] --END-- [ RunTime:0.000624s ]
SQL: SHOW COLUMNS FROM `think_name` [ RunTime:0.0642s ]
SQL: SELECT `name` FROM `think_name`  [ RunTime:0.0004s ]
SQL: SHOW COLUMNS FROM `think_collection` [ RunTime:0.0597s ]
SQL: SELECT `ID`,`NAME` FROM `think_collection`  [ RunTime:0.0011s ]
SQL: SELECT COUNT(*) AS tp_count FROM `think_collection` LIMIT 1   [ RunTime:0.0234s ]
INFO: [ view_parse ] --START--
INFO: [ template_filter ] --START--
INFO: Run Behavior\ContentReplaceBehavior [ RunTime:0.000281s ]
INFO: [ template_filter ] --END-- [ RunTime:0.000427s ]
INFO: Run Behavior\ParseTemplateBehavior [ RunTime:0.088453s ]
INFO: [ view_parse ] --END-- [ RunTime:0.088882s ]
INFO: [ view_filter ] --START--
INFO: Run Behavior\WriteHtmlCacheBehavior [ RunTime:0.000293s ]
INFO: [ view_filter ] --END-- [ RunTime:0.000430s ]
INFO: [ app_end ] --START--
INFO: Run Behavior\ShowPageTraceBehavior [ RunTime:0.000567s ]
INFO: [ app_end ] --END-- [ RunTime:0.000753s ]

[ 2015-11-17T20:06:15+08:00 ] ::1 /PlanB/index.php/Home/Index/getDayList?collection=%E5%85%A8%E9%83%A8&date=&start=0&limit=100&pageIndex=0&_=1447761975384
INFO: [ app_init ] --START--
INFO: Run Behavior\BuildLiteBehavior [ RunTime:0.000035s ]
INFO: [ app_init ] --END-- [ RunTime:0.000534s ]
INFO: [ app_begin ] --START--
INFO: Run Behavior\ReadHtmlCacheBehavior [ RunTime:0.000566s ]
INFO: [ app_begin ] --END-- [ RunTime:0.000702s ]
SQL: SHOW COLUMNS FROM `think_pool` [ RunTime:0.0588s ]
SQL: SELECT `NAME`,`COLLECTION`,`DATE`,`INPUT`,`OUTPUT`,`SUMMARY` FROM `think_pool` WHERE `DATE` = '2015-11-16' ORDER BY DATE desc LIMIT 0,100   [ RunTime:0.0007s ]
SQL: SELECT COUNT(*) AS tp_count FROM `think_pool` WHERE `DATE` = '2015-11-16' LIMIT 1   [ RunTime:0.0236s ]

[ 2015-11-17T20:07:26+08:00 ] ::1 /PlanB/index.php/Home/Index/getDayList?collection=%E5%85%A8%E9%83%A8&date=2015-11-12&start=0&limit=100&pageIndex=0&_=1447762046614
INFO: [ app_init ] --START--
INFO: Run Behavior\BuildLiteBehavior [ RunTime:0.000053s ]
INFO: [ app_init ] --END-- [ RunTime:0.000587s ]
INFO: [ app_begin ] --START--
INFO: Run Behavior\ReadHtmlCacheBehavior [ RunTime:0.000949s ]
INFO: [ app_begin ] --END-- [ RunTime:0.001191s ]
SQL: SHOW COLUMNS FROM `think_pool` [ RunTime:0.0746s ]
SQL: SELECT `NAME`,`COLLECTION`,`DATE`,`INPUT`,`OUTPUT`,`SUMMARY` FROM `think_pool` WHERE `DATE` = '2015-11-12' ORDER BY DATE desc LIMIT 0,100   [ RunTime:0.0006s ]
SQL: SELECT COUNT(*) AS tp_count FROM `think_pool` WHERE `DATE` = '2015-11-12' LIMIT 1   [ RunTime:0.0360s ]

[ 2015-11-17T20:07:27+08:00 ] ::1 /PlanB/index.php/Home/Index/detail/name/%E6%B5%8B%E8%AF%95
INFO: [ app_init ] --START--
INFO: Run Behavior\BuildLiteBehavior [ RunTime:0.000033s ]
INFO: [ app_init ] --END-- [ RunTime:0.000461s ]
INFO: [ app_begin ] --START--
INFO: Run Behavior\ReadHtmlCacheBehavior [ RunTime:0.000615s ]
INFO: [ app_begin ] --END-- [ RunTime:0.000777s ]
SQL: SHOW COLUMNS FROM `think_name` [ RunTime:0.0048s ]
SQL: SELECT `name` FROM `think_name`  [ RunTime:0.0004s ]
SQL: SHOW COLUMNS FROM `think_collection` [ RunTime:0.0037s ]
SQL: SELECT `ID`,`NAME` FROM `think_collection`  [ RunTime:0.0005s ]
SQL: SELECT COUNT(*) AS tp_count FROM `think_collection` LIMIT 1   [ RunTime:0.0003s ]
INFO: [ view_parse ] --START--
INFO: [ template_filter ] --START--
INFO: Run Behavior\ContentReplaceBehavior [ RunTime:0.000176s ]
INFO: [ template_filter ] --END-- [ RunTime:0.000327s ]
INFO: Run Behavior\ParseTemplateBehavior [ RunTime:0.074296s ]
INFO: [ view_parse ] --END-- [ RunTime:0.074469s ]
INFO: [ view_filter ] --START--
INFO: Run Behavior\WriteHtmlCacheBehavior [ RunTime:0.000375s ]
INFO: [ view_filter ] --END-- [ RunTime:0.000538s ]
INFO: [ app_end ] --START--
INFO: Run Behavior\ShowPageTraceBehavior [ RunTime:0.001984s ]
INFO: [ app_end ] --END-- [ RunTime:0.002683s ]

[ 2015-11-17T20:07:28+08:00 ] ::1 /PlanB/index.php/Home/Index/getList?start=0&limit=10&pageIndex=0&name=%E6%B5%8B%E8%AF%95&_=1447762048152
INFO: [ app_init ] --START--
INFO: Run Behavior\BuildLiteBehavior [ RunTime:0.000046s ]
INFO: [ app_init ] --END-- [ RunTime:0.000723s ]
INFO: [ app_begin ] --START--
INFO: Run Behavior\ReadHtmlCacheBehavior [ RunTime:0.000930s ]
INFO: [ app_begin ] --END-- [ RunTime:0.001186s ]
SQL: SHOW COLUMNS FROM `think_pool` [ RunTime:0.0048s ]
SQL: SELECT `NAME`,`COLLECTION`,`DATE`,`INPUT`,`OUTPUT`,`SUMMARY`,`NOTE` FROM `think_pool` WHERE `NAME` = '测试' ORDER BY DATE desc LIMIT 0,10   [ RunTime:0.0174s ]
SQL: SELECT COUNT(*) AS tp_count FROM `think_pool` WHERE `NAME` = '测试' LIMIT 1   [ RunTime:0.0005s ]

[ 2015-11-17T20:07:29+08:00 ] ::1 /PlanB/index.php/Home/Index/getDayList?collection=%E5%85%A8%E9%83%A8&date=2015-11-12&start=0&limit=100&pageIndex=0&_=1447762049650
INFO: [ app_init ] --START--
INFO: Run Behavior\BuildLiteBehavior [ RunTime:0.000033s ]
INFO: [ app_init ] --END-- [ RunTime:0.000498s ]
INFO: [ app_begin ] --START--
INFO: Run Behavior\ReadHtmlCacheBehavior [ RunTime:0.000554s ]
INFO: [ app_begin ] --END-- [ RunTime:0.000722s ]
SQL: SHOW COLUMNS FROM `think_pool` [ RunTime:0.0054s ]
SQL: SELECT `NAME`,`COLLECTION`,`DATE`,`INPUT`,`OUTPUT`,`SUMMARY` FROM `think_pool` WHERE `DATE` = '2015-11-12' ORDER BY DATE desc LIMIT 0,100   [ RunTime:0.0007s ]
SQL: SELECT COUNT(*) AS tp_count FROM `think_pool` WHERE `DATE` = '2015-11-12' LIMIT 1   [ RunTime:0.0006s ]

[ 2015-11-17T20:07:33+08:00 ] ::1 /PlanB/index.php/Home/Index/getDayList?collection=%E5%85%A8%E9%83%A8&date=2015-11-11&start=0&limit=100&pageIndex=0&_=1447762053449
INFO: [ app_init ] --START--
INFO: Run Behavior\BuildLiteBehavior [ RunTime:0.000039s ]
INFO: [ app_init ] --END-- [ RunTime:0.000599s ]
INFO: [ app_begin ] --START--
INFO: Run Behavior\ReadHtmlCacheBehavior [ RunTime:0.000600s ]
INFO: [ app_begin ] --END-- [ RunTime:0.000780s ]
SQL: SHOW COLUMNS FROM `think_pool` [ RunTime:0.0056s ]
SQL: SELECT `NAME`,`COLLECTION`,`DATE`,`INPUT`,`OUTPUT`,`SUMMARY` FROM `think_pool` WHERE `DATE` = '2015-11-11' ORDER BY DATE desc LIMIT 0,100   [ RunTime:0.0005s ]
SQL: SELECT COUNT(*) AS tp_count FROM `think_pool` WHERE `DATE` = '2015-11-11' LIMIT 1   [ RunTime:0.0003s ]

[ 2015-11-17T20:07:34+08:00 ] ::1 /PlanB/index.php/Home/Index/detail/name/%E6%B5%8B%E8%AF%95
INFO: [ app_init ] --START--
INFO: Run Behavior\BuildLiteBehavior [ RunTime:0.000058s ]
INFO: [ app_init ] --END-- [ RunTime:0.000782s ]
INFO: [ app_begin ] --START--
INFO: Run Behavior\ReadHtmlCacheBehavior [ RunTime:0.000776s ]
INFO: [ app_begin ] --END-- [ RunTime:0.001070s ]
SQL: SHOW COLUMNS FROM `think_name` [ RunTime:0.0041s ]
SQL: SELECT `name` FROM `think_name`  [ RunTime:0.0006s ]
SQL: SHOW COLUMNS FROM `think_collection` [ RunTime:0.0049s ]
SQL: SELECT `ID`,`NAME` FROM `think_collection`  [ RunTime:0.0007s ]
SQL: SELECT COUNT(*) AS tp_count FROM `think_collection` LIMIT 1   [ RunTime:0.0004s ]
INFO: [ view_parse ] --START--
INFO: [ template_filter ] --START--
INFO: Run Behavior\ContentReplaceBehavior [ RunTime:0.000181s ]
INFO: [ template_filter ] --END-- [ RunTime:0.000339s ]
INFO: Run Behavior\ParseTemplateBehavior [ RunTime:0.011412s ]
INFO: [ view_parse ] --END-- [ RunTime:0.011589s ]
INFO: [ view_filter ] --START--
INFO: Run Behavior\WriteHtmlCacheBehavior [ RunTime:0.000386s ]
INFO: [ view_filter ] --END-- [ RunTime:0.000590s ]
INFO: [ app_end ] --START--
INFO: Run Behavior\ShowPageTraceBehavior [ RunTime:0.000924s ]
INFO: [ app_end ] --END-- [ RunTime:0.001165s ]

[ 2015-11-17T20:07:35+08:00 ] ::1 /PlanB/index.php/Home/Index/getList?start=0&limit=10&pageIndex=0&name=%E6%B5%8B%E8%AF%95&_=1447762055162
INFO: [ app_init ] --START--
INFO: Run Behavior\BuildLiteBehavior [ RunTime:0.000033s ]
INFO: [ app_init ] --END-- [ RunTime:0.000560s ]
INFO: [ app_begin ] --START--
INFO: Run Behavior\ReadHtmlCacheBehavior [ RunTime:0.000561s ]
INFO: [ app_begin ] --END-- [ RunTime:0.000702s ]
SQL: SHOW COLUMNS FROM `think_pool` [ RunTime:0.0045s ]
SQL: SELECT `NAME`,`COLLECTION`,`DATE`,`INPUT`,`OUTPUT`,`SUMMARY`,`NOTE` FROM `think_pool` WHERE `NAME` = '测试' ORDER BY DATE desc LIMIT 0,10   [ RunTime:0.0006s ]
SQL: SELECT COUNT(*) AS tp_count FROM `think_pool` WHERE `NAME` = '测试' LIMIT 1   [ RunTime:0.0004s ]

[ 2015-11-17T20:07:41+08:00 ] ::1 /PlanB/index.php/Home/Index/getDayList?collection=%E5%85%A8%E9%83%A8&date=2015-11-11&start=0&limit=100&pageIndex=0&_=1447762061254
INFO: [ app_init ] --START--
INFO: Run Behavior\BuildLiteBehavior [ RunTime:0.000059s ]
INFO: [ app_init ] --END-- [ RunTime:0.000821s ]
INFO: [ app_begin ] --START--
INFO: Run Behavior\ReadHtmlCacheBehavior [ RunTime:0.000759s ]
INFO: [ app_begin ] --END-- [ RunTime:0.000955s ]
SQL: SHOW COLUMNS FROM `think_pool` [ RunTime:0.0056s ]
SQL: SELECT `NAME`,`COLLECTION`,`DATE`,`INPUT`,`OUTPUT`,`SUMMARY` FROM `think_pool` WHERE `DATE` = '2015-11-11' ORDER BY DATE desc LIMIT 0,100   [ RunTime:0.0005s ]
SQL: SELECT COUNT(*) AS tp_count FROM `think_pool` WHERE `DATE` = '2015-11-11' LIMIT 1   [ RunTime:0.0005s ]

[ 2015-11-17T20:08:52+08:00 ] ::1 /PlanB/index.php/Home/Index/detail/name/%E6%B5%8B%E8%AF%95
INFO: [ app_init ] --START--
INFO: Run Behavior\BuildLiteBehavior [ RunTime:0.000037s ]
INFO: [ app_init ] --END-- [ RunTime:0.000581s ]
INFO: [ app_begin ] --START--
INFO: Run Behavior\ReadHtmlCacheBehavior [ RunTime:0.000685s ]
INFO: [ app_begin ] --END-- [ RunTime:0.000859s ]
SQL: SHOW COLUMNS FROM `think_name` [ RunTime:0.0042s ]
SQL: SELECT `name` FROM `think_name`  [ RunTime:0.0003s ]
SQL: SHOW COLUMNS FROM `think_collection` [ RunTime:0.0039s ]
SQL: SELECT `ID`,`NAME` FROM `think_collection`  [ RunTime:0.0005s ]
SQL: SELECT COUNT(*) AS tp_count FROM `think_collection` LIMIT 1   [ RunTime:0.0003s ]
INFO: [ view_parse ] --START--
INFO: [ template_filter ] --START--
INFO: Run Behavior\ContentReplaceBehavior [ RunTime:0.000171s ]
INFO: [ template_filter ] --END-- [ RunTime:0.000326s ]
INFO: Run Behavior\ParseTemplateBehavior [ RunTime:0.012983s ]
INFO: [ view_parse ] --END-- [ RunTime:0.013219s ]
INFO: [ view_filter ] --START--
INFO: Run Behavior\WriteHtmlCacheBehavior [ RunTime:0.000392s ]
INFO: [ view_filter ] --END-- [ RunTime:0.000527s ]
INFO: [ app_end ] --START--
INFO: Run Behavior\ShowPageTraceBehavior [ RunTime:0.001111s ]
INFO: [ app_end ] --END-- [ RunTime:0.001408s ]

[ 2015-11-17T20:08:52+08:00 ] ::1 /PlanB/index.php/Home/Index/getList?start=0&limit=10&pageIndex=0&name=%E6%B5%8B%E8%AF%95&_=1447762132859
INFO: [ app_init ] --START--
INFO: Run Behavior\BuildLiteBehavior [ RunTime:0.000060s ]
INFO: [ app_init ] --END-- [ RunTime:0.000827s ]
INFO: [ app_begin ] --START--
INFO: Run Behavior\ReadHtmlCacheBehavior [ RunTime:0.000773s ]
INFO: [ app_begin ] --END-- [ RunTime:0.000992s ]
SQL: SHOW COLUMNS FROM `think_pool` [ RunTime:0.0059s ]
SQL: SELECT `NAME`,`COLLECTION`,`DATE`,`INPUT`,`OUTPUT`,`SUMMARY`,`NOTE` FROM `think_pool` WHERE `NAME` = '测试' ORDER BY DATE asc LIMIT 0,10   [ RunTime:0.0008s ]
SQL: SELECT COUNT(*) AS tp_count FROM `think_pool` WHERE `NAME` = '测试' LIMIT 1   [ RunTime:0.0007s ]

[ 2015-11-17T20:09:53+08:00 ] ::1 /PlanB/index.php/Home/Index/getDayList?collection=%E5%85%A8%E9%83%A8&date=2015-11-11&start=0&limit=100&pageIndex=0&_=1447762193703
INFO: [ app_init ] --START--
INFO: Run Behavior\BuildLiteBehavior [ RunTime:0.000060s ]
INFO: [ app_init ] --END-- [ RunTime:0.000911s ]
INFO: [ app_begin ] --START--
INFO: Run Behavior\ReadHtmlCacheBehavior [ RunTime:0.001057s ]
INFO: [ app_begin ] --END-- [ RunTime:0.001314s ]
SQL: SHOW COLUMNS FROM `think_pool` [ RunTime:0.0052s ]
SQL: SELECT `NAME`,`COLLECTION`,`DATE`,`INPUT`,`OUTPUT`,`SUMMARY` FROM `think_pool` WHERE `DATE` = '2015-11-11' ORDER BY DATE desc LIMIT 0,100   [ RunTime:0.0006s ]
SQL: SELECT COUNT(*) AS tp_count FROM `think_pool` WHERE `DATE` = '2015-11-11' LIMIT 1   [ RunTime:0.0005s ]

[ 2015-11-17T20:09:55+08:00 ] ::1 /PlanB/index.php/Home/Index/detail/name/%E6%B5%8B%E8%AF%95
INFO: [ app_init ] --START--
INFO: Run Behavior\BuildLiteBehavior [ RunTime:0.000050s ]
INFO: [ app_init ] --END-- [ RunTime:0.000668s ]
INFO: [ app_begin ] --START--
INFO: Run Behavior\ReadHtmlCacheBehavior [ RunTime:0.000875s ]
INFO: [ app_begin ] --END-- [ RunTime:0.001185s ]
SQL: SHOW COLUMNS FROM `think_name` [ RunTime:0.0056s ]
SQL: SELECT `name` FROM `think_name`  [ RunTime:0.0008s ]
SQL: SHOW COLUMNS FROM `think_collection` [ RunTime:0.0047s ]
SQL: SELECT `ID`,`NAME` FROM `think_collection`  [ RunTime:0.0006s ]
SQL: SELECT COUNT(*) AS tp_count FROM `think_collection` LIMIT 1   [ RunTime:0.0004s ]
INFO: [ view_parse ] --START--
INFO: [ template_filter ] --START--
INFO: Run Behavior\ContentReplaceBehavior [ RunTime:0.000224s ]
INFO: [ template_filter ] --END-- [ RunTime:0.000436s ]
INFO: Run Behavior\ParseTemplateBehavior [ RunTime:0.015376s ]
INFO: [ view_parse ] --END-- [ RunTime:0.015555s ]
INFO: [ view_filter ] --START--
INFO: Run Behavior\WriteHtmlCacheBehavior [ RunTime:0.000581s ]
INFO: [ view_filter ] --END-- [ RunTime:0.000783s ]
INFO: [ app_end ] --START--
INFO: Run Behavior\ShowPageTraceBehavior [ RunTime:0.001024s ]
INFO: [ app_end ] --END-- [ RunTime:0.001331s ]

[ 2015-11-17T20:09:55+08:00 ] ::1 /PlanB/index.php/Home/Index/getList?start=0&limit=10&pageIndex=0&name=%E6%B5%8B%E8%AF%95&_=1447762195571
INFO: [ app_init ] --START--
INFO: Run Behavior\BuildLiteBehavior [ RunTime:0.000033s ]
INFO: [ app_init ] --END-- [ RunTime:0.000495s ]
INFO: [ app_begin ] --START--
INFO: Run Behavior\ReadHtmlCacheBehavior [ RunTime:0.000806s ]
INFO: [ app_begin ] --END-- [ RunTime:0.000989s ]
SQL: SHOW COLUMNS FROM `think_pool` [ RunTime:0.0055s ]
SQL: SELECT `NAME`,`COLLECTION`,`DATE`,`INPUT`,`OUTPUT`,`SUMMARY`,`NOTE` FROM `think_pool` WHERE `NAME` = '测试' ORDER BY DATE asc LIMIT 0,10   [ RunTime:0.0006s ]
SQL: SELECT COUNT(*) AS tp_count FROM `think_pool` WHERE `NAME` = '测试' LIMIT 1   [ RunTime:0.0005s ]

[ 2015-11-17T20:10:10+08:00 ] ::1 /PlanB/index.php/Home/Index/getList?start=0&limit=10&pageIndex=0&name=%E6%B5%8B%E8%AF%95&year=2015&month=10&_=1447762210850
INFO: [ app_init ] --START--
INFO: Run Behavior\BuildLiteBehavior [ RunTime:0.000040s ]
INFO: [ app_init ] --END-- [ RunTime:0.000938s ]
INFO: [ app_begin ] --START--
INFO: Run Behavior\ReadHtmlCacheBehavior [ RunTime:0.000814s ]
INFO: [ app_begin ] --END-- [ RunTime:0.001013s ]
SQL: SHOW COLUMNS FROM `think_pool` [ RunTime:0.0045s ]
SQL: SELECT `NAME`,`COLLECTION`,`DATE`,`INPUT`,`OUTPUT`,`SUMMARY`,`NOTE` FROM `think_pool` WHERE `NAME` = '测试' AND `DATE` LIKE '2015-10%' ORDER BY DATE asc LIMIT 0,10   [ RunTime:0.0916s ]
SQL: SELECT COUNT(*) AS tp_count FROM `think_pool` WHERE `NAME` = '测试' AND `DATE` LIKE '2015-10%' LIMIT 1   [ RunTime:0.0010s ]

[ 2015-11-17T20:10:13+08:00 ] ::1 /PlanB/index.php/Home/Index/getList?start=0&limit=10&pageIndex=0&name=%E6%B5%8B%E8%AF%95&year=2015&month=11&_=1447762213031
INFO: [ app_init ] --START--
INFO: Run Behavior\BuildLiteBehavior [ RunTime:0.000031s ]
INFO: [ app_init ] --END-- [ RunTime:0.000553s ]
INFO: [ app_begin ] --START--
INFO: Run Behavior\ReadHtmlCacheBehavior [ RunTime:0.000480s ]
INFO: [ app_begin ] --END-- [ RunTime:0.000595s ]
SQL: SHOW COLUMNS FROM `think_pool` [ RunTime:0.0042s ]
SQL: SELECT `NAME`,`COLLECTION`,`DATE`,`INPUT`,`OUTPUT`,`SUMMARY`,`NOTE` FROM `think_pool` WHERE `NAME` = '测试' AND `DATE` LIKE '2015-11%' ORDER BY DATE asc LIMIT 0,10   [ RunTime:0.0006s ]
SQL: SELECT COUNT(*) AS tp_count FROM `think_pool` WHERE `NAME` = '测试' AND `DATE` LIKE '2015-11%' LIMIT 1   [ RunTime:0.0004s ]

[ 2015-11-17T20:10:16+08:00 ] ::1 /PlanB/index.php/Home/Index/getStorage?start=0&limit=31&pageIndex=0&_=1447762216120
INFO: [ app_init ] --START--
INFO: Run Behavior\BuildLiteBehavior [ RunTime:0.000058s ]
INFO: [ app_init ] --END-- [ RunTime:0.000512s ]
INFO: [ app_begin ] --START--
INFO: Run Behavior\ReadHtmlCacheBehavior [ RunTime:0.000656s ]
INFO: [ app_begin ] --END-- [ RunTime:0.000891s ]
SQL: SHOW COLUMNS FROM `think_name` [ RunTime:0.0043s ]
SQL: SELECT `NAME`,`COLLECTION`,`STORAGE`,`LASTDAY` FROM `think_name` ORDER BY LASTDAY desc LIMIT 0,31   [ RunTime:0.0004s ]
SQL: SELECT COUNT(*) AS tp_count FROM `think_name` LIMIT 1   [ RunTime:0.0002s ]

[ 2015-11-17T20:10:54+08:00 ] ::1 /PlanB/index.php/Home/Index/getDayList?collection=%E5%85%A8%E9%83%A8&date=2015-11-11&start=0&limit=100&pageIndex=0&_=1447762254044
INFO: [ app_init ] --START--
INFO: Run Behavior\BuildLiteBehavior [ RunTime:0.000074s ]
INFO: [ app_init ] --END-- [ RunTime:0.000919s ]
INFO: [ app_begin ] --START--
INFO: Run Behavior\ReadHtmlCacheBehavior [ RunTime:0.000737s ]
INFO: [ app_begin ] --END-- [ RunTime:0.000973s ]
SQL: SHOW COLUMNS FROM `think_pool` [ RunTime:0.0112s ]
SQL: SELECT `NAME`,`COLLECTION`,`DATE`,`INPUT`,`OUTPUT`,`SUMMARY` FROM `think_pool` WHERE `DATE` = '2015-11-11' ORDER BY DATE desc LIMIT 0,100   [ RunTime:0.0006s ]
SQL: SELECT COUNT(*) AS tp_count FROM `think_pool` WHERE `DATE` = '2015-11-11' LIMIT 1   [ RunTime:0.0005s ]

[ 2015-11-17T20:10:55+08:00 ] ::1 /PlanB/index.php/Home/Index/detail/name/%E6%B5%8B%E8%AF%95
INFO: [ app_init ] --START--
INFO: Run Behavior\BuildLiteBehavior [ RunTime:0.000036s ]
INFO: [ app_init ] --END-- [ RunTime:0.000522s ]
INFO: [ app_begin ] --START--
INFO: Run Behavior\ReadHtmlCacheBehavior [ RunTime:0.000551s ]
INFO: [ app_begin ] --END-- [ RunTime:0.000716s ]
SQL: SHOW COLUMNS FROM `think_name` [ RunTime:0.0059s ]
SQL: SELECT `name` FROM `think_name`  [ RunTime:0.0005s ]
SQL: SHOW COLUMNS FROM `think_collection` [ RunTime:0.0047s ]
SQL: SELECT `ID`,`NAME` FROM `think_collection`  [ RunTime:0.0004s ]
SQL: SELECT COUNT(*) AS tp_count FROM `think_collection` LIMIT 1   [ RunTime:0.0003s ]
INFO: [ view_parse ] --START--
INFO: [ template_filter ] --START--
INFO: Run Behavior\ContentReplaceBehavior [ RunTime:0.000159s ]
INFO: [ template_filter ] --END-- [ RunTime:0.000327s ]
INFO: Run Behavior\ParseTemplateBehavior [ RunTime:0.031448s ]
INFO: [ view_parse ] --END-- [ RunTime:0.031640s ]
INFO: [ view_filter ] --START--
INFO: Run Behavior\WriteHtmlCacheBehavior [ RunTime:0.000395s ]
INFO: [ view_filter ] --END-- [ RunTime:0.000533s ]
INFO: [ app_end ] --START--
INFO: Run Behavior\ShowPageTraceBehavior [ RunTime:0.000932s ]
INFO: [ app_end ] --END-- [ RunTime:0.001203s ]

[ 2015-11-17T20:10:55+08:00 ] ::1 /PlanB/index.php/Home/Index/getList?start=0&limit=10&pageIndex=0&name=%E6%B5%8B%E8%AF%95&_=1447762255423
INFO: [ app_init ] --START--
INFO: Run Behavior\BuildLiteBehavior [ RunTime:0.000044s ]
INFO: [ app_init ] --END-- [ RunTime:0.000560s ]
INFO: [ app_begin ] --START--
INFO: Run Behavior\ReadHtmlCacheBehavior [ RunTime:0.000544s ]
INFO: [ app_begin ] --END-- [ RunTime:0.000678s ]
SQL: SHOW COLUMNS FROM `think_pool` [ RunTime:0.0298s ]
SQL: SELECT `NAME`,`COLLECTION`,`DATE`,`INPUT`,`OUTPUT`,`SUMMARY`,`NOTE` FROM `think_pool` WHERE `NAME` = '测试' ORDER BY DATE asc LIMIT 0,10   [ RunTime:0.0007s ]
SQL: SELECT COUNT(*) AS tp_count FROM `think_pool` WHERE `NAME` = '测试' LIMIT 1   [ RunTime:0.0005s ]

[ 2015-11-17T20:10:58+08:00 ] ::1 /PlanB/index.php/Home/Index/getStorage?start=0&limit=31&pageIndex=0&_=1447762258177
INFO: [ app_init ] --START--
INFO: Run Behavior\BuildLiteBehavior [ RunTime:0.000036s ]
INFO: [ app_init ] --END-- [ RunTime:0.000590s ]
INFO: [ app_begin ] --START--
INFO: Run Behavior\ReadHtmlCacheBehavior [ RunTime:0.000524s ]
INFO: [ app_begin ] --END-- [ RunTime:0.000647s ]
SQL: SHOW COLUMNS FROM `think_name` [ RunTime:0.0041s ]
SQL: SELECT `NAME`,`COLLECTION`,`STORAGE`,`LASTDAY` FROM `think_name` ORDER BY LASTDAY desc LIMIT 0,31   [ RunTime:0.0005s ]
SQL: SELECT COUNT(*) AS tp_count FROM `think_name` LIMIT 1   [ RunTime:0.0003s ]

[ 2015-11-17T20:11:03+08:00 ] ::1 /PlanB/index.php/Home/Index/getStorage?start=0&limit=31&pageIndex=0&_=1447762263486
INFO: [ app_init ] --START--
INFO: Run Behavior\BuildLiteBehavior [ RunTime:0.000033s ]
INFO: [ app_init ] --END-- [ RunTime:0.000572s ]
INFO: [ app_begin ] --START--
INFO: Run Behavior\ReadHtmlCacheBehavior [ RunTime:0.001527s ]
INFO: [ app_begin ] --END-- [ RunTime:0.001782s ]
SQL: SHOW COLUMNS FROM `think_name` [ RunTime:0.0051s ]
SQL: SELECT `NAME`,`COLLECTION`,`STORAGE`,`LASTDAY` FROM `think_name` ORDER BY LASTDAY desc LIMIT 0,31   [ RunTime:0.0004s ]
SQL: SELECT COUNT(*) AS tp_count FROM `think_name` LIMIT 1   [ RunTime:0.0003s ]

[ 2015-11-17T20:11:09+08:00 ] ::1 /PlanB/index.php/Home/Index/getDayList?collection=%E5%85%A8%E9%83%A8&date=2015-11-11&start=0&limit=100&pageIndex=0&_=1447762269287
INFO: [ app_init ] --START--
INFO: Run Behavior\BuildLiteBehavior [ RunTime:0.000055s ]
INFO: [ app_init ] --END-- [ RunTime:0.000655s ]
INFO: [ app_begin ] --START--
INFO: Run Behavior\ReadHtmlCacheBehavior [ RunTime:0.001017s ]
INFO: [ app_begin ] --END-- [ RunTime:0.001301s ]
SQL: SHOW COLUMNS FROM `think_pool` [ RunTime:0.0058s ]
SQL: SELECT `NAME`,`COLLECTION`,`DATE`,`INPUT`,`OUTPUT`,`SUMMARY` FROM `think_pool` WHERE `DATE` = '2015-11-11' ORDER BY DATE desc LIMIT 0,100   [ RunTime:0.0007s ]
SQL: SELECT COUNT(*) AS tp_count FROM `think_pool` WHERE `DATE` = '2015-11-11' LIMIT 1   [ RunTime:0.0006s ]

[ 2015-11-17T21:00:14+08:00 ] ::1 /PlanB/index.php/Home/Index/index
INFO: [ app_init ] --START--
INFO: Run Behavior\BuildLiteBehavior [ RunTime:0.000068s ]
INFO: [ app_init ] --END-- [ RunTime:0.001142s ]
INFO: [ app_begin ] --START--
INFO: Run Behavior\ReadHtmlCacheBehavior [ RunTime:0.001069s ]
INFO: [ app_begin ] --END-- [ RunTime:0.001358s ]
SQL: SHOW COLUMNS FROM `think_name` [ RunTime:0.0074s ]
SQL: SELECT `name` FROM `think_name`  [ RunTime:0.0006s ]
SQL: SHOW COLUMNS FROM `think_collection` [ RunTime:0.0056s ]
SQL: SELECT `ID`,`NAME` FROM `think_collection`  [ RunTime:0.0007s ]
SQL: SELECT COUNT(*) AS tp_count FROM `think_collection` LIMIT 1   [ RunTime:0.0006s ]
INFO: [ view_parse ] --START--
INFO: [ template_filter ] --START--
INFO: Run Behavior\ContentReplaceBehavior [ RunTime:0.000286s ]
INFO: [ template_filter ] --END-- [ RunTime:0.000451s ]
INFO: Run Behavior\ParseTemplateBehavior [ RunTime:0.023213s ]
INFO: [ view_parse ] --END-- [ RunTime:0.023601s ]
INFO: [ view_filter ] --START--
INFO: Run Behavior\WriteHtmlCacheBehavior [ RunTime:0.000540s ]
INFO: [ view_filter ] --END-- [ RunTime:0.000759s ]
INFO: [ app_end ] --START--
INFO: Run Behavior\ShowPageTraceBehavior [ RunTime:0.001133s ]
INFO: [ app_end ] --END-- [ RunTime:0.001457s ]

[ 2015-11-17T21:00:15+08:00 ] ::1 /PlanB/index.php/Home/Index/getDayList?collection=%E5%85%A8%E9%83%A8&date=&start=0&limit=100&pageIndex=0&_=1447765215058
INFO: [ app_init ] --START--
INFO: Run Behavior\BuildLiteBehavior [ RunTime:0.000062s ]
INFO: [ app_init ] --END-- [ RunTime:0.000915s ]
INFO: [ app_begin ] --START--
INFO: Run Behavior\ReadHtmlCacheBehavior [ RunTime:0.000927s ]
INFO: [ app_begin ] --END-- [ RunTime:0.001179s ]
SQL: SHOW COLUMNS FROM `think_pool` [ RunTime:0.0251s ]
SQL: SELECT `NAME`,`COLLECTION`,`DATE`,`INPUT`,`OUTPUT`,`SUMMARY` FROM `think_pool` WHERE `DATE` = '2015-11-16' ORDER BY DATE desc LIMIT 0,100   [ RunTime:0.0009s ]
SQL: SELECT COUNT(*) AS tp_count FROM `think_pool` WHERE `DATE` = '2015-11-16' LIMIT 1   [ RunTime:0.0009s ]

[ 2015-11-17T21:01:20+08:00 ] ::1 /PlanB/index.php/Home/Index/getDayList?collection=%E5%85%A8%E9%83%A8&date=2015-11-11&start=0&limit=100&pageIndex=0&_=1447765280811
INFO: [ app_init ] --START--
INFO: Run Behavior\BuildLiteBehavior [ RunTime:0.000060s ]
INFO: [ app_init ] --END-- [ RunTime:0.000987s ]
INFO: [ app_begin ] --START--
INFO: Run Behavior\ReadHtmlCacheBehavior [ RunTime:0.000775s ]
INFO: [ app_begin ] --END-- [ RunTime:0.001005s ]
SQL: SHOW COLUMNS FROM `think_pool` [ RunTime:0.0066s ]
SQL: SELECT `NAME`,`COLLECTION`,`DATE`,`INPUT`,`OUTPUT`,`SUMMARY` FROM `think_pool` WHERE `DATE` = '2015-11-11' ORDER BY DATE desc LIMIT 0,100   [ RunTime:0.0008s ]
SQL: SELECT COUNT(*) AS tp_count FROM `think_pool` WHERE `DATE` = '2015-11-11' LIMIT 1   [ RunTime:0.0008s ]

[ 2015-11-17T21:01:22+08:00 ] ::1 /PlanB/index.php/Home/Index/detail/name/%E6%B5%8B%E8%AF%95
INFO: [ app_init ] --START--
INFO: Run Behavior\BuildLiteBehavior [ RunTime:0.000036s ]
INFO: [ app_init ] --END-- [ RunTime:0.000614s ]
INFO: [ app_begin ] --START--
INFO: Run Behavior\ReadHtmlCacheBehavior [ RunTime:0.000765s ]
INFO: [ app_begin ] --END-- [ RunTime:0.001014s ]
SQL: SHOW COLUMNS FROM `think_name` [ RunTime:0.0059s ]
SQL: SELECT `name` FROM `think_name`  [ RunTime:0.0006s ]
SQL: SHOW COLUMNS FROM `think_collection` [ RunTime:0.0064s ]
SQL: SELECT `ID`,`NAME` FROM `think_collection`  [ RunTime:0.0006s ]
SQL: SELECT COUNT(*) AS tp_count FROM `think_collection` LIMIT 1   [ RunTime:0.0005s ]
INFO: [ view_parse ] --START--
INFO: [ template_filter ] --START--
INFO: Run Behavior\ContentReplaceBehavior [ RunTime:0.000265s ]
INFO: [ template_filter ] --END-- [ RunTime:0.000561s ]
INFO: Run Behavior\ParseTemplateBehavior [ RunTime:0.014851s ]
INFO: [ view_parse ] --END-- [ RunTime:0.015162s ]
INFO: [ view_filter ] --START--
INFO: Run Behavior\WriteHtmlCacheBehavior [ RunTime:0.000664s ]
INFO: [ view_filter ] --END-- [ RunTime:0.000935s ]
INFO: [ app_end ] --START--
INFO: Run Behavior\ShowPageTraceBehavior [ RunTime:0.001091s ]
INFO: [ app_end ] --END-- [ RunTime:0.001401s ]

[ 2015-11-17T21:01:23+08:00 ] ::1 /PlanB/index.php/Home/Index/getList?start=0&limit=10&pageIndex=0&name=%E6%B5%8B%E8%AF%95&_=1447765283121
INFO: [ app_init ] --START--
INFO: Run Behavior\BuildLiteBehavior [ RunTime:0.000061s ]
INFO: [ app_init ] --END-- [ RunTime:0.001034s ]
INFO: [ app_begin ] --START--
INFO: Run Behavior\ReadHtmlCacheBehavior [ RunTime:0.000902s ]
INFO: [ app_begin ] --END-- [ RunTime:0.001152s ]
SQL: SHOW COLUMNS FROM `think_pool` [ RunTime:0.0066s ]
SQL: SELECT `NAME`,`COLLECTION`,`DATE`,`INPUT`,`OUTPUT`,`SUMMARY`,`NOTE` FROM `think_pool` WHERE `NAME` = '测试' ORDER BY DATE asc LIMIT 0,10   [ RunTime:0.0011s ]
SQL: SELECT COUNT(*) AS tp_count FROM `think_pool` WHERE `NAME` = '测试' LIMIT 1   [ RunTime:0.0007s ]

[ 2015-11-17T21:01:26+08:00 ] ::1 /PlanB/index.php/Home/Index/getDayList?collection=%E5%85%A8%E9%83%A8&date=2015-11-11&start=0&limit=100&pageIndex=0&_=1447765286054
INFO: [ app_init ] --START--
INFO: Run Behavior\BuildLiteBehavior [ RunTime:0.000065s ]
INFO: [ app_init ] --END-- [ RunTime:0.000876s ]
INFO: [ app_begin ] --START--
INFO: Run Behavior\ReadHtmlCacheBehavior [ RunTime:0.000886s ]
INFO: [ app_begin ] --END-- [ RunTime:0.001141s ]
SQL: SHOW COLUMNS FROM `think_pool` [ RunTime:0.0063s ]
SQL: SELECT `NAME`,`COLLECTION`,`DATE`,`INPUT`,`OUTPUT`,`SUMMARY` FROM `think_pool` WHERE `DATE` = '2015-11-11' ORDER BY DATE desc LIMIT 0,100   [ RunTime:0.0008s ]
SQL: SELECT COUNT(*) AS tp_count FROM `think_pool` WHERE `DATE` = '2015-11-11' LIMIT 1   [ RunTime:0.0008s ]

[ 2015-11-17T21:02:10+08:00 ] ::1 /PlanB/index.php/Home/Index/index
INFO: [ app_init ] --START--
INFO: Run Behavior\BuildLiteBehavior [ RunTime:0.000070s ]
INFO: [ app_init ] --END-- [ RunTime:0.000968s ]
INFO: [ app_begin ] --START--
INFO: Run Behavior\ReadHtmlCacheBehavior [ RunTime:0.000879s ]
INFO: [ app_begin ] --END-- [ RunTime:0.001195s ]
SQL: SHOW COLUMNS FROM `think_name` [ RunTime:0.0058s ]
SQL: SELECT `name` FROM `think_name`  [ RunTime:0.0005s ]
SQL: SHOW COLUMNS FROM `think_collection` [ RunTime:0.0053s ]
SQL: SELECT `ID`,`NAME` FROM `think_collection`  [ RunTime:0.0007s ]
SQL: SELECT COUNT(*) AS tp_count FROM `think_collection` LIMIT 1   [ RunTime:0.0006s ]
INFO: [ view_parse ] --START--
INFO: [ template_filter ] --START--
INFO: Run Behavior\ContentReplaceBehavior [ RunTime:0.000338s ]
INFO: [ template_filter ] --END-- [ RunTime:0.000659s ]
INFO: Run Behavior\ParseTemplateBehavior [ RunTime:0.019019s ]
INFO: [ view_parse ] --END-- [ RunTime:0.019253s ]
INFO: [ view_filter ] --START--
INFO: Run Behavior\WriteHtmlCacheBehavior [ RunTime:0.000398s ]
INFO: [ view_filter ] --END-- [ RunTime:0.000549s ]
INFO: [ app_end ] --START--
INFO: Run Behavior\ShowPageTraceBehavior [ RunTime:0.000948s ]
INFO: [ app_end ] --END-- [ RunTime:0.001269s ]

[ 2015-11-17T21:02:11+08:00 ] ::1 /PlanB/index.php/Home/Index/getDayList?collection=%E5%85%A8%E9%83%A8&date=&start=0&limit=100&pageIndex=0&_=1447765331249
INFO: [ app_init ] --START--
INFO: Run Behavior\BuildLiteBehavior [ RunTime:0.000064s ]
INFO: [ app_init ] --END-- [ RunTime:0.001019s ]
INFO: [ app_begin ] --START--
INFO: Run Behavior\ReadHtmlCacheBehavior [ RunTime:0.000802s ]
INFO: [ app_begin ] --END-- [ RunTime:0.001018s ]
SQL: SHOW COLUMNS FROM `think_pool` [ RunTime:0.0074s ]
SQL: SELECT `NAME`,`COLLECTION`,`DATE`,`INPUT`,`OUTPUT`,`SUMMARY` FROM `think_pool` WHERE `DATE` = '2015-11-16' ORDER BY DATE desc LIMIT 0,100   [ RunTime:0.0008s ]
SQL: SELECT COUNT(*) AS tp_count FROM `think_pool` WHERE `DATE` = '2015-11-16' LIMIT 1   [ RunTime:0.0007s ]

[ 2015-11-17T21:02:16+08:00 ] ::1 /PlanB/index.php/Home/Index/getDayList?collection=%E5%85%A8%E9%83%A8&date=2015-11-12&start=0&limit=100&pageIndex=0&_=1447765335980
INFO: [ app_init ] --START--
INFO: Run Behavior\BuildLiteBehavior [ RunTime:0.000060s ]
INFO: [ app_init ] --END-- [ RunTime:0.000897s ]
INFO: [ app_begin ] --START--
INFO: Run Behavior\ReadHtmlCacheBehavior [ RunTime:0.000868s ]
INFO: [ app_begin ] --END-- [ RunTime:0.001101s ]
SQL: SHOW COLUMNS FROM `think_pool` [ RunTime:0.0060s ]
SQL: SELECT `NAME`,`COLLECTION`,`DATE`,`INPUT`,`OUTPUT`,`SUMMARY` FROM `think_pool` WHERE `DATE` = '2015-11-12' ORDER BY DATE desc LIMIT 0,100   [ RunTime:0.0008s ]
SQL: SELECT COUNT(*) AS tp_count FROM `think_pool` WHERE `DATE` = '2015-11-12' LIMIT 1   [ RunTime:0.0007s ]

[ 2015-11-17T21:02:19+08:00 ] ::1 /PlanB/index.php/Home/Index/getDayList?collection=%E5%85%A8%E9%83%A8&date=2015-11-11&start=0&limit=100&pageIndex=0&_=1447765338503
INFO: [ app_init ] --START--
INFO: Run Behavior\BuildLiteBehavior [ RunTime:0.000035s ]
INFO: [ app_init ] --END-- [ RunTime:0.000583s ]
INFO: [ app_begin ] --START--
INFO: Run Behavior\ReadHtmlCacheBehavior [ RunTime:0.000588s ]
INFO: [ app_begin ] --END-- [ RunTime:0.000765s ]
SQL: SHOW COLUMNS FROM `think_pool` [ RunTime:0.0059s ]
SQL: SELECT `NAME`,`COLLECTION`,`DATE`,`INPUT`,`OUTPUT`,`SUMMARY` FROM `think_pool` WHERE `DATE` = '2015-11-11' ORDER BY DATE desc LIMIT 0,100   [ RunTime:0.0007s ]
SQL: SELECT COUNT(*) AS tp_count FROM `think_pool` WHERE `DATE` = '2015-11-11' LIMIT 1   [ RunTime:0.0006s ]

[ 2015-11-17T21:02:22+08:00 ] ::1 /PlanB/index.php/Home/Index/detail/name/%E6%B5%8B%E8%AF%95
INFO: [ app_init ] --START--
INFO: Run Behavior\BuildLiteBehavior [ RunTime:0.000047s ]
INFO: [ app_init ] --END-- [ RunTime:0.000571s ]
INFO: [ app_begin ] --START--
INFO: Run Behavior\ReadHtmlCacheBehavior [ RunTime:0.000785s ]
INFO: [ app_begin ] --END-- [ RunTime:0.001028s ]
SQL: SHOW COLUMNS FROM `think_name` [ RunTime:0.0058s ]
SQL: SELECT `name` FROM `think_name`  [ RunTime:0.0006s ]
SQL: SHOW COLUMNS FROM `think_collection` [ RunTime:0.0054s ]
SQL: SELECT `ID`,`NAME` FROM `think_collection`  [ RunTime:0.0006s ]
SQL: SELECT COUNT(*) AS tp_count FROM `think_collection` LIMIT 1   [ RunTime:0.0005s ]
INFO: [ view_parse ] --START--
INFO: [ template_filter ] --START--
INFO: Run Behavior\ContentReplaceBehavior [ RunTime:0.000189s ]
INFO: [ template_filter ] --END-- [ RunTime:0.000383s ]
INFO: Run Behavior\ParseTemplateBehavior [ RunTime:0.017345s ]
INFO: [ view_parse ] --END-- [ RunTime:0.017631s ]
INFO: [ view_filter ] --START--
INFO: Run Behavior\WriteHtmlCacheBehavior [ RunTime:0.000541s ]
INFO: [ view_filter ] --END-- [ RunTime:0.000802s ]
INFO: [ app_end ] --START--
INFO: Run Behavior\ShowPageTraceBehavior [ RunTime:0.000901s ]
INFO: [ app_end ] --END-- [ RunTime:0.001220s ]

[ 2015-11-17T21:02:23+08:00 ] ::1 /PlanB/index.php/Home/Index/getList?start=0&limit=10&pageIndex=0&name=%E6%B5%8B%E8%AF%95&_=1447765342680
INFO: [ app_init ] --START--
INFO: Run Behavior\BuildLiteBehavior [ RunTime:0.000058s ]
INFO: [ app_init ] --END-- [ RunTime:0.000864s ]
INFO: [ app_begin ] --START--
INFO: Run Behavior\ReadHtmlCacheBehavior [ RunTime:0.001106s ]
INFO: [ app_begin ] --END-- [ RunTime:0.001361s ]
SQL: SHOW COLUMNS FROM `think_pool` [ RunTime:0.0065s ]
SQL: SELECT `NAME`,`COLLECTION`,`DATE`,`INPUT`,`OUTPUT`,`SUMMARY`,`NOTE` FROM `think_pool` WHERE `NAME` = '测试' ORDER BY DATE asc LIMIT 0,10   [ RunTime:0.0010s ]
SQL: SELECT COUNT(*) AS tp_count FROM `think_pool` WHERE `NAME` = '测试' LIMIT 1   [ RunTime:0.0008s ]

[ 2015-11-17T21:02:25+08:00 ] ::1 /PlanB/index.php/Home/Index/getDayList?collection=%E5%85%A8%E9%83%A8&date=2015-11-11&start=0&limit=100&pageIndex=0&_=1447765345930
INFO: [ app_init ] --START--
INFO: Run Behavior\BuildLiteBehavior [ RunTime:0.000064s ]
INFO: [ app_init ] --END-- [ RunTime:0.000877s ]
INFO: [ app_begin ] --START--
INFO: Run Behavior\ReadHtmlCacheBehavior [ RunTime:0.000847s ]
INFO: [ app_begin ] --END-- [ RunTime:0.001090s ]
SQL: SHOW COLUMNS FROM `think_pool` [ RunTime:0.0060s ]
SQL: SELECT `NAME`,`COLLECTION`,`DATE`,`INPUT`,`OUTPUT`,`SUMMARY` FROM `think_pool` WHERE `DATE` = '2015-11-11' ORDER BY DATE desc LIMIT 0,100   [ RunTime:0.0007s ]
SQL: SELECT COUNT(*) AS tp_count FROM `think_pool` WHERE `DATE` = '2015-11-11' LIMIT 1   [ RunTime:0.0007s ]

[ 2015-11-17T21:02:28+08:00 ] ::1 /PlanB/index.php/Home/Index/getDayList?collection=%E5%85%A8%E9%83%A8&date=2015-11-12&start=0&limit=100&pageIndex=0&_=1447765348640
INFO: [ app_init ] --START--
INFO: Run Behavior\BuildLiteBehavior [ RunTime:0.000062s ]
INFO: [ app_init ] --END-- [ RunTime:0.000865s ]
INFO: [ app_begin ] --START--
INFO: Run Behavior\ReadHtmlCacheBehavior [ RunTime:0.000951s ]
INFO: [ app_begin ] --END-- [ RunTime:0.001221s ]
SQL: SHOW COLUMNS FROM `think_pool` [ RunTime:0.0078s ]
SQL: SELECT `NAME`,`COLLECTION`,`DATE`,`INPUT`,`OUTPUT`,`SUMMARY` FROM `think_pool` WHERE `DATE` = '2015-11-12' ORDER BY DATE desc LIMIT 0,100   [ RunTime:0.0008s ]
SQL: SELECT COUNT(*) AS tp_count FROM `think_pool` WHERE `DATE` = '2015-11-12' LIMIT 1   [ RunTime:0.0006s ]

[ 2015-11-17T21:02:54+08:00 ] ::1 /PlanB/index.php/Home/Index/index
INFO: [ app_init ] --START--
INFO: Run Behavior\BuildLiteBehavior [ RunTime:0.000035s ]
INFO: [ app_init ] --END-- [ RunTime:0.000568s ]
INFO: [ app_begin ] --START--
INFO: Run Behavior\ReadHtmlCacheBehavior [ RunTime:0.000619s ]
INFO: [ app_begin ] --END-- [ RunTime:0.000785s ]
SQL: SHOW COLUMNS FROM `think_name` [ RunTime:0.0238s ]
SQL: SELECT `name` FROM `think_name`  [ RunTime:0.0005s ]
SQL: SHOW COLUMNS FROM `think_collection` [ RunTime:0.0054s ]
SQL: SELECT `ID`,`NAME` FROM `think_collection`  [ RunTime:0.0006s ]
SQL: SELECT COUNT(*) AS tp_count FROM `think_collection` LIMIT 1   [ RunTime:0.0005s ]
INFO: [ view_parse ] --START--
INFO: [ template_filter ] --START--
INFO: Run Behavior\ContentReplaceBehavior [ RunTime:0.000359s ]
INFO: [ template_filter ] --END-- [ RunTime:0.000656s ]
INFO: Run Behavior\ParseTemplateBehavior [ RunTime:0.018579s ]
INFO: [ view_parse ] --END-- [ RunTime:0.018853s ]
INFO: [ view_filter ] --START--
INFO: Run Behavior\WriteHtmlCacheBehavior [ RunTime:0.000418s ]
INFO: [ view_filter ] --END-- [ RunTime:0.000649s ]
INFO: [ app_end ] --START--
INFO: Run Behavior\ShowPageTraceBehavior [ RunTime:0.000892s ]
INFO: [ app_end ] --END-- [ RunTime:0.001183s ]

[ 2015-11-17T21:02:55+08:00 ] ::1 /PlanB/index.php/Home/Index/getDayList?collection=%E5%85%A8%E9%83%A8&date=&start=0&limit=100&pageIndex=0&_=1447765375063
INFO: [ app_init ] --START--
INFO: Run Behavior\BuildLiteBehavior [ RunTime:0.000035s ]
INFO: [ app_init ] --END-- [ RunTime:0.000680s ]
INFO: [ app_begin ] --START--
INFO: Run Behavior\ReadHtmlCacheBehavior [ RunTime:0.000896s ]
INFO: [ app_begin ] --END-- [ RunTime:0.001133s ]
SQL: SHOW COLUMNS FROM `think_pool` [ RunTime:0.0064s ]
SQL: SELECT `NAME`,`COLLECTION`,`DATE`,`INPUT`,`OUTPUT`,`SUMMARY` FROM `think_pool` WHERE `DATE` = '2015-11-16' ORDER BY DATE desc LIMIT 0,100   [ RunTime:0.0006s ]
SQL: SELECT COUNT(*) AS tp_count FROM `think_pool` WHERE `DATE` = '2015-11-16' LIMIT 1   [ RunTime:0.0006s ]

[ 2015-11-17T21:02:59+08:00 ] ::1 /PlanB/index.php/Home/Index/getDayList?collection=%E5%85%A8%E9%83%A8&date=2015-11-11&start=0&limit=100&pageIndex=0&_=1447765379172
INFO: [ app_init ] --START--
INFO: Run Behavior\BuildLiteBehavior [ RunTime:0.000051s ]
INFO: [ app_init ] --END-- [ RunTime:0.000739s ]
INFO: [ app_begin ] --START--
INFO: Run Behavior\ReadHtmlCacheBehavior [ RunTime:0.000928s ]
INFO: [ app_begin ] --END-- [ RunTime:0.001190s ]
SQL: SHOW COLUMNS FROM `think_pool` [ RunTime:0.0069s ]
SQL: SELECT `NAME`,`COLLECTION`,`DATE`,`INPUT`,`OUTPUT`,`SUMMARY` FROM `think_pool` WHERE `DATE` = '2015-11-11' ORDER BY DATE desc LIMIT 0,100   [ RunTime:0.0008s ]
SQL: SELECT COUNT(*) AS tp_count FROM `think_pool` WHERE `DATE` = '2015-11-11' LIMIT 1   [ RunTime:0.0007s ]

[ 2015-11-17T21:03:01+08:00 ] ::1 /PlanB/index.php/Home/Index/getDayList?collection=%E5%85%A8%E9%83%A8&date=2015-11-12&start=0&limit=100&pageIndex=0&_=1447765381314
INFO: [ app_init ] --START--
INFO: Run Behavior\BuildLiteBehavior [ RunTime:0.000036s ]
INFO: [ app_init ] --END-- [ RunTime:0.000725s ]
INFO: [ app_begin ] --START--
INFO: Run Behavior\ReadHtmlCacheBehavior [ RunTime:0.000855s ]
INFO: [ app_begin ] --END-- [ RunTime:0.001100s ]
SQL: SHOW COLUMNS FROM `think_pool` [ RunTime:0.0061s ]
SQL: SELECT `NAME`,`COLLECTION`,`DATE`,`INPUT`,`OUTPUT`,`SUMMARY` FROM `think_pool` WHERE `DATE` = '2015-11-12' ORDER BY DATE desc LIMIT 0,100   [ RunTime:0.0006s ]
SQL: SELECT COUNT(*) AS tp_count FROM `think_pool` WHERE `DATE` = '2015-11-12' LIMIT 1   [ RunTime:0.0007s ]

[ 2015-11-17T21:06:11+08:00 ] ::1 /PlanB/index.php/Home/Index/index
INFO: [ app_init ] --START--
INFO: Run Behavior\BuildLiteBehavior [ RunTime:0.000056s ]
INFO: [ app_init ] --END-- [ RunTime:0.001001s ]
INFO: [ app_begin ] --START--
INFO: Run Behavior\ReadHtmlCacheBehavior [ RunTime:0.001139s ]
INFO: [ app_begin ] --END-- [ RunTime:0.001468s ]
SQL: SHOW COLUMNS FROM `think_name` [ RunTime:0.0058s ]
SQL: SELECT `name` FROM `think_name`  [ RunTime:0.0005s ]
SQL: SHOW COLUMNS FROM `think_collection` [ RunTime:0.0060s ]
SQL: SELECT `ID`,`NAME` FROM `think_collection`  [ RunTime:0.0006s ]
SQL: SELECT COUNT(*) AS tp_count FROM `think_collection` LIMIT 1   [ RunTime:0.0005s ]
INFO: [ view_parse ] --START--
INFO: [ template_filter ] --START--
INFO: Run Behavior\ContentReplaceBehavior [ RunTime:0.000259s ]
INFO: [ template_filter ] --END-- [ RunTime:0.000489s ]
INFO: Run Behavior\ParseTemplateBehavior [ RunTime:0.018782s ]
INFO: [ view_parse ] --END-- [ RunTime:0.018958s ]
INFO: [ view_filter ] --START--
INFO: Run Behavior\WriteHtmlCacheBehavior [ RunTime:0.000513s ]
INFO: [ view_filter ] --END-- [ RunTime:0.000658s ]
INFO: [ app_end ] --START--
INFO: Run Behavior\ShowPageTraceBehavior [ RunTime:0.001089s ]
INFO: [ app_end ] --END-- [ RunTime:0.001390s ]

[ 2015-11-17T21:06:12+08:00 ] ::1 /PlanB/index.php/Home/Index/getDayList?collection=%E5%85%A8%E9%83%A8&date=&start=0&limit=100&pageIndex=0&_=1447765571991
INFO: [ app_init ] --START--
INFO: Run Behavior\BuildLiteBehavior [ RunTime:0.000061s ]
INFO: [ app_init ] --END-- [ RunTime:0.000961s ]
INFO: [ app_begin ] --START--
INFO: Run Behavior\ReadHtmlCacheBehavior [ RunTime:0.000892s ]
INFO: [ app_begin ] --END-- [ RunTime:0.001152s ]
SQL: SHOW COLUMNS FROM `think_pool` [ RunTime:0.0783s ]
SQL: SELECT `NAME`,`COLLECTION`,`DATE`,`INPUT`,`OUTPUT`,`SUMMARY` FROM `think_pool` WHERE `DATE` = '2015-11-16' ORDER BY DATE desc LIMIT 0,100   [ RunTime:0.0008s ]
SQL: SELECT COUNT(*) AS tp_count FROM `think_pool` WHERE `DATE` = '2015-11-16' LIMIT 1   [ RunTime:0.0007s ]

[ 2015-11-17T21:06:19+08:00 ] ::1 /PlanB/index.php/Home/Index/index
INFO: [ app_init ] --START--
INFO: Run Behavior\BuildLiteBehavior [ RunTime:0.000059s ]
INFO: [ app_init ] --END-- [ RunTime:0.000860s ]
INFO: [ app_begin ] --START--
INFO: Run Behavior\ReadHtmlCacheBehavior [ RunTime:0.001102s ]
INFO: [ app_begin ] --END-- [ RunTime:0.001527s ]

[ 2015-11-17T21:06:20+08:00 ] ::1 /PlanB/index.php/Home/Index/login.html
INFO: [ app_init ] --START--
INFO: Run Behavior\BuildLiteBehavior [ RunTime:0.000063s ]
INFO: [ app_init ] --END-- [ RunTime:0.000896s ]
INFO: [ app_begin ] --START--
INFO: Run Behavior\ReadHtmlCacheBehavior [ RunTime:0.000754s ]
INFO: [ app_begin ] --END-- [ RunTime:0.001007s ]
INFO: [ view_parse ] --START--
INFO: [ template_filter ] --START--
INFO: Run Behavior\ContentReplaceBehavior [ RunTime:0.000166s ]
INFO: [ template_filter ] --END-- [ RunTime:0.000409s ]
INFO: Run Behavior\ParseTemplateBehavior [ RunTime:0.010680s ]
INFO: [ view_parse ] --END-- [ RunTime:0.010971s ]
INFO: [ view_filter ] --START--
INFO: Run Behavior\WriteHtmlCacheBehavior [ RunTime:0.000470s ]
INFO: [ view_filter ] --END-- [ RunTime:0.000668s ]
INFO: [ app_end ] --START--
INFO: Run Behavior\ShowPageTraceBehavior [ RunTime:0.000755s ]
INFO: [ app_end ] --END-- [ RunTime:0.000915s ]

[ 2015-11-17T21:06:30+08:00 ] ::1 /PlanB/index.php/Home/Index/loginin
INFO: [ app_init ] --START--
INFO: Run Behavior\BuildLiteBehavior [ RunTime:0.000065s ]
INFO: [ app_init ] --END-- [ RunTime:0.001714s ]
INFO: [ app_begin ] --START--
INFO: Run Behavior\ReadHtmlCacheBehavior [ RunTime:0.000773s ]
INFO: [ app_begin ] --END-- [ RunTime:0.001019s ]
SQL: SHOW COLUMNS FROM `think_user` [ RunTime:0.1239s ]
SQL: SELECT `PASSWORD` FROM `think_user` WHERE `USERNAME` = '384399002' LIMIT 1   [ RunTime:0.0009s ]

[ 2015-11-17T21:06:30+08:00 ] ::1 /PlanB/index.php/Home/Index/index
INFO: [ app_init ] --START--
INFO: Run Behavior\BuildLiteBehavior [ RunTime:0.000061s ]
INFO: [ app_init ] --END-- [ RunTime:0.000840s ]
INFO: [ app_begin ] --START--
INFO: Run Behavior\ReadHtmlCacheBehavior [ RunTime:0.000844s ]
INFO: [ app_begin ] --END-- [ RunTime:0.001131s ]
SQL: SHOW COLUMNS FROM `think_name` [ RunTime:0.0734s ]
SQL: SELECT `name` FROM `think_name`  [ RunTime:0.0006s ]
SQL: SHOW COLUMNS FROM `think_collection` [ RunTime:0.0053s ]
SQL: SELECT `ID`,`NAME` FROM `think_collection`  [ RunTime:0.0007s ]
SQL: SELECT COUNT(*) AS tp_count FROM `think_collection` LIMIT 1   [ RunTime:0.0005s ]
INFO: [ view_parse ] --START--
INFO: [ template_filter ] --START--
INFO: Run Behavior\ContentReplaceBehavior [ RunTime:0.000327s ]
INFO: [ template_filter ] --END-- [ RunTime:0.000634s ]
INFO: Run Behavior\ParseTemplateBehavior [ RunTime:0.020809s ]
INFO: [ view_parse ] --END-- [ RunTime:0.021133s ]
INFO: [ view_filter ] --START--
INFO: Run Behavior\WriteHtmlCacheBehavior [ RunTime:0.000516s ]
INFO: [ view_filter ] --END-- [ RunTime:0.000786s ]
INFO: [ app_end ] --START--
INFO: Run Behavior\ShowPageTraceBehavior [ RunTime:0.000880s ]
INFO: [ app_end ] --END-- [ RunTime:0.001200s ]

[ 2015-11-17T21:06:31+08:00 ] ::1 /PlanB/index.php/Home/Index/getDayList?collection=%E5%85%A8%E9%83%A8&date=&start=0&limit=100&pageIndex=0&_=1447765591272
INFO: [ app_init ] --START--
INFO: Run Behavior\BuildLiteBehavior [ RunTime:0.000065s ]
INFO: [ app_init ] --END-- [ RunTime:0.000925s ]
INFO: [ app_begin ] --START--
INFO: Run Behavior\ReadHtmlCacheBehavior [ RunTime:0.001023s ]
INFO: [ app_begin ] --END-- [ RunTime:0.001293s ]
SQL: SHOW COLUMNS FROM `think_pool` [ RunTime:0.0060s ]
SQL: SELECT `NAME`,`COLLECTION`,`DATE`,`INPUT`,`OUTPUT`,`SUMMARY` FROM `think_pool` WHERE `DATE` = '2015-11-16' ORDER BY DATE desc LIMIT 0,100   [ RunTime:0.0008s ]
SQL: SELECT COUNT(*) AS tp_count FROM `think_pool` WHERE `DATE` = '2015-11-16' LIMIT 1   [ RunTime:0.0007s ]

[ 2015-11-17T21:07:32+08:00 ] ::1 /PlanB/index.php/Home/Index/index
INFO: [ app_init ] --START--
INFO: Run Behavior\BuildLiteBehavior [ RunTime:0.000061s ]
INFO: [ app_init ] --END-- [ RunTime:0.000832s ]
INFO: [ app_begin ] --START--
INFO: Run Behavior\ReadHtmlCacheBehavior [ RunTime:0.000810s ]
INFO: [ app_begin ] --END-- [ RunTime:0.001109s ]
SQL: SHOW COLUMNS FROM `think_name` [ RunTime:0.0060s ]
SQL: SELECT `name` FROM `think_name`  [ RunTime:0.0006s ]
SQL: SHOW COLUMNS FROM `think_collection` [ RunTime:0.0079s ]
SQL: SELECT `ID`,`NAME` FROM `think_collection`  [ RunTime:0.0007s ]
SQL: SELECT COUNT(*) AS tp_count FROM `think_collection` LIMIT 1   [ RunTime:0.0005s ]
INFO: [ view_parse ] --START--
INFO: [ template_filter ] --START--
INFO: Run Behavior\ContentReplaceBehavior [ RunTime:0.000319s ]
INFO: [ template_filter ] --END-- [ RunTime:0.000603s ]
INFO: Run Behavior\ParseTemplateBehavior [ RunTime:0.019553s ]
INFO: [ view_parse ] --END-- [ RunTime:0.019821s ]
INFO: [ view_filter ] --START--
INFO: Run Behavior\WriteHtmlCacheBehavior [ RunTime:0.000456s ]
INFO: [ view_filter ] --END-- [ RunTime:0.000652s ]
INFO: [ app_end ] --START--
INFO: Run Behavior\ShowPageTraceBehavior [ RunTime:0.000991s ]
INFO: [ app_end ] --END-- [ RunTime:0.001300s ]

[ 2015-11-17T21:07:57+08:00 ] ::1 /PlanB/index.php/Home/Index/index
INFO: [ app_init ] --START--
INFO: Run Behavior\BuildLiteBehavior [ RunTime:0.000060s ]
INFO: [ app_init ] --END-- [ RunTime:0.000928s ]
INFO: [ app_begin ] --START--
INFO: Run Behavior\ReadHtmlCacheBehavior [ RunTime:0.000752s ]
INFO: [ app_begin ] --END-- [ RunTime:0.001033s ]
SQL: SHOW COLUMNS FROM `think_name` [ RunTime:0.0060s ]
SQL: SELECT `name` FROM `think_name`  [ RunTime:0.0005s ]
SQL: SHOW COLUMNS FROM `think_collection` [ RunTime:0.0050s ]
SQL: SELECT `ID`,`NAME` FROM `think_collection`  [ RunTime:0.0005s ]
SQL: SELECT COUNT(*) AS tp_count FROM `think_collection` LIMIT 1   [ RunTime:0.0004s ]
INFO: [ view_parse ] --START--
INFO: [ template_filter ] --START--
INFO: Run Behavior\ContentReplaceBehavior [ RunTime:0.000313s ]
INFO: [ template_filter ] --END-- [ RunTime:0.000610s ]
INFO: Run Behavior\ParseTemplateBehavior [ RunTime:0.018411s ]
INFO: [ view_parse ] --END-- [ RunTime:0.018736s ]
INFO: [ view_filter ] --START--
INFO: Run Behavior\WriteHtmlCacheBehavior [ RunTime:0.000571s ]
INFO: [ view_filter ] --END-- [ RunTime:0.000862s ]
INFO: [ app_end ] --START--
INFO: Run Behavior\ShowPageTraceBehavior [ RunTime:0.000878s ]
INFO: [ app_end ] --END-- [ RunTime:0.001158s ]

[ 2015-11-17T21:10:33+08:00 ] ::1 /PlanB/index.php/Home/Index/index
INFO: [ app_init ] --START--
INFO: Run Behavior\BuildLiteBehavior [ RunTime:0.000061s ]
INFO: [ app_init ] --END-- [ RunTime:0.000980s ]
INFO: [ app_begin ] --START--
INFO: Run Behavior\ReadHtmlCacheBehavior [ RunTime:0.000894s ]
INFO: [ app_begin ] --END-- [ RunTime:0.001139s ]
SQL: SHOW COLUMNS FROM `think_name` [ RunTime:0.0061s ]
SQL: SELECT `name` FROM `think_name`  [ RunTime:0.0005s ]
SQL: SHOW COLUMNS FROM `think_collection` [ RunTime:0.0059s ]
SQL: SELECT `ID`,`NAME` FROM `think_collection`  [ RunTime:0.0007s ]
SQL: SELECT COUNT(*) AS tp_count FROM `think_collection` LIMIT 1   [ RunTime:0.0004s ]
INFO: [ view_parse ] --START--
INFO: [ template_filter ] --START--
INFO: Run Behavior\ContentReplaceBehavior [ RunTime:0.000330s ]
INFO: [ template_filter ] --END-- [ RunTime:0.000625s ]
INFO: Run Behavior\ParseTemplateBehavior [ RunTime:0.017776s ]
INFO: [ view_parse ] --END-- [ RunTime:0.018084s ]
INFO: [ view_filter ] --START--
INFO: Run Behavior\WriteHtmlCacheBehavior [ RunTime:0.000720s ]
INFO: [ view_filter ] --END-- [ RunTime:0.000990s ]
INFO: [ app_end ] --START--
INFO: Run Behavior\ShowPageTraceBehavior [ RunTime:0.001031s ]
INFO: [ app_end ] --END-- [ RunTime:0.001324s ]

[ 2015-11-17T21:10:34+08:00 ] ::1 /PlanB/index.php/Home/Index/getDayList?collection=%E5%85%A8%E9%83%A8&date=2015-11-12&start=0&limit=100&pageIndex=0&_=1447765834605
INFO: [ app_init ] --START--
INFO: Run Behavior\BuildLiteBehavior [ RunTime:0.000064s ]
INFO: [ app_init ] --END-- [ RunTime:0.000913s ]
INFO: [ app_begin ] --START--
INFO: Run Behavior\ReadHtmlCacheBehavior [ RunTime:0.000644s ]
INFO: [ app_begin ] --END-- [ RunTime:0.000837s ]
SQL: SHOW COLUMNS FROM `think_pool` [ RunTime:0.0061s ]
SQL: SELECT `NAME`,`COLLECTION`,`DATE`,`INPUT`,`OUTPUT`,`SUMMARY` FROM `think_pool` WHERE `DATE` = '2015-11-12' ORDER BY DATE desc LIMIT 0,100   [ RunTime:0.0008s ]
SQL: SELECT COUNT(*) AS tp_count FROM `think_pool` WHERE `DATE` = '2015-11-12' LIMIT 1   [ RunTime:0.0007s ]

[ 2015-11-17T21:10:59+08:00 ] ::1 /PlanB/index.php/Home/Index/getDayList?collection=%E5%85%A8%E9%83%A8&date=2015-11-13&start=0&limit=100&pageIndex=0&_=1447765859400
INFO: [ app_init ] --START--
INFO: Run Behavior\BuildLiteBehavior [ RunTime:0.000065s ]
INFO: [ app_init ] --END-- [ RunTime:0.001017s ]
INFO: [ app_begin ] --START--
INFO: Run Behavior\ReadHtmlCacheBehavior [ RunTime:0.001051s ]
INFO: [ app_begin ] --END-- [ RunTime:0.001346s ]
SQL: SHOW COLUMNS FROM `think_pool` [ RunTime:0.0064s ]
SQL: SELECT `NAME`,`COLLECTION`,`DATE`,`INPUT`,`OUTPUT`,`SUMMARY` FROM `think_pool` WHERE `DATE` = '2015-11-13' ORDER BY DATE desc LIMIT 0,100   [ RunTime:0.0007s ]
SQL: SELECT COUNT(*) AS tp_count FROM `think_pool` WHERE `DATE` = '2015-11-13' LIMIT 1   [ RunTime:0.0007s ]

[ 2015-11-17T21:11:01+08:00 ] ::1 /PlanB/index.php/Home/Index/getDayList?collection=%E5%85%A8%E9%83%A8&date=2015-11-11&start=0&limit=100&pageIndex=0&_=1447765861331
INFO: [ app_init ] --START--
INFO: Run Behavior\BuildLiteBehavior [ RunTime:0.000057s ]
INFO: [ app_init ] --END-- [ RunTime:0.000855s ]
INFO: [ app_begin ] --START--
INFO: Run Behavior\ReadHtmlCacheBehavior [ RunTime:0.000890s ]
INFO: [ app_begin ] --END-- [ RunTime:0.001136s ]
SQL: SHOW COLUMNS FROM `think_pool` [ RunTime:0.0236s ]
SQL: SELECT `NAME`,`COLLECTION`,`DATE`,`INPUT`,`OUTPUT`,`SUMMARY` FROM `think_pool` WHERE `DATE` = '2015-11-11' ORDER BY DATE desc LIMIT 0,100   [ RunTime:0.0007s ]
SQL: SELECT COUNT(*) AS tp_count FROM `think_pool` WHERE `DATE` = '2015-11-11' LIMIT 1   [ RunTime:0.0006s ]

[ 2015-11-17T21:11:02+08:00 ] ::1 /PlanB/index.php/Home/Index/detail/name/%E6%B5%8B%E8%AF%95
INFO: [ app_init ] --START--
INFO: Run Behavior\BuildLiteBehavior [ RunTime:0.000041s ]
INFO: [ app_init ] --END-- [ RunTime:0.000755s ]
INFO: [ app_begin ] --START--
INFO: Run Behavior\ReadHtmlCacheBehavior [ RunTime:0.000649s ]
INFO: [ app_begin ] --END-- [ RunTime:0.000896s ]
SQL: SHOW COLUMNS FROM `think_name` [ RunTime:0.0252s ]
SQL: SELECT `name` FROM `think_name`  [ RunTime:0.0009s ]
SQL: SHOW COLUMNS FROM `think_collection` [ RunTime:0.0057s ]
SQL: SELECT `ID`,`NAME` FROM `think_collection`  [ RunTime:0.0006s ]
SQL: SELECT COUNT(*) AS tp_count FROM `think_collection` LIMIT 1   [ RunTime:0.0005s ]
INFO: [ view_parse ] --START--
INFO: [ template_filter ] --START--
INFO: Run Behavior\ContentReplaceBehavior [ RunTime:0.000255s ]
INFO: [ template_filter ] --END-- [ RunTime:0.000459s ]
INFO: Run Behavior\ParseTemplateBehavior [ RunTime:0.014141s ]
INFO: [ view_parse ] --END-- [ RunTime:0.014460s ]
INFO: [ view_filter ] --START--
INFO: Run Behavior\WriteHtmlCacheBehavior [ RunTime:0.000583s ]
INFO: [ view_filter ] --END-- [ RunTime:0.000874s ]
INFO: [ app_end ] --START--
INFO: Run Behavior\ShowPageTraceBehavior [ RunTime:0.000952s ]
INFO: [ app_end ] --END-- [ RunTime:0.001283s ]

[ 2015-11-17T21:11:03+08:00 ] ::1 /PlanB/index.php/Home/Index/getList?start=0&limit=10&pageIndex=0&name=%E6%B5%8B%E8%AF%95&_=1447765863532
INFO: [ app_init ] --START--
INFO: Run Behavior\BuildLiteBehavior [ RunTime:0.000066s ]
INFO: [ app_init ] --END-- [ RunTime:0.000911s ]
INFO: [ app_begin ] --START--
INFO: Run Behavior\ReadHtmlCacheBehavior [ RunTime:0.000892s ]
INFO: [ app_begin ] --END-- [ RunTime:0.001126s ]
SQL: SHOW COLUMNS FROM `think_pool` [ RunTime:0.0062s ]
SQL: SELECT `NAME`,`COLLECTION`,`DATE`,`INPUT`,`OUTPUT`,`SUMMARY`,`NOTE` FROM `think_pool` WHERE `NAME` = '测试' ORDER BY DATE asc LIMIT 0,10   [ RunTime:0.0008s ]
SQL: SELECT COUNT(*) AS tp_count FROM `think_pool` WHERE `NAME` = '测试' LIMIT 1   [ RunTime:0.0007s ]

[ 2015-11-17T21:11:07+08:00 ] ::1 /PlanB/index.php/Home/Index/getDayList?collection=%E5%85%A8%E9%83%A8&date=2015-11-11&start=0&limit=100&pageIndex=0&_=1447765867227
INFO: [ app_init ] --START--
INFO: Run Behavior\BuildLiteBehavior [ RunTime:0.000034s ]
INFO: [ app_init ] --END-- [ RunTime:0.000536s ]
INFO: [ app_begin ] --START--
INFO: Run Behavior\ReadHtmlCacheBehavior [ RunTime:0.000892s ]
INFO: [ app_begin ] --END-- [ RunTime:0.001140s ]
SQL: SHOW COLUMNS FROM `think_pool` [ RunTime:0.0062s ]
SQL: SELECT `NAME`,`COLLECTION`,`DATE`,`INPUT`,`OUTPUT`,`SUMMARY` FROM `think_pool` WHERE `DATE` = '2015-11-11' ORDER BY DATE desc LIMIT 0,100   [ RunTime:0.0007s ]
SQL: SELECT COUNT(*) AS tp_count FROM `think_pool` WHERE `DATE` = '2015-11-11' LIMIT 1   [ RunTime:0.0007s ]

[ 2015-11-17T21:11:27+08:00 ] ::1 /PlanB/index.php/Home/Index/detail/name/%E6%B5%8B%E8%AF%95
INFO: [ app_init ] --START--
INFO: Run Behavior\BuildLiteBehavior [ RunTime:0.000059s ]
INFO: [ app_init ] --END-- [ RunTime:0.001013s ]
INFO: [ app_begin ] --START--
INFO: Run Behavior\ReadHtmlCacheBehavior [ RunTime:0.000849s ]
INFO: [ app_begin ] --END-- [ RunTime:0.001130s ]
SQL: SHOW COLUMNS FROM `think_name` [ RunTime:0.0220s ]
SQL: SELECT `name` FROM `think_name`  [ RunTime:0.0005s ]
SQL: SHOW COLUMNS FROM `think_collection` [ RunTime:0.0052s ]
SQL: SELECT `ID`,`NAME` FROM `think_collection`  [ RunTime:0.0007s ]
SQL: SELECT COUNT(*) AS tp_count FROM `think_collection` LIMIT 1   [ RunTime:0.0004s ]
INFO: [ view_parse ] --START--
INFO: [ template_filter ] --START--
INFO: Run Behavior\ContentReplaceBehavior [ RunTime:0.000262s ]
INFO: [ template_filter ] --END-- [ RunTime:0.000535s ]
INFO: Run Behavior\ParseTemplateBehavior [ RunTime:0.015505s ]
INFO: [ view_parse ] --END-- [ RunTime:0.015816s ]
INFO: [ view_filter ] --START--
INFO: Run Behavior\WriteHtmlCacheBehavior [ RunTime:0.000563s ]
INFO: [ view_filter ] --END-- [ RunTime:0.000817s ]
INFO: [ app_end ] --START--
INFO: Run Behavior\ShowPageTraceBehavior [ RunTime:0.000962s ]
INFO: [ app_end ] --END-- [ RunTime:0.001281s ]

[ 2015-11-17T21:11:28+08:00 ] ::1 /PlanB/index.php/Home/Index/getList?start=0&limit=10&pageIndex=0&name=%E6%B5%8B%E8%AF%95&_=1447765888083
INFO: [ app_init ] --START--
INFO: Run Behavior\BuildLiteBehavior [ RunTime:0.000072s ]
INFO: [ app_init ] --END-- [ RunTime:0.000982s ]
INFO: [ app_begin ] --START--
INFO: Run Behavior\ReadHtmlCacheBehavior [ RunTime:0.000906s ]
INFO: [ app_begin ] --END-- [ RunTime:0.001167s ]
SQL: SHOW COLUMNS FROM `think_pool` [ RunTime:0.0065s ]
SQL: SELECT `NAME`,`COLLECTION`,`DATE`,`INPUT`,`OUTPUT`,`SUMMARY`,`NOTE` FROM `think_pool` WHERE `NAME` = '测试' ORDER BY DATE asc LIMIT 0,10   [ RunTime:0.0006s ]
SQL: SELECT COUNT(*) AS tp_count FROM `think_pool` WHERE `NAME` = '测试' LIMIT 1   [ RunTime:0.0007s ]

[ 2015-11-17T21:11:36+08:00 ] ::1 /PlanB/index.php/Home/Index/getDayList?collection=%E5%85%A8%E9%83%A8&date=2015-11-11&start=0&limit=100&pageIndex=0&_=1447765896862
INFO: [ app_init ] --START--
INFO: Run Behavior\BuildLiteBehavior [ RunTime:0.000052s ]
INFO: [ app_init ] --END-- [ RunTime:0.000698s ]
INFO: [ app_begin ] --START--
INFO: Run Behavior\ReadHtmlCacheBehavior [ RunTime:0.000758s ]
INFO: [ app_begin ] --END-- [ RunTime:0.000983s ]
SQL: SHOW COLUMNS FROM `think_pool` [ RunTime:0.0063s ]
SQL: SELECT `NAME`,`COLLECTION`,`DATE`,`INPUT`,`OUTPUT`,`SUMMARY` FROM `think_pool` WHERE `DATE` = '2015-11-11' ORDER BY DATE desc LIMIT 0,100   [ RunTime:0.0008s ]
SQL: SELECT COUNT(*) AS tp_count FROM `think_pool` WHERE `DATE` = '2015-11-11' LIMIT 1   [ RunTime:0.0007s ]

[ 2015-11-17T21:21:43+08:00 ] ::1 /PlanB/
INFO: [ app_init ] --START--
INFO: Run Behavior\BuildLiteBehavior [ RunTime:0.000067s ]
INFO: [ app_init ] --END-- [ RunTime:0.000893s ]
INFO: [ app_begin ] --START--
INFO: Run Behavior\ReadHtmlCacheBehavior [ RunTime:0.001126s ]
INFO: [ app_begin ] --END-- [ RunTime:0.001507s ]
SQL: SHOW COLUMNS FROM `think_name` [ RunTime:0.0143s ]
SQL: SELECT `name` FROM `think_name`  [ RunTime:0.0006s ]
SQL: SHOW COLUMNS FROM `think_collection` [ RunTime:0.0448s ]
SQL: SELECT `ID`,`NAME` FROM `think_collection`  [ RunTime:0.0006s ]
SQL: SELECT COUNT(*) AS tp_count FROM `think_collection` LIMIT 1   [ RunTime:0.0004s ]
INFO: [ view_parse ] --START--
INFO: [ template_filter ] --START--
INFO: Run Behavior\ContentReplaceBehavior [ RunTime:0.000332s ]
INFO: [ template_filter ] --END-- [ RunTime:0.000599s ]
INFO: Run Behavior\ParseTemplateBehavior [ RunTime:0.023243s ]
INFO: [ view_parse ] --END-- [ RunTime:0.023475s ]
INFO: [ view_filter ] --START--
INFO: Run Behavior\WriteHtmlCacheBehavior [ RunTime:0.000615s ]
INFO: [ view_filter ] --END-- [ RunTime:0.000830s ]
INFO: [ app_end ] --START--
INFO: Run Behavior\ShowPageTraceBehavior [ RunTime:0.001085s ]
INFO: [ app_end ] --END-- [ RunTime:0.001406s ]

[ 2015-11-17T21:21:44+08:00 ] ::1 /PlanB/index.php/Home/Index/getDayList?collection=%E5%85%A8%E9%83%A8&date=&start=0&limit=100&pageIndex=0&_=1447766504268
INFO: [ app_init ] --START--
INFO: Run Behavior\BuildLiteBehavior [ RunTime:0.000059s ]
INFO: [ app_init ] --END-- [ RunTime:0.000905s ]
INFO: [ app_begin ] --START--
INFO: Run Behavior\ReadHtmlCacheBehavior [ RunTime:0.000883s ]
INFO: [ app_begin ] --END-- [ RunTime:0.001126s ]
SQL: SHOW COLUMNS FROM `think_pool` [ RunTime:0.0062s ]
SQL: SELECT `NAME`,`COLLECTION`,`DATE`,`INPUT`,`OUTPUT`,`SUMMARY` FROM `think_pool` WHERE `DATE` = '2015-11-16' ORDER BY DATE desc LIMIT 0,100   [ RunTime:0.0007s ]
SQL: SELECT COUNT(*) AS tp_count FROM `think_pool` WHERE `DATE` = '2015-11-16' LIMIT 1   [ RunTime:0.0007s ]

[ 2015-11-17T21:28:10+08:00 ] ::1 /PlanB/
INFO: [ app_init ] --START--
INFO: Run Behavior\BuildLiteBehavior [ RunTime:0.000064s ]
INFO: [ app_init ] --END-- [ RunTime:0.001014s ]
INFO: [ app_begin ] --START--
INFO: Run Behavior\ReadHtmlCacheBehavior [ RunTime:0.000842s ]
INFO: [ app_begin ] --END-- [ RunTime:0.001070s ]
SQL: SHOW COLUMNS FROM `think_name` [ RunTime:0.0059s ]
SQL: SELECT `name` FROM `think_name`  [ RunTime:0.0006s ]
SQL: SHOW COLUMNS FROM `think_collection` [ RunTime:0.0057s ]
SQL: SELECT `ID`,`NAME` FROM `think_collection`  [ RunTime:0.0006s ]
SQL: SELECT COUNT(*) AS tp_count FROM `think_collection` LIMIT 1   [ RunTime:0.0004s ]
INFO: [ view_parse ] --START--
INFO: [ template_filter ] --START--
INFO: Run Behavior\ContentReplaceBehavior [ RunTime:0.000291s ]
INFO: [ template_filter ] --END-- [ RunTime:0.000526s ]
INFO: Run Behavior\ParseTemplateBehavior [ RunTime:0.017727s ]
INFO: [ view_parse ] --END-- [ RunTime:0.017919s ]
INFO: [ view_filter ] --START--
INFO: Run Behavior\WriteHtmlCacheBehavior [ RunTime:0.000629s ]
INFO: [ view_filter ] --END-- [ RunTime:0.000850s ]
INFO: [ app_end ] --START--
INFO: Run Behavior\ShowPageTraceBehavior [ RunTime:0.001097s ]
INFO: [ app_end ] --END-- [ RunTime:0.001450s ]

[ 2015-11-17T21:28:11+08:00 ] ::1 /PlanB/index.php/Home/Index/getDayList?collection=%E5%85%A8%E9%83%A8&date=&start=0&limit=100&pageIndex=0&_=1447766891506
INFO: [ app_init ] --START--
INFO: Run Behavior\BuildLiteBehavior [ RunTime:0.000064s ]
INFO: [ app_init ] --END-- [ RunTime:0.000912s ]
INFO: [ app_begin ] --START--
INFO: Run Behavior\ReadHtmlCacheBehavior [ RunTime:0.000927s ]
INFO: [ app_begin ] --END-- [ RunTime:0.001188s ]
SQL: SHOW COLUMNS FROM `think_pool` [ RunTime:0.0066s ]
SQL: SELECT `NAME`,`COLLECTION`,`DATE`,`INPUT`,`OUTPUT`,`SUMMARY` FROM `think_pool` WHERE `DATE` = '2015-11-16' ORDER BY DATE desc LIMIT 0,100   [ RunTime:0.0006s ]
SQL: SELECT COUNT(*) AS tp_count FROM `think_pool` WHERE `DATE` = '2015-11-16' LIMIT 1   [ RunTime:0.0007s ]

[ 2015-11-17T21:28:18+08:00 ] ::1 /PlanB/
INFO: [ app_init ] --START--
INFO: Run Behavior\BuildLiteBehavior [ RunTime:0.000059s ]
INFO: [ app_init ] --END-- [ RunTime:0.000941s ]
INFO: [ app_begin ] --START--
INFO: Run Behavior\ReadHtmlCacheBehavior [ RunTime:0.001121s ]
INFO: [ app_begin ] --END-- [ RunTime:0.001445s ]
SQL: SHOW COLUMNS FROM `think_name` [ RunTime:0.0055s ]
SQL: SELECT `name` FROM `think_name`  [ RunTime:0.0006s ]
SQL: SHOW COLUMNS FROM `think_collection` [ RunTime:0.0058s ]
SQL: SELECT `ID`,`NAME` FROM `think_collection`  [ RunTime:0.0008s ]
SQL: SELECT COUNT(*) AS tp_count FROM `think_collection` LIMIT 1   [ RunTime:0.0005s ]
INFO: [ view_parse ] --START--
INFO: [ template_filter ] --START--
INFO: Run Behavior\ContentReplaceBehavior [ RunTime:0.000334s ]
INFO: [ template_filter ] --END-- [ RunTime:0.000633s ]
INFO: Run Behavior\ParseTemplateBehavior [ RunTime:0.018812s ]
INFO: [ view_parse ] --END-- [ RunTime:0.019139s ]
INFO: [ view_filter ] --START--
INFO: Run Behavior\WriteHtmlCacheBehavior [ RunTime:0.000747s ]
INFO: [ view_filter ] --END-- [ RunTime:0.001030s ]
INFO: [ app_end ] --START--
INFO: Run Behavior\ShowPageTraceBehavior [ RunTime:0.001119s ]
INFO: [ app_end ] --END-- [ RunTime:0.001428s ]

[ 2015-11-17T21:28:19+08:00 ] ::1 /PlanB/index.php/Home/Index/getDayList?collection=%E5%85%A8%E9%83%A8&date=&start=0&limit=100&pageIndex=0&_=1447766899531
INFO: [ app_init ] --START--
INFO: Run Behavior\BuildLiteBehavior [ RunTime:0.000064s ]
INFO: [ app_init ] --END-- [ RunTime:0.000933s ]
INFO: [ app_begin ] --START--
INFO: Run Behavior\ReadHtmlCacheBehavior [ RunTime:0.000948s ]
INFO: [ app_begin ] --END-- [ RunTime:0.001227s ]
SQL: SHOW COLUMNS FROM `think_pool` [ RunTime:0.0316s ]
SQL: SELECT `NAME`,`COLLECTION`,`DATE`,`INPUT`,`OUTPUT`,`SUMMARY` FROM `think_pool` WHERE `DATE` = '2015-11-16' ORDER BY DATE desc LIMIT 0,100   [ RunTime:0.0008s ]
SQL: SELECT COUNT(*) AS tp_count FROM `think_pool` WHERE `DATE` = '2015-11-16' LIMIT 1   [ RunTime:0.0005s ]

[ 2015-11-17T21:31:41+08:00 ] ::1 /PlanB/
INFO: [ app_init ] --START--
INFO: Run Behavior\BuildLiteBehavior [ RunTime:0.000064s ]
INFO: [ app_init ] --END-- [ RunTime:0.000955s ]
INFO: [ app_begin ] --START--
INFO: Run Behavior\ReadHtmlCacheBehavior [ RunTime:0.001172s ]
INFO: [ app_begin ] --END-- [ RunTime:0.001455s ]
SQL: SHOW COLUMNS FROM `think_name` [ RunTime:0.0064s ]
SQL: SELECT `name` FROM `think_name`  [ RunTime:0.0005s ]
SQL: SHOW COLUMNS FROM `think_collection` [ RunTime:0.0278s ]
SQL: SELECT `ID`,`NAME` FROM `think_collection`  [ RunTime:0.0005s ]
SQL: SELECT COUNT(*) AS tp_count FROM `think_collection` LIMIT 1   [ RunTime:0.0005s ]
INFO: [ view_parse ] --START--
INFO: [ template_filter ] --START--
INFO: Run Behavior\ContentReplaceBehavior [ RunTime:0.000235s ]
INFO: [ template_filter ] --END-- [ RunTime:0.000446s ]
INFO: Run Behavior\ParseTemplateBehavior [ RunTime:0.023518s ]
INFO: [ view_parse ] --END-- [ RunTime:0.023783s ]
INFO: [ view_filter ] --START--
INFO: Run Behavior\WriteHtmlCacheBehavior [ RunTime:0.000688s ]
INFO: [ view_filter ] --END-- [ RunTime:0.000961s ]
INFO: [ app_end ] --START--
INFO: Run Behavior\ShowPageTraceBehavior [ RunTime:0.001094s ]
INFO: [ app_end ] --END-- [ RunTime:0.001391s ]

[ 2015-11-17T21:31:42+08:00 ] ::1 /PlanB/index.php/Home/Index/getDayList?collection=%E5%85%A8%E9%83%A8&date=&start=0&limit=100&pageIndex=0&_=1447767102534
INFO: [ app_init ] --START--
INFO: Run Behavior\BuildLiteBehavior [ RunTime:0.000057s ]
INFO: [ app_init ] --END-- [ RunTime:0.000886s ]
INFO: [ app_begin ] --START--
INFO: Run Behavior\ReadHtmlCacheBehavior [ RunTime:0.000859s ]
INFO: [ app_begin ] --END-- [ RunTime:0.001101s ]
SQL: SHOW COLUMNS FROM `think_pool` [ RunTime:0.0061s ]
SQL: SELECT `NAME`,`COLLECTION`,`DATE`,`INPUT`,`OUTPUT`,`SUMMARY` FROM `think_pool` WHERE `DATE` = '2015-11-16' ORDER BY DATE desc LIMIT 0,100   [ RunTime:0.0007s ]
SQL: SELECT COUNT(*) AS tp_count FROM `think_pool` WHERE `DATE` = '2015-11-16' LIMIT 1   [ RunTime:0.0007s ]

[ 2015-11-17T21:32:13+08:00 ] ::1 /PlanB/
INFO: [ app_init ] --START--
INFO: Run Behavior\BuildLiteBehavior [ RunTime:0.000057s ]
INFO: [ app_init ] --END-- [ RunTime:0.000914s ]
INFO: [ app_begin ] --START--
INFO: Run Behavior\ReadHtmlCacheBehavior [ RunTime:0.000973s ]
INFO: [ app_begin ] --END-- [ RunTime:0.001253s ]
SQL: SHOW COLUMNS FROM `think_name` [ RunTime:0.0064s ]
SQL: SELECT `name` FROM `think_name`  [ RunTime:0.0005s ]
SQL: SHOW COLUMNS FROM `think_collection` [ RunTime:0.0057s ]
SQL: SELECT `ID`,`NAME` FROM `think_collection`  [ RunTime:0.0007s ]
SQL: SELECT COUNT(*) AS tp_count FROM `think_collection` LIMIT 1   [ RunTime:0.0005s ]
INFO: [ view_parse ] --START--
INFO: [ template_filter ] --START--
INFO: Run Behavior\ContentReplaceBehavior [ RunTime:0.000334s ]
INFO: [ template_filter ] --END-- [ RunTime:0.000654s ]
INFO: Run Behavior\ParseTemplateBehavior [ RunTime:0.020624s ]
INFO: [ view_parse ] --END-- [ RunTime:0.020944s ]
INFO: [ view_filter ] --START--
INFO: Run Behavior\WriteHtmlCacheBehavior [ RunTime:0.000669s ]
INFO: [ view_filter ] --END-- [ RunTime:0.000943s ]
INFO: [ app_end ] --START--
INFO: Run Behavior\ShowPageTraceBehavior [ RunTime:0.001107s ]
INFO: [ app_end ] --END-- [ RunTime:0.001412s ]

[ 2015-11-17T21:32:14+08:00 ] ::1 /PlanB/index.php/Home/Index/getDayList?collection=%E5%85%A8%E9%83%A8&date=&start=0&limit=100&pageIndex=0&_=1447767134532
INFO: [ app_init ] --START--
INFO: Run Behavior\BuildLiteBehavior [ RunTime:0.000062s ]
INFO: [ app_init ] --END-- [ RunTime:0.000913s ]
INFO: [ app_begin ] --START--
INFO: Run Behavior\ReadHtmlCacheBehavior [ RunTime:0.000888s ]
INFO: [ app_begin ] --END-- [ RunTime:0.001133s ]
SQL: SHOW COLUMNS FROM `think_pool` [ RunTime:0.0255s ]
SQL: SELECT `NAME`,`COLLECTION`,`DATE`,`INPUT`,`OUTPUT`,`SUMMARY` FROM `think_pool` WHERE `DATE` = '2015-11-16' ORDER BY DATE desc LIMIT 0,100   [ RunTime:0.0008s ]
SQL: SELECT COUNT(*) AS tp_count FROM `think_pool` WHERE `DATE` = '2015-11-16' LIMIT 1   [ RunTime:0.0007s ]

[ 2015-11-17T21:33:41+08:00 ] ::1 /PlanB/
INFO: [ app_init ] --START--
INFO: Run Behavior\BuildLiteBehavior [ RunTime:0.000043s ]
INFO: [ app_init ] --END-- [ RunTime:0.000840s ]
INFO: [ app_begin ] --START--
INFO: Run Behavior\ReadHtmlCacheBehavior [ RunTime:0.000953s ]
INFO: [ app_begin ] --END-- [ RunTime:0.001259s ]
SQL: SHOW COLUMNS FROM `think_name` [ RunTime:0.0062s ]
SQL: SELECT `name` FROM `think_name`  [ RunTime:0.0006s ]
SQL: SHOW COLUMNS FROM `think_collection` [ RunTime:0.0054s ]
SQL: SELECT `ID`,`NAME` FROM `think_collection`  [ RunTime:0.0006s ]
SQL: SELECT COUNT(*) AS tp_count FROM `think_collection` LIMIT 1   [ RunTime:0.0005s ]
INFO: [ view_parse ] --START--
INFO: [ template_filter ] --START--
INFO: Run Behavior\ContentReplaceBehavior [ RunTime:0.000306s ]
INFO: [ template_filter ] --END-- [ RunTime:0.000536s ]
INFO: Run Behavior\ParseTemplateBehavior [ RunTime:0.019143s ]
INFO: [ view_parse ] --END-- [ RunTime:0.019453s ]
INFO: [ view_filter ] --START--
INFO: Run Behavior\WriteHtmlCacheBehavior [ RunTime:0.000797s ]
INFO: [ view_filter ] --END-- [ RunTime:0.001072s ]
INFO: [ app_end ] --START--
INFO: Run Behavior\ShowPageTraceBehavior [ RunTime:0.001099s ]
INFO: [ app_end ] --END-- [ RunTime:0.001410s ]

[ 2015-11-17T21:33:42+08:00 ] ::1 /PlanB/index.php/Home/Index/getDayList?collection=%E5%85%A8%E9%83%A8&date=&start=0&limit=100&pageIndex=0&_=1447767222275
INFO: [ app_init ] --START--
INFO: Run Behavior\BuildLiteBehavior [ RunTime:0.000060s ]
INFO: [ app_init ] --END-- [ RunTime:0.000952s ]
INFO: [ app_begin ] --START--
INFO: Run Behavior\ReadHtmlCacheBehavior [ RunTime:0.000927s ]
INFO: [ app_begin ] --END-- [ RunTime:0.001191s ]
SQL: SHOW COLUMNS FROM `think_pool` [ RunTime:0.0245s ]
SQL: SELECT `NAME`,`COLLECTION`,`DATE`,`INPUT`,`OUTPUT`,`SUMMARY` FROM `think_pool` WHERE `DATE` = '2015-11-16' ORDER BY DATE desc LIMIT 0,100   [ RunTime:0.0008s ]
SQL: SELECT COUNT(*) AS tp_count FROM `think_pool` WHERE `DATE` = '2015-11-16' LIMIT 1   [ RunTime:0.0007s ]

[ 2015-11-17T21:33:54+08:00 ] ::1 /PlanB/
INFO: [ app_init ] --START--
INFO: Run Behavior\BuildLiteBehavior [ RunTime:0.000061s ]
INFO: [ app_init ] --END-- [ RunTime:0.000879s ]
INFO: [ app_begin ] --START--
INFO: Run Behavior\ReadHtmlCacheBehavior [ RunTime:0.001056s ]
INFO: [ app_begin ] --END-- [ RunTime:0.001396s ]
SQL: SHOW COLUMNS FROM `think_name` [ RunTime:0.0059s ]
SQL: SELECT `name` FROM `think_name`  [ RunTime:0.0006s ]
SQL: SHOW COLUMNS FROM `think_collection` [ RunTime:0.0056s ]
SQL: SELECT `ID`,`NAME` FROM `think_collection`  [ RunTime:0.0009s ]
SQL: SELECT COUNT(*) AS tp_count FROM `think_collection` LIMIT 1   [ RunTime:0.0005s ]
INFO: [ view_parse ] --START--
INFO: [ template_filter ] --START--
INFO: Run Behavior\ContentReplaceBehavior [ RunTime:0.000271s ]
INFO: [ template_filter ] --END-- [ RunTime:0.000452s ]
INFO: Run Behavior\ParseTemplateBehavior [ RunTime:0.019438s ]
INFO: [ view_parse ] --END-- [ RunTime:0.019698s ]
INFO: [ view_filter ] --START--
INFO: Run Behavior\WriteHtmlCacheBehavior [ RunTime:0.000538s ]
INFO: [ view_filter ] --END-- [ RunTime:0.000810s ]
INFO: [ app_end ] --START--
INFO: Run Behavior\ShowPageTraceBehavior [ RunTime:0.001022s ]
INFO: [ app_end ] --END-- [ RunTime:0.001337s ]

[ 2015-11-17T21:33:54+08:00 ] ::1 /PlanB/index.php/Home/Index/getDayList?collection=%E5%85%A8%E9%83%A8&date=&start=0&limit=100&pageIndex=0&_=1447767234778
INFO: [ app_init ] --START--
INFO: Run Behavior\BuildLiteBehavior [ RunTime:0.000038s ]
INFO: [ app_init ] --END-- [ RunTime:0.000791s ]
INFO: [ app_begin ] --START--
INFO: Run Behavior\ReadHtmlCacheBehavior [ RunTime:0.000812s ]
INFO: [ app_begin ] --END-- [ RunTime:0.001015s ]
SQL: SHOW COLUMNS FROM `think_pool` [ RunTime:0.0063s ]
SQL: SELECT `NAME`,`COLLECTION`,`DATE`,`INPUT`,`OUTPUT`,`SUMMARY` FROM `think_pool` WHERE `DATE` = '2015-11-16' ORDER BY DATE desc LIMIT 0,100   [ RunTime:0.0008s ]
SQL: SELECT COUNT(*) AS tp_count FROM `think_pool` WHERE `DATE` = '2015-11-16' LIMIT 1   [ RunTime:0.0007s ]

[ 2015-11-17T21:35:16+08:00 ] ::1 /PlanB/
INFO: [ app_init ] --START--
INFO: Run Behavior\BuildLiteBehavior [ RunTime:0.000065s ]
INFO: [ app_init ] --END-- [ RunTime:0.000967s ]
INFO: [ app_begin ] --START--
INFO: Run Behavior\ReadHtmlCacheBehavior [ RunTime:0.000773s ]
INFO: [ app_begin ] --END-- [ RunTime:0.001019s ]
SQL: SHOW COLUMNS FROM `think_name` [ RunTime:0.0058s ]
SQL: SELECT `name` FROM `think_name`  [ RunTime:0.0006s ]
SQL: SHOW COLUMNS FROM `think_collection` [ RunTime:0.0054s ]
SQL: SELECT `ID`,`NAME` FROM `think_collection`  [ RunTime:0.0006s ]
SQL: SELECT COUNT(*) AS tp_count FROM `think_collection` LIMIT 1   [ RunTime:0.0005s ]
INFO: [ view_parse ] --START--
INFO: [ template_filter ] --START--
INFO: Run Behavior\ContentReplaceBehavior [ RunTime:0.000323s ]
INFO: [ template_filter ] --END-- [ RunTime:0.000578s ]
INFO: Run Behavior\ParseTemplateBehavior [ RunTime:0.019573s ]
INFO: [ view_parse ] --END-- [ RunTime:0.019890s ]
INFO: [ view_filter ] --START--
INFO: Run Behavior\WriteHtmlCacheBehavior [ RunTime:0.000747s ]
INFO: [ view_filter ] --END-- [ RunTime:0.001020s ]
INFO: [ app_end ] --START--
INFO: Run Behavior\ShowPageTraceBehavior [ RunTime:0.001072s ]
INFO: [ app_end ] --END-- [ RunTime:0.001374s ]

[ 2015-11-17T21:35:17+08:00 ] ::1 /PlanB/index.php/Home/Index/getDayList?collection=%E5%85%A8%E9%83%A8&date=&start=0&limit=100&pageIndex=0&_=1447767317130
INFO: [ app_init ] --START--
INFO: Run Behavior\BuildLiteBehavior [ RunTime:0.000063s ]
INFO: [ app_init ] --END-- [ RunTime:0.000945s ]
INFO: [ app_begin ] --START--
INFO: Run Behavior\ReadHtmlCacheBehavior [ RunTime:0.000999s ]
INFO: [ app_begin ] --END-- [ RunTime:0.001251s ]
SQL: SHOW COLUMNS FROM `think_pool` [ RunTime:0.0065s ]
SQL: SELECT `NAME`,`COLLECTION`,`DATE`,`INPUT`,`OUTPUT`,`SUMMARY` FROM `think_pool` WHERE `DATE` = '2015-11-16' ORDER BY DATE desc LIMIT 0,100   [ RunTime:0.0008s ]
SQL: SELECT COUNT(*) AS tp_count FROM `think_pool` WHERE `DATE` = '2015-11-16' LIMIT 1   [ RunTime:0.0007s ]

[ 2015-11-17T21:35:22+08:00 ] ::1 /PlanB/index.php/Home/Index/getDayList?collection=%E5%85%A8%E9%83%A8&date=2015-11-18&start=0&limit=100&pageIndex=0&_=1447767322367
INFO: [ app_init ] --START--
INFO: Run Behavior\BuildLiteBehavior [ RunTime:0.000056s ]
INFO: [ app_init ] --END-- [ RunTime:0.000843s ]
INFO: [ app_begin ] --START--
INFO: Run Behavior\ReadHtmlCacheBehavior [ RunTime:0.000871s ]
INFO: [ app_begin ] --END-- [ RunTime:0.001071s ]
SQL: SHOW COLUMNS FROM `think_pool` [ RunTime:0.0228s ]
SQL: SELECT `NAME`,`COLLECTION`,`DATE`,`INPUT`,`OUTPUT`,`SUMMARY` FROM `think_pool` WHERE `DATE` = '2015-11-18' ORDER BY DATE desc LIMIT 0,100   [ RunTime:0.0007s ]
SQL: SELECT COUNT(*) AS tp_count FROM `think_pool` WHERE `DATE` = '2015-11-18' LIMIT 1   [ RunTime:0.0006s ]

[ 2015-11-17T21:37:24+08:00 ] ::1 /PlanB/
INFO: [ app_init ] --START--
INFO: Run Behavior\BuildLiteBehavior [ RunTime:0.000034s ]
INFO: [ app_init ] --END-- [ RunTime:0.000588s ]
INFO: [ app_begin ] --START--
INFO: Run Behavior\ReadHtmlCacheBehavior [ RunTime:0.001169s ]
INFO: [ app_begin ] --END-- [ RunTime:0.001479s ]
SQL: SHOW COLUMNS FROM `think_name` [ RunTime:0.0235s ]
SQL: SELECT `name` FROM `think_name`  [ RunTime:0.0006s ]
SQL: SHOW COLUMNS FROM `think_collection` [ RunTime:0.0315s ]
SQL: SELECT `ID`,`NAME` FROM `think_collection`  [ RunTime:0.0006s ]
SQL: SELECT COUNT(*) AS tp_count FROM `think_collection` LIMIT 1   [ RunTime:0.0005s ]
INFO: [ view_parse ] --START--
INFO: [ template_filter ] --START--
INFO: Run Behavior\ContentReplaceBehavior [ RunTime:0.000258s ]
INFO: [ template_filter ] --END-- [ RunTime:0.000514s ]
INFO: Run Behavior\ParseTemplateBehavior [ RunTime:0.023769s ]
INFO: [ view_parse ] --END-- [ RunTime:0.023992s ]
INFO: [ view_filter ] --START--
INFO: Run Behavior\WriteHtmlCacheBehavior [ RunTime:0.000720s ]
INFO: [ view_filter ] --END-- [ RunTime:0.000942s ]
INFO: [ app_end ] --START--
INFO: Run Behavior\ShowPageTraceBehavior [ RunTime:0.001104s ]
INFO: [ app_end ] --END-- [ RunTime:0.001411s ]

[ 2015-11-17T21:37:25+08:00 ] ::1 /PlanB/index.php/Home/Index/getDayList?collection=%E5%85%A8%E9%83%A8&date=&start=0&limit=100&pageIndex=0&_=1447767444989
INFO: [ app_init ] --START--
INFO: Run Behavior\BuildLiteBehavior [ RunTime:0.000067s ]
INFO: [ app_init ] --END-- [ RunTime:0.001026s ]
INFO: [ app_begin ] --START--
INFO: Run Behavior\ReadHtmlCacheBehavior [ RunTime:0.000911s ]
INFO: [ app_begin ] --END-- [ RunTime:0.001172s ]
SQL: SHOW COLUMNS FROM `think_pool` [ RunTime:0.0063s ]
SQL: SELECT `NAME`,`COLLECTION`,`DATE`,`INPUT`,`OUTPUT`,`SUMMARY` FROM `think_pool` WHERE `DATE` = '2015-11-16' ORDER BY DATE desc LIMIT 0,100   [ RunTime:0.0007s ]
SQL: SELECT COUNT(*) AS tp_count FROM `think_pool` WHERE `DATE` = '2015-11-16' LIMIT 1   [ RunTime:0.0007s ]

[ 2015-11-17T21:37:26+08:00 ] ::1 /PlanB/index.php/Home/Index/getDayList?collection=%E5%85%A8%E9%83%A8&date=2015-11-17&start=0&limit=100&pageIndex=0&_=1447767446329
INFO: [ app_init ] --START--
INFO: Run Behavior\BuildLiteBehavior [ RunTime:0.000064s ]
INFO: [ app_init ] --END-- [ RunTime:0.000939s ]
INFO: [ app_begin ] --START--
INFO: Run Behavior\ReadHtmlCacheBehavior [ RunTime:0.000949s ]
INFO: [ app_begin ] --END-- [ RunTime:0.001202s ]
SQL: SHOW COLUMNS FROM `think_pool` [ RunTime:0.0063s ]
SQL: SELECT `NAME`,`COLLECTION`,`DATE`,`INPUT`,`OUTPUT`,`SUMMARY` FROM `think_pool` WHERE `DATE` = '2015-11-17' ORDER BY DATE desc LIMIT 0,100   [ RunTime:0.0008s ]
SQL: SELECT COUNT(*) AS tp_count FROM `think_pool` WHERE `DATE` = '2015-11-17' LIMIT 1   [ RunTime:0.0006s ]

