[ 2015-11-11T20:21:59+08:00 ] ::1 /PlanB/
INFO: [ app_init ] --START--
INFO: Run Behavior\BuildLiteBehavior [ RunTime:0.000064s ]
INFO: [ app_init ] --END-- [ RunTime:0.078021s ]
INFO: [ app_begin ] --START--
INFO: Run Behavior\ReadHtmlCacheBehavior [ RunTime:0.100593s ]
INFO: [ app_begin ] --END-- [ RunTime:0.100997s ]
INFO: [ view_parse ] --START--
INFO: [ template_filter ] --START--
INFO: Run Behavior\ContentReplaceBehavior [ RunTime:0.000265s ]
INFO: [ template_filter ] --END-- [ RunTime:0.000429s ]
NOTIC: [8] Undefined variable: name D:\wamp\www\PlanB\Application\Runtime\Cache\Home\5f5878b563bbd0551b6c84d71156b7e9.php 第 330 行.
INFO: Run Behavior\ParseTemplateBehavior [ RunTime:0.728423s ]
INFO: [ view_parse ] --END-- [ RunTime:0.728631s ]
INFO: [ view_filter ] --START--
INFO: Run Behavior\WriteHtmlCacheBehavior [ RunTime:0.099870s ]
INFO: [ view_filter ] --END-- [ RunTime:0.100034s ]
INFO: [ app_end ] --START--
INFO: Run Behavior\ShowPageTraceBehavior [ RunTime:0.069644s ]
INFO: [ app_end ] --END-- [ RunTime:0.069926s ]

[ 2015-11-11T20:22:17+08:00 ] ::1 /PlanB/index.php/Home/Index/getDayList?start=0&limit=100&pageIndex=0&_=1447244531970
INFO: [ app_init ] --START--
INFO: Run Behavior\BuildLiteBehavior [ RunTime:0.000031s ]
INFO: [ app_init ] --END-- [ RunTime:0.000572s ]
INFO: [ app_begin ] --START--
INFO: Run Behavior\ReadHtmlCacheBehavior [ RunTime:0.000833s ]
INFO: [ app_begin ] --END-- [ RunTime:0.000973s ]
SQL: SHOW COLUMNS FROM `think_pool` [ RunTime:0.8604s ]
SQL: SELECT `NAME`,`COLLECTION`,`DATE`,`INPUT`,`OUTPUT`,`SUMMARY` FROM `think_pool` WHERE `DATE` = '2015-11-10' ORDER BY DATE desc LIMIT 0,100   [ RunTime:0.1465s ]
SQL: SELECT COUNT(*) AS tp_count FROM `think_pool` WHERE `DATE` = '2015-11-10' LIMIT 1   [ RunTime:0.2914s ]

[ 2015-11-11T20:45:32+08:00 ] ::1 /PlanB/
INFO: [ app_init ] --START--
INFO: Run Behavior\BuildLiteBehavior [ RunTime:0.000031s ]
INFO: [ app_init ] --END-- [ RunTime:0.000561s ]
INFO: [ app_begin ] --START--
INFO: Run Behavior\ReadHtmlCacheBehavior [ RunTime:0.000897s ]
INFO: [ app_begin ] --END-- [ RunTime:0.001038s ]

[ 2015-11-11T20:46:00+08:00 ] ::1 /PlanB/
INFO: [ app_init ] --START--
INFO: Run Behavior\BuildLiteBehavior [ RunTime:0.000069s ]
INFO: [ app_init ] --END-- [ RunTime:0.000876s ]
INFO: [ app_begin ] --START--
INFO: Run Behavior\ReadHtmlCacheBehavior [ RunTime:0.000792s ]
INFO: [ app_begin ] --END-- [ RunTime:0.000942s ]
SQL: SHOW COLUMNS FROM `think_name` [ RunTime:0.0051s ]
SQL: SELECT `name` FROM `think_name`  [ RunTime:0.0004s ]
SQL: SHOW COLUMNS FROM `think_collection` [ RunTime:0.0036s ]
SQL: SELECT `ID`,`NAME` FROM `think_collection`  [ RunTime:0.0003s ]
SQL: SELECT COUNT(*) AS tp_count FROM `think_collection` LIMIT 1   [ RunTime:0.0134s ]
INFO: [ view_parse ] --START--
INFO: [ template_filter ] --START--
INFO: Run Behavior\ContentReplaceBehavior [ RunTime:0.000368s ]
INFO: [ template_filter ] --END-- [ RunTime:0.000655s ]
INFO: Run Behavior\ParseTemplateBehavior [ RunTime:0.067525s ]
INFO: [ view_parse ] --END-- [ RunTime:0.067844s ]
INFO: [ view_filter ] --START--
INFO: Run Behavior\WriteHtmlCacheBehavior [ RunTime:0.001125s ]
INFO: [ view_filter ] --END-- [ RunTime:0.001381s ]
INFO: [ app_end ] --START--
INFO: Run Behavior\ShowPageTraceBehavior [ RunTime:0.002547s ]
INFO: [ app_end ] --END-- [ RunTime:0.002854s ]

[ 2015-11-11T20:46:01+08:00 ] ::1 /PlanB/index.php/Home/Index/getDayList?collection=%E5%85%A8%E9%83%A8&start=0&limit=100&pageIndex=0&_=1447245961228
INFO: [ app_init ] --START--
INFO: Run Behavior\BuildLiteBehavior [ RunTime:0.000052s ]
INFO: [ app_init ] --END-- [ RunTime:0.000857s ]
INFO: [ app_begin ] --START--
INFO: Run Behavior\ReadHtmlCacheBehavior [ RunTime:0.001014s ]
INFO: [ app_begin ] --END-- [ RunTime:0.001221s ]
SQL: SHOW COLUMNS FROM `think_pool` [ RunTime:0.0192s ]
SQL: SELECT `NAME`,`COLLECTION`,`DATE`,`INPUT`,`OUTPUT`,`SUMMARY` FROM `think_pool` WHERE `DATE` = '2015-11-10' ORDER BY DATE desc LIMIT 0,100   [ RunTime:0.0007s ]
SQL: SELECT COUNT(*) AS tp_count FROM `think_pool` WHERE `DATE` = '2015-11-10' LIMIT 1   [ RunTime:0.0006s ]

[ 2015-11-11T20:46:06+08:00 ] ::1 /PlanB/index.php/Home/Index/getCollection?start=0&limit=10&pageIndex=0&_=1447245966222
INFO: [ app_init ] --START--
INFO: Run Behavior\BuildLiteBehavior [ RunTime:0.000029s ]
INFO: [ app_init ] --END-- [ RunTime:0.000486s ]
INFO: [ app_begin ] --START--
INFO: Run Behavior\ReadHtmlCacheBehavior [ RunTime:0.000733s ]
INFO: [ app_begin ] --END-- [ RunTime:0.000844s ]
SQL: SHOW COLUMNS FROM `think_collection` [ RunTime:0.0031s ]
SQL: SELECT `ID`,`NAME` FROM `think_collection` LIMIT 0,10   [ RunTime:0.0004s ]
SQL: SELECT COUNT(*) AS tp_count FROM `think_collection` LIMIT 1   [ RunTime:0.0002s ]

[ 2015-11-11T20:46:15+08:00 ] ::1 /PlanB/index.php/Home/Index/addCollection?name=%E6%B5%8B%E8%AF%95&_=1447245975542
INFO: [ app_init ] --START--
INFO: Run Behavior\BuildLiteBehavior [ RunTime:0.000033s ]
INFO: [ app_init ] --END-- [ RunTime:0.000534s ]
INFO: [ app_begin ] --START--
INFO: Run Behavior\ReadHtmlCacheBehavior [ RunTime:0.001342s ]
INFO: [ app_begin ] --END-- [ RunTime:0.001989s ]
SQL: SHOW COLUMNS FROM `think_collection` [ RunTime:0.0055s ]
SQL: INSERT INTO `think_collection` (`NAME`) VALUES ('测试') [ RunTime:0.0919s ]

[ 2015-11-11T20:46:17+08:00 ] ::1 /PlanB/index.php/Home/Index/getCollection?start=0&limit=10&pageIndex=0&_=1447245977364
INFO: [ app_init ] --START--
INFO: Run Behavior\BuildLiteBehavior [ RunTime:0.000087s ]
INFO: [ app_init ] --END-- [ RunTime:0.001275s ]
INFO: [ app_begin ] --START--
INFO: Run Behavior\ReadHtmlCacheBehavior [ RunTime:0.002253s ]
INFO: [ app_begin ] --END-- [ RunTime:0.002623s ]
SQL: SHOW COLUMNS FROM `think_collection` [ RunTime:0.0030s ]
SQL: SELECT `ID`,`NAME` FROM `think_collection` LIMIT 0,10   [ RunTime:0.0004s ]
SQL: SELECT COUNT(*) AS tp_count FROM `think_collection` LIMIT 1   [ RunTime:0.0002s ]

[ 2015-11-11T20:46:21+08:00 ] ::1 /PlanB/
INFO: [ app_init ] --START--
INFO: Run Behavior\BuildLiteBehavior [ RunTime:0.000037s ]
INFO: [ app_init ] --END-- [ RunTime:0.000601s ]
INFO: [ app_begin ] --START--
INFO: Run Behavior\ReadHtmlCacheBehavior [ RunTime:0.001022s ]
INFO: [ app_begin ] --END-- [ RunTime:0.001205s ]
SQL: SHOW COLUMNS FROM `think_name` [ RunTime:0.0037s ]
SQL: SELECT `name` FROM `think_name`  [ RunTime:0.0004s ]
SQL: SHOW COLUMNS FROM `think_collection` [ RunTime:0.0031s ]
SQL: SELECT `ID`,`NAME` FROM `think_collection`  [ RunTime:0.0004s ]
SQL: SELECT COUNT(*) AS tp_count FROM `think_collection` LIMIT 1   [ RunTime:0.0002s ]
INFO: [ view_parse ] --START--
INFO: [ template_filter ] --START--
INFO: Run Behavior\ContentReplaceBehavior [ RunTime:0.000235s ]
INFO: [ template_filter ] --END-- [ RunTime:0.000438s ]
INFO: Run Behavior\ParseTemplateBehavior [ RunTime:0.016142s ]
INFO: [ view_parse ] --END-- [ RunTime:0.016417s ]
INFO: [ view_filter ] --START--
INFO: Run Behavior\WriteHtmlCacheBehavior [ RunTime:0.002150s ]
INFO: [ view_filter ] --END-- [ RunTime:0.002582s ]
INFO: [ app_end ] --START--
INFO: Run Behavior\ShowPageTraceBehavior [ RunTime:0.001431s ]
INFO: [ app_end ] --END-- [ RunTime:0.001718s ]

[ 2015-11-11T20:46:22+08:00 ] ::1 /PlanB/index.php/Home/Index/getDayList?collection=%E5%85%A8%E9%83%A8&start=0&limit=100&pageIndex=0&_=1447245982797
INFO: [ app_init ] --START--
INFO: Run Behavior\BuildLiteBehavior [ RunTime:0.000062s ]
INFO: [ app_init ] --END-- [ RunTime:0.000975s ]
INFO: [ app_begin ] --START--
INFO: Run Behavior\ReadHtmlCacheBehavior [ RunTime:0.001430s ]
INFO: [ app_begin ] --END-- [ RunTime:0.001663s ]
SQL: SHOW COLUMNS FROM `think_pool` [ RunTime:0.0045s ]
SQL: SELECT `NAME`,`COLLECTION`,`DATE`,`INPUT`,`OUTPUT`,`SUMMARY` FROM `think_pool` WHERE `DATE` = '2015-11-10' ORDER BY DATE desc LIMIT 0,100   [ RunTime:0.0006s ]
SQL: SELECT COUNT(*) AS tp_count FROM `think_pool` WHERE `DATE` = '2015-11-10' LIMIT 1   [ RunTime:0.0004s ]

[ 2015-11-11T20:48:08+08:00 ] ::1 /PlanB/
INFO: [ app_init ] --START--
INFO: Run Behavior\BuildLiteBehavior [ RunTime:0.000032s ]
INFO: [ app_init ] --END-- [ RunTime:0.000500s ]
INFO: [ app_begin ] --START--
INFO: Run Behavior\ReadHtmlCacheBehavior [ RunTime:0.001110s ]
INFO: [ app_begin ] --END-- [ RunTime:0.001366s ]
SQL: SHOW COLUMNS FROM `think_name` [ RunTime:0.0040s ]
SQL: SELECT `name` FROM `think_name`  [ RunTime:0.0004s ]
SQL: SHOW COLUMNS FROM `think_collection` [ RunTime:0.0034s ]
SQL: SELECT `ID`,`NAME` FROM `think_collection`  [ RunTime:0.0004s ]
SQL: SELECT COUNT(*) AS tp_count FROM `think_collection` LIMIT 1   [ RunTime:0.0003s ]
INFO: [ view_parse ] --START--
INFO: [ template_filter ] --START--
INFO: Run Behavior\ContentReplaceBehavior [ RunTime:0.000232s ]
INFO: [ template_filter ] --END-- [ RunTime:0.000398s ]
INFO: Run Behavior\ParseTemplateBehavior [ RunTime:0.018475s ]
INFO: [ view_parse ] --END-- [ RunTime:0.018700s ]
INFO: [ view_filter ] --START--
INFO: Run Behavior\WriteHtmlCacheBehavior [ RunTime:0.000931s ]
INFO: [ view_filter ] --END-- [ RunTime:0.001138s ]
INFO: [ app_end ] --START--
INFO: Run Behavior\ShowPageTraceBehavior [ RunTime:0.001490s ]
INFO: [ app_end ] --END-- [ RunTime:0.001813s ]

[ 2015-11-11T20:48:09+08:00 ] ::1 /PlanB/index.php/Home/Index/getDayList?collection=%E5%85%A8%E9%83%A8&start=0&limit=100&pageIndex=0&_=1447246089275
INFO: [ app_init ] --START--
INFO: Run Behavior\BuildLiteBehavior [ RunTime:0.000061s ]
INFO: [ app_init ] --END-- [ RunTime:0.001010s ]
INFO: [ app_begin ] --START--
INFO: Run Behavior\ReadHtmlCacheBehavior [ RunTime:0.001636s ]
INFO: [ app_begin ] --END-- [ RunTime:0.001915s ]
SQL: SHOW COLUMNS FROM `think_pool` [ RunTime:0.0059s ]
SQL: SELECT `NAME`,`COLLECTION`,`DATE`,`INPUT`,`OUTPUT`,`SUMMARY` FROM `think_pool` WHERE `DATE` = '2015-11-10' ORDER BY DATE desc LIMIT 0,100   [ RunTime:0.0008s ]
SQL: SELECT COUNT(*) AS tp_count FROM `think_pool` WHERE `DATE` = '2015-11-10' LIMIT 1   [ RunTime:0.0007s ]

[ 2015-11-11T20:48:20+08:00 ] ::1 /PlanB/
INFO: [ app_init ] --START--
INFO: Run Behavior\BuildLiteBehavior [ RunTime:0.000062s ]
INFO: [ app_init ] --END-- [ RunTime:0.000877s ]
INFO: [ app_begin ] --START--
INFO: Run Behavior\ReadHtmlCacheBehavior [ RunTime:0.000918s ]
INFO: [ app_begin ] --END-- [ RunTime:0.001083s ]
SQL: SHOW COLUMNS FROM `think_name` [ RunTime:0.0043s ]
SQL: SELECT `name` FROM `think_name`  [ RunTime:0.0004s ]
SQL: SHOW COLUMNS FROM `think_collection` [ RunTime:0.0032s ]
SQL: SELECT `ID`,`NAME` FROM `think_collection`  [ RunTime:0.0003s ]
SQL: SELECT COUNT(*) AS tp_count FROM `think_collection` LIMIT 1   [ RunTime:0.0002s ]
INFO: [ view_parse ] --START--
INFO: [ template_filter ] --START--
INFO: Run Behavior\ContentReplaceBehavior [ RunTime:0.000233s ]
INFO: [ template_filter ] --END-- [ RunTime:0.000395s ]
INFO: Run Behavior\ParseTemplateBehavior [ RunTime:0.015078s ]
INFO: [ view_parse ] --END-- [ RunTime:0.015304s ]
INFO: [ view_filter ] --START--
INFO: Run Behavior\WriteHtmlCacheBehavior [ RunTime:0.001008s ]
INFO: [ view_filter ] --END-- [ RunTime:0.001253s ]
INFO: [ app_end ] --START--
INFO: Run Behavior\ShowPageTraceBehavior [ RunTime:0.002739s ]
INFO: [ app_end ] --END-- [ RunTime:0.003062s ]

[ 2015-11-11T20:48:21+08:00 ] ::1 /PlanB/index.php/Home/Index/getDayList?collection=%E5%85%A8%E9%83%A8&start=0&limit=100&pageIndex=0&_=1447246101025
INFO: [ app_init ] --START--
INFO: Run Behavior\BuildLiteBehavior [ RunTime:0.000036s ]
INFO: [ app_init ] --END-- [ RunTime:0.000779s ]
INFO: [ app_begin ] --START--
INFO: Run Behavior\ReadHtmlCacheBehavior [ RunTime:0.001195s ]
INFO: [ app_begin ] --END-- [ RunTime:0.001368s ]
SQL: SHOW COLUMNS FROM `think_pool` [ RunTime:0.0052s ]
SQL: SELECT `NAME`,`COLLECTION`,`DATE`,`INPUT`,`OUTPUT`,`SUMMARY` FROM `think_pool` WHERE `DATE` = '2015-11-10' ORDER BY DATE desc LIMIT 0,100   [ RunTime:0.0009s ]
SQL: SELECT COUNT(*) AS tp_count FROM `think_pool` WHERE `DATE` = '2015-11-10' LIMIT 1   [ RunTime:0.0006s ]

[ 2015-11-11T20:48:38+08:00 ] ::1 /PlanB/
INFO: [ app_init ] --START--
INFO: Run Behavior\BuildLiteBehavior [ RunTime:0.000037s ]
INFO: [ app_init ] --END-- [ RunTime:0.000618s ]
INFO: [ app_begin ] --START--
INFO: Run Behavior\ReadHtmlCacheBehavior [ RunTime:0.000879s ]
INFO: [ app_begin ] --END-- [ RunTime:0.001051s ]
SQL: SHOW COLUMNS FROM `think_name` [ RunTime:0.0037s ]
SQL: SELECT `name` FROM `think_name`  [ RunTime:0.0004s ]
SQL: SHOW COLUMNS FROM `think_collection` [ RunTime:0.0049s ]
SQL: SELECT `ID`,`NAME` FROM `think_collection`  [ RunTime:0.0008s ]
SQL: SELECT COUNT(*) AS tp_count FROM `think_collection` LIMIT 1   [ RunTime:0.0007s ]
INFO: [ view_parse ] --START--
INFO: [ template_filter ] --START--
INFO: Run Behavior\ContentReplaceBehavior [ RunTime:0.000244s ]
INFO: [ template_filter ] --END-- [ RunTime:0.000419s ]
INFO: Run Behavior\ParseTemplateBehavior [ RunTime:0.018927s ]
INFO: [ view_parse ] --END-- [ RunTime:0.019217s ]
INFO: [ view_filter ] --START--
INFO: Run Behavior\WriteHtmlCacheBehavior [ RunTime:0.000944s ]
INFO: [ view_filter ] --END-- [ RunTime:0.001164s ]
INFO: [ app_end ] --START--
INFO: Run Behavior\ShowPageTraceBehavior [ RunTime:0.001545s ]
INFO: [ app_end ] --END-- [ RunTime:0.001919s ]

[ 2015-11-11T20:48:38+08:00 ] ::1 /PlanB/index.php/Home/Index/getDayList?collection=%E5%85%A8%E9%83%A8&start=0&limit=100&pageIndex=0&_=1447246118674
INFO: [ app_init ] --START--
INFO: Run Behavior\BuildLiteBehavior [ RunTime:0.000062s ]
INFO: [ app_init ] --END-- [ RunTime:0.000867s ]
INFO: [ app_begin ] --START--
INFO: Run Behavior\ReadHtmlCacheBehavior [ RunTime:0.001632s ]
INFO: [ app_begin ] --END-- [ RunTime:0.001837s ]
SQL: SHOW COLUMNS FROM `think_pool` [ RunTime:0.0056s ]
SQL: SELECT `NAME`,`COLLECTION`,`DATE`,`INPUT`,`OUTPUT`,`SUMMARY` FROM `think_pool` WHERE `DATE` = '2015-11-10' ORDER BY DATE desc LIMIT 0,100   [ RunTime:0.0006s ]
SQL: SELECT COUNT(*) AS tp_count FROM `think_pool` WHERE `DATE` = '2015-11-10' LIMIT 1   [ RunTime:0.0005s ]

[ 2015-11-11T20:49:08+08:00 ] ::1 /PlanB/index.php/Home/Index/getCollection?start=0&limit=10&pageIndex=0&_=1447246148044
INFO: [ app_init ] --START--
INFO: Run Behavior\BuildLiteBehavior [ RunTime:0.000051s ]
INFO: [ app_init ] --END-- [ RunTime:0.000837s ]
INFO: [ app_begin ] --START--
INFO: Run Behavior\ReadHtmlCacheBehavior [ RunTime:0.000796s ]
INFO: [ app_begin ] --END-- [ RunTime:0.000934s ]
SQL: SHOW COLUMNS FROM `think_collection` [ RunTime:0.0042s ]
SQL: SELECT `ID`,`NAME` FROM `think_collection` LIMIT 0,10   [ RunTime:0.0004s ]
SQL: SELECT COUNT(*) AS tp_count FROM `think_collection` LIMIT 1   [ RunTime:0.0004s ]

[ 2015-11-11T20:49:11+08:00 ] ::1 /PlanB/index.php/Home/Index/getStorage?start=0&limit=10&pageIndex=0&_=1447246150920
INFO: [ app_init ] --START--
INFO: Run Behavior\BuildLiteBehavior [ RunTime:0.000031s ]
INFO: [ app_init ] --END-- [ RunTime:0.000502s ]
INFO: [ app_begin ] --START--
INFO: Run Behavior\ReadHtmlCacheBehavior [ RunTime:0.000749s ]
INFO: [ app_begin ] --END-- [ RunTime:0.001001s ]
SQL: SHOW COLUMNS FROM `think_name` [ RunTime:0.0033s ]
SQL: SELECT `NAME`,`COLLECTION`,`STORAGE`,`LASTDAY` FROM `think_name` ORDER BY LASTDAY desc LIMIT 0,10   [ RunTime:0.0004s ]
SQL: SELECT COUNT(*) AS tp_count FROM `think_name` LIMIT 1   [ RunTime:0.0003s ]

[ 2015-11-11T20:49:21+08:00 ] ::1 /PlanB/index.php/Home/Index/getStorage?start=0&limit=10&pageIndex=0&_=1447246161799
INFO: [ app_init ] --START--
INFO: Run Behavior\BuildLiteBehavior [ RunTime:0.000032s ]
INFO: [ app_init ] --END-- [ RunTime:0.000801s ]
INFO: [ app_begin ] --START--
INFO: Run Behavior\ReadHtmlCacheBehavior [ RunTime:0.000824s ]
INFO: [ app_begin ] --END-- [ RunTime:0.000959s ]
SQL: SHOW COLUMNS FROM `think_name` [ RunTime:0.0046s ]
SQL: SELECT `NAME`,`COLLECTION`,`STORAGE`,`LASTDAY` FROM `think_name` ORDER BY LASTDAY desc LIMIT 0,10   [ RunTime:0.0004s ]
SQL: SELECT COUNT(*) AS tp_count FROM `think_name` LIMIT 1   [ RunTime:0.0003s ]

[ 2015-11-11T20:49:24+08:00 ] ::1 /PlanB/index.php/Home/Index/getCollection?start=0&limit=10&pageIndex=0&_=1447246164392
INFO: [ app_init ] --START--
INFO: Run Behavior\BuildLiteBehavior [ RunTime:0.000035s ]
INFO: [ app_init ] --END-- [ RunTime:0.000571s ]
INFO: [ app_begin ] --START--
INFO: Run Behavior\ReadHtmlCacheBehavior [ RunTime:0.000766s ]
INFO: [ app_begin ] --END-- [ RunTime:0.000900s ]
SQL: SHOW COLUMNS FROM `think_collection` [ RunTime:0.0040s ]
SQL: SELECT `ID`,`NAME` FROM `think_collection` LIMIT 0,10   [ RunTime:0.0005s ]
SQL: SELECT COUNT(*) AS tp_count FROM `think_collection` LIMIT 1   [ RunTime:0.0004s ]

[ 2015-11-11T20:50:23+08:00 ] ::1 /PlanB/
INFO: [ app_init ] --START--
INFO: Run Behavior\BuildLiteBehavior [ RunTime:0.000036s ]
INFO: [ app_init ] --END-- [ RunTime:0.000588s ]
INFO: [ app_begin ] --START--
INFO: Run Behavior\ReadHtmlCacheBehavior [ RunTime:0.000851s ]
INFO: [ app_begin ] --END-- [ RunTime:0.001044s ]
SQL: SHOW COLUMNS FROM `think_name` [ RunTime:0.0038s ]
SQL: SELECT `name` FROM `think_name`  [ RunTime:0.0004s ]
SQL: SHOW COLUMNS FROM `think_collection` [ RunTime:0.0036s ]
SQL: SELECT `ID`,`NAME` FROM `think_collection`  [ RunTime:0.0003s ]
SQL: SELECT COUNT(*) AS tp_count FROM `think_collection` LIMIT 1   [ RunTime:0.0002s ]
INFO: [ view_parse ] --START--
INFO: [ template_filter ] --START--
INFO: Run Behavior\ContentReplaceBehavior [ RunTime:0.000311s ]
INFO: [ template_filter ] --END-- [ RunTime:0.000579s ]
INFO: Run Behavior\ParseTemplateBehavior [ RunTime:0.019191s ]
INFO: [ view_parse ] --END-- [ RunTime:0.019354s ]
INFO: [ view_filter ] --START--
INFO: Run Behavior\WriteHtmlCacheBehavior [ RunTime:0.000754s ]
INFO: [ view_filter ] --END-- [ RunTime:0.000935s ]
INFO: [ app_end ] --START--
INFO: Run Behavior\ShowPageTraceBehavior [ RunTime:0.001534s ]
INFO: [ app_end ] --END-- [ RunTime:0.001801s ]

[ 2015-11-11T20:50:25+08:00 ] ::1 /PlanB/index.php/Home/Index/getDayList?collection=%E5%85%A8%E9%83%A8&start=0&limit=100&pageIndex=0&_=1447246224960
INFO: [ app_init ] --START--
INFO: Run Behavior\BuildLiteBehavior [ RunTime:0.000068s ]
INFO: [ app_init ] --END-- [ RunTime:0.000957s ]
INFO: [ app_begin ] --START--
INFO: Run Behavior\ReadHtmlCacheBehavior [ RunTime:0.001270s ]
INFO: [ app_begin ] --END-- [ RunTime:0.001531s ]
SQL: SHOW COLUMNS FROM `think_pool` [ RunTime:0.0056s ]
SQL: SELECT `NAME`,`COLLECTION`,`DATE`,`INPUT`,`OUTPUT`,`SUMMARY` FROM `think_pool` WHERE `DATE` = '2015-11-10' ORDER BY DATE desc LIMIT 0,100   [ RunTime:0.0008s ]
SQL: SELECT COUNT(*) AS tp_count FROM `think_pool` WHERE `DATE` = '2015-11-10' LIMIT 1   [ RunTime:0.0007s ]

[ 2015-11-11T20:50:27+08:00 ] ::1 /PlanB/index.php/Home/Index/getDayList?collection=%E5%85%A8%E9%83%A8&start=0&limit=100&pageIndex=0&date=2015-11-09&_=1447246227742
INFO: [ app_init ] --START--
INFO: Run Behavior\BuildLiteBehavior [ RunTime:0.000059s ]
INFO: [ app_init ] --END-- [ RunTime:0.001056s ]
INFO: [ app_begin ] --START--
INFO: Run Behavior\ReadHtmlCacheBehavior [ RunTime:0.001923s ]
INFO: [ app_begin ] --END-- [ RunTime:0.002472s ]
SQL: SHOW COLUMNS FROM `think_pool` [ RunTime:0.0068s ]
SQL: SELECT `NAME`,`COLLECTION`,`DATE`,`INPUT`,`OUTPUT`,`SUMMARY` FROM `think_pool` WHERE `DATE` = '2015-11-09' ORDER BY DATE desc LIMIT 0,100   [ RunTime:0.0006s ]
SQL: SELECT COUNT(*) AS tp_count FROM `think_pool` WHERE `DATE` = '2015-11-09' LIMIT 1   [ RunTime:0.0009s ]

[ 2015-11-11T20:50:29+08:00 ] ::1 /PlanB/index.php/Home/Index/getDayList?collection=%E5%85%A8%E9%83%A8&start=0&limit=100&pageIndex=0&date=2015-11-08&_=1447246229525
INFO: [ app_init ] --START--
INFO: Run Behavior\BuildLiteBehavior [ RunTime:0.000064s ]
INFO: [ app_init ] --END-- [ RunTime:0.001646s ]
INFO: [ app_begin ] --START--
INFO: Run Behavior\ReadHtmlCacheBehavior [ RunTime:0.000802s ]
INFO: [ app_begin ] --END-- [ RunTime:0.000935s ]
SQL: SHOW COLUMNS FROM `think_pool` [ RunTime:0.0050s ]
SQL: SELECT `NAME`,`COLLECTION`,`DATE`,`INPUT`,`OUTPUT`,`SUMMARY` FROM `think_pool` WHERE `DATE` = '2015-11-08' ORDER BY DATE desc LIMIT 0,100   [ RunTime:0.0005s ]
SQL: SELECT COUNT(*) AS tp_count FROM `think_pool` WHERE `DATE` = '2015-11-08' LIMIT 1   [ RunTime:0.0004s ]

[ 2015-11-11T20:50:30+08:00 ] ::1 /PlanB/index.php/Home/Index/getList?start=0&limit=10&pageIndex=0&name=%E6%B5%8B%E8%AF%95&_=1447246230912
INFO: [ app_init ] --START--
INFO: Run Behavior\BuildLiteBehavior [ RunTime:0.000034s ]
INFO: [ app_init ] --END-- [ RunTime:0.000593s ]
INFO: [ app_begin ] --START--
INFO: Run Behavior\ReadHtmlCacheBehavior [ RunTime:0.000811s ]
INFO: [ app_begin ] --END-- [ RunTime:0.000948s ]
SQL: SHOW COLUMNS FROM `think_pool` [ RunTime:0.0044s ]
SQL: SELECT `NAME`,`COLLECTION`,`DATE`,`INPUT`,`OUTPUT`,`SUMMARY`,`NOTE` FROM `think_pool` WHERE `NAME` = '测试' ORDER BY DATE desc LIMIT 0,10   [ RunTime:0.0006s ]
SQL: SELECT COUNT(*) AS tp_count FROM `think_pool` WHERE `NAME` = '测试' LIMIT 1   [ RunTime:0.0005s ]

[ 2015-11-11T22:27:52+08:00 ] ::1 /PlanB/
INFO: [ app_init ] --START--
INFO: Run Behavior\BuildLiteBehavior [ RunTime:0.000711s ]
INFO: [ app_init ] --END-- [ RunTime:0.002854s ]
INFO: [ app_begin ] --START--
INFO: Run Behavior\ReadHtmlCacheBehavior [ RunTime:0.016387s ]
INFO: [ app_begin ] --END-- [ RunTime:0.016577s ]
SQL: SHOW COLUMNS FROM `think_name` [ RunTime:0.0072s ]
SQL: SELECT `name` FROM `think_name`  [ RunTime:0.0004s ]
SQL: SHOW COLUMNS FROM `think_collection` [ RunTime:0.0053s ]
SQL: SELECT `ID`,`NAME` FROM `think_collection`  [ RunTime:0.0004s ]
SQL: SELECT COUNT(*) AS tp_count FROM `think_collection` LIMIT 1   [ RunTime:0.0003s ]
INFO: [ view_parse ] --START--
INFO: [ template_filter ] --START--
INFO: Run Behavior\ContentReplaceBehavior [ RunTime:0.000243s ]
INFO: [ template_filter ] --END-- [ RunTime:0.000434s ]
INFO: Run Behavior\ParseTemplateBehavior [ RunTime:0.062347s ]
INFO: [ view_parse ] --END-- [ RunTime:0.062636s ]
INFO: [ view_filter ] --START--
INFO: Run Behavior\WriteHtmlCacheBehavior [ RunTime:0.017562s ]
INFO: [ view_filter ] --END-- [ RunTime:0.017784s ]
INFO: [ app_end ] --START--
INFO: Run Behavior\ShowPageTraceBehavior [ RunTime:0.025351s ]
INFO: [ app_end ] --END-- [ RunTime:0.025525s ]

[ 2015-11-11T22:27:53+08:00 ] ::1 /PlanB/index.php/Home/Index/getDayList?collection=%E5%85%A8%E9%83%A8&start=0&limit=100&pageIndex=0&_=1447252073076
INFO: [ app_init ] --START--
INFO: Run Behavior\BuildLiteBehavior [ RunTime:0.000054s ]
INFO: [ app_init ] --END-- [ RunTime:0.001057s ]
INFO: [ app_begin ] --START--
INFO: Run Behavior\ReadHtmlCacheBehavior [ RunTime:0.000750s ]
INFO: [ app_begin ] --END-- [ RunTime:0.000926s ]
SQL: SHOW COLUMNS FROM `think_pool` [ RunTime:0.0050s ]
SQL: SELECT `NAME`,`COLLECTION`,`DATE`,`INPUT`,`OUTPUT`,`SUMMARY` FROM `think_pool` WHERE `DATE` = '2015-11-10' ORDER BY DATE desc LIMIT 0,100   [ RunTime:0.0006s ]
SQL: SELECT COUNT(*) AS tp_count FROM `think_pool` WHERE `DATE` = '2015-11-10' LIMIT 1   [ RunTime:0.0004s ]

[ 2015-11-11T22:28:07+08:00 ] ::1 /PlanB/index.php/Home/Index/getCollection?start=0&limit=10&pageIndex=0&_=1447252087484
INFO: [ app_init ] --START--
INFO: Run Behavior\BuildLiteBehavior [ RunTime:0.000032s ]
INFO: [ app_init ] --END-- [ RunTime:0.000549s ]
INFO: [ app_begin ] --START--
INFO: Run Behavior\ReadHtmlCacheBehavior [ RunTime:0.000709s ]
INFO: [ app_begin ] --END-- [ RunTime:0.000861s ]
SQL: SHOW COLUMNS FROM `think_collection` [ RunTime:0.0048s ]
SQL: SELECT `ID`,`NAME` FROM `think_collection` LIMIT 0,10   [ RunTime:0.0005s ]
SQL: SELECT COUNT(*) AS tp_count FROM `think_collection` LIMIT 1   [ RunTime:0.0004s ]

[ 2015-11-11T22:28:12+08:00 ] ::1 /PlanB/index.php/Home/Index/addCollection?name=%E6%B5%8B%E8%AF%95&_=1447252092908
INFO: [ app_init ] --START--
INFO: Run Behavior\BuildLiteBehavior [ RunTime:0.000067s ]
INFO: [ app_init ] --END-- [ RunTime:0.000901s ]
INFO: [ app_begin ] --START--
INFO: Run Behavior\ReadHtmlCacheBehavior [ RunTime:0.001321s ]
INFO: [ app_begin ] --END-- [ RunTime:0.001531s ]
SQL: SHOW COLUMNS FROM `think_collection` [ RunTime:0.0051s ]
SQL: INSERT INTO `think_collection` (`NAME`) VALUES ('测试') [ RunTime:0.0011s ]

[ 2015-11-11T22:28:14+08:00 ] ::1 /PlanB/index.php/Home/Index/getCollection?start=0&limit=10&pageIndex=0&_=1447252094189
INFO: [ app_init ] --START--
INFO: Run Behavior\BuildLiteBehavior [ RunTime:0.000390s ]
INFO: [ app_init ] --END-- [ RunTime:0.003241s ]
INFO: [ app_begin ] --START--
INFO: Run Behavior\ReadHtmlCacheBehavior [ RunTime:0.001455s ]
INFO: [ app_begin ] --END-- [ RunTime:0.001772s ]
SQL: SHOW COLUMNS FROM `think_collection` [ RunTime:0.0042s ]
SQL: SELECT `ID`,`NAME` FROM `think_collection` LIMIT 0,10   [ RunTime:0.0004s ]
SQL: SELECT COUNT(*) AS tp_count FROM `think_collection` LIMIT 1   [ RunTime:0.0002s ]

[ 2015-11-11T22:28:16+08:00 ] ::1 /PlanB/
INFO: [ app_init ] --START--
INFO: Run Behavior\BuildLiteBehavior [ RunTime:0.000064s ]
INFO: [ app_init ] --END-- [ RunTime:0.000971s ]
INFO: [ app_begin ] --START--
INFO: Run Behavior\ReadHtmlCacheBehavior [ RunTime:0.001480s ]
INFO: [ app_begin ] --END-- [ RunTime:0.001787s ]
SQL: SHOW COLUMNS FROM `think_name` [ RunTime:0.0046s ]
SQL: SELECT `name` FROM `think_name`  [ RunTime:0.0004s ]
SQL: SHOW COLUMNS FROM `think_collection` [ RunTime:0.0046s ]
SQL: SELECT `ID`,`NAME` FROM `think_collection`  [ RunTime:0.0004s ]
SQL: SELECT COUNT(*) AS tp_count FROM `think_collection` LIMIT 1   [ RunTime:0.0004s ]
INFO: [ view_parse ] --START--
INFO: [ template_filter ] --START--
INFO: Run Behavior\ContentReplaceBehavior [ RunTime:0.000256s ]
INFO: [ template_filter ] --END-- [ RunTime:0.000421s ]
INFO: Run Behavior\ParseTemplateBehavior [ RunTime:0.019008s ]
INFO: [ view_parse ] --END-- [ RunTime:0.019433s ]
INFO: [ view_filter ] --START--
INFO: Run Behavior\WriteHtmlCacheBehavior [ RunTime:0.001214s ]
INFO: [ view_filter ] --END-- [ RunTime:0.001458s ]
INFO: [ app_end ] --START--
INFO: Run Behavior\ShowPageTraceBehavior [ RunTime:0.001420s ]
INFO: [ app_end ] --END-- [ RunTime:0.001717s ]

[ 2015-11-11T22:28:17+08:00 ] ::1 /PlanB/index.php/Home/Index/getDayList?collection=%E5%85%A8%E9%83%A8&start=0&limit=100&pageIndex=0&_=1447252097309
INFO: [ app_init ] --START--
INFO: Run Behavior\BuildLiteBehavior [ RunTime:0.000036s ]
INFO: [ app_init ] --END-- [ RunTime:0.000593s ]
INFO: [ app_begin ] --START--
INFO: Run Behavior\ReadHtmlCacheBehavior [ RunTime:0.001314s ]
INFO: [ app_begin ] --END-- [ RunTime:0.001568s ]
SQL: SHOW COLUMNS FROM `think_pool` [ RunTime:0.0060s ]
SQL: SELECT `NAME`,`COLLECTION`,`DATE`,`INPUT`,`OUTPUT`,`SUMMARY` FROM `think_pool` WHERE `DATE` = '2015-11-10' ORDER BY DATE desc LIMIT 0,100   [ RunTime:0.0008s ]
SQL: SELECT COUNT(*) AS tp_count FROM `think_pool` WHERE `DATE` = '2015-11-10' LIMIT 1   [ RunTime:0.0006s ]

[ 2015-11-11T22:28:51+08:00 ] ::1 /PlanB/index.php/Home/Index/inputData?name=%E6%B5%8B%E8%AF%95&collection=%E6%B5%8B%E8%AF%95&amount=10&date=2015-11-11&action=%E5%87%BA%E5%BA%93&note=%E6%B5%8B%E8%AF%95%E5%86%85%E5%AE%B9&_=1447252130996
INFO: [ app_init ] --START--
INFO: Run Behavior\BuildLiteBehavior [ RunTime:0.000064s ]
INFO: [ app_init ] --END-- [ RunTime:0.000916s ]
INFO: [ app_begin ] --START--
INFO: Run Behavior\ReadHtmlCacheBehavior [ RunTime:0.001795s ]
INFO: [ app_begin ] --END-- [ RunTime:0.002626s ]
ERR: 非法操作:inputData

[ 2015-11-11T22:29:03+08:00 ] ::1 /PlanB/index.php/Home/Index/inputData?name=%E6%B5%8B%E8%AF%95&collection=%E6%B5%8B%E8%AF%95&amount=10&date=2015-11-11&action=%E5%87%BA%E5%BA%93&note=%E6%B5%8B%E8%AF%95%E5%86%85%E5%AE%B9&_=1447252143351
INFO: [ app_init ] --START--
INFO: Run Behavior\BuildLiteBehavior [ RunTime:0.003124s ]
INFO: [ app_init ] --END-- [ RunTime:0.005569s ]
INFO: [ app_begin ] --START--
INFO: Run Behavior\ReadHtmlCacheBehavior [ RunTime:0.002140s ]
INFO: [ app_begin ] --END-- [ RunTime:0.005594s ]
ERR: 非法操作:inputData

[ 2015-11-11T22:29:31+08:00 ] ::1 /PlanB/
INFO: [ app_init ] --START--
INFO: Run Behavior\BuildLiteBehavior [ RunTime:0.000066s ]
INFO: [ app_init ] --END-- [ RunTime:0.001465s ]
INFO: [ app_begin ] --START--
INFO: Run Behavior\ReadHtmlCacheBehavior [ RunTime:0.000755s ]
INFO: [ app_begin ] --END-- [ RunTime:0.000918s ]
SQL: SHOW COLUMNS FROM `think_name` [ RunTime:0.0036s ]
SQL: SELECT `name` FROM `think_name`  [ RunTime:0.0004s ]
SQL: SHOW COLUMNS FROM `think_collection` [ RunTime:0.0045s ]
SQL: SELECT `ID`,`NAME` FROM `think_collection`  [ RunTime:0.0004s ]
SQL: SELECT COUNT(*) AS tp_count FROM `think_collection` LIMIT 1   [ RunTime:0.0003s ]
INFO: [ view_parse ] --START--
INFO: [ template_filter ] --START--
INFO: Run Behavior\ContentReplaceBehavior [ RunTime:0.000222s ]
INFO: [ template_filter ] --END-- [ RunTime:0.000370s ]
INFO: Run Behavior\ParseTemplateBehavior [ RunTime:0.019230s ]
INFO: [ view_parse ] --END-- [ RunTime:0.019478s ]
INFO: [ view_filter ] --START--
INFO: Run Behavior\WriteHtmlCacheBehavior [ RunTime:0.000915s ]
INFO: [ view_filter ] --END-- [ RunTime:0.001150s ]
INFO: [ app_end ] --START--
INFO: Run Behavior\ShowPageTraceBehavior [ RunTime:0.001269s ]
INFO: [ app_end ] --END-- [ RunTime:0.001589s ]

[ 2015-11-11T22:29:33+08:00 ] ::1 /PlanB/index.php/Home/Index/getDayList?collection=%E5%85%A8%E9%83%A8&start=0&limit=100&pageIndex=0&_=1447252172937
INFO: [ app_init ] --START--
INFO: Run Behavior\BuildLiteBehavior [ RunTime:0.000059s ]
INFO: [ app_init ] --END-- [ RunTime:0.000975s ]
INFO: [ app_begin ] --START--
INFO: Run Behavior\ReadHtmlCacheBehavior [ RunTime:0.001023s ]
INFO: [ app_begin ] --END-- [ RunTime:0.001247s ]
SQL: SHOW COLUMNS FROM `think_pool` [ RunTime:0.0054s ]
SQL: SELECT `NAME`,`COLLECTION`,`DATE`,`INPUT`,`OUTPUT`,`SUMMARY` FROM `think_pool` WHERE `DATE` = '2015-11-10' ORDER BY DATE desc LIMIT 0,100   [ RunTime:0.0007s ]
SQL: SELECT COUNT(*) AS tp_count FROM `think_pool` WHERE `DATE` = '2015-11-10' LIMIT 1   [ RunTime:0.0006s ]

[ 2015-11-11T22:29:48+08:00 ] ::1 /PlanB/index.php/Home/Index/addRecord?name=%E6%B5%8B%E8%AF%95&collection=%E6%B5%8B%E8%AF%95&amount=10&date=2015-11-11&action=%E5%87%BA%E5%BA%93&note=%E6%B5%8B%E8%AF%95%E5%86%85%E5%AE%B9&_=1447252188600
INFO: [ app_init ] --START--
INFO: Run Behavior\BuildLiteBehavior [ RunTime:0.000066s ]
INFO: [ app_init ] --END-- [ RunTime:0.002075s ]
INFO: [ app_begin ] --START--
INFO: Run Behavior\ReadHtmlCacheBehavior [ RunTime:0.000923s ]
INFO: [ app_begin ] --END-- [ RunTime:0.001124s ]
ERR: 非法操作:addRecord

[ 2015-11-11T22:30:01+08:00 ] ::1 /PlanB/index.php/Home/Index/addRecord?name=%E6%B5%8B%E8%AF%95&collection=%E6%B5%8B%E8%AF%95&amount=10&date=2015-11-11&action=%E5%87%BA%E5%BA%93&note=%E6%B5%8B%E8%AF%95%E5%86%85%E5%AE%B9&_=1447252201043
INFO: [ app_init ] --START--
INFO: Run Behavior\BuildLiteBehavior [ RunTime:0.000039s ]
INFO: [ app_init ] --END-- [ RunTime:0.000815s ]
INFO: [ app_begin ] --START--
INFO: Run Behavior\ReadHtmlCacheBehavior [ RunTime:0.001949s ]
INFO: [ app_begin ] --END-- [ RunTime:0.002355s ]
ERR: 非法操作:addRecord

[ 2015-11-11T22:31:29+08:00 ] ::1 /PlanB/index.php/Home/Index/addRecord?name=%E6%B5%8B%E8%AF%95&collection=%E6%B5%8B%E8%AF%95&amount=10&date=2015-11-11&action=%E5%87%BA%E5%BA%93&note=%E6%B5%8B%E8%AF%95%E5%86%85%E5%AE%B9&_=1447252289691
INFO: [ app_init ] --START--
INFO: Run Behavior\BuildLiteBehavior [ RunTime:0.000033s ]
INFO: [ app_init ] --END-- [ RunTime:0.000563s ]
INFO: [ app_begin ] --START--
INFO: Run Behavior\ReadHtmlCacheBehavior [ RunTime:0.000660s ]
INFO: [ app_begin ] --END-- [ RunTime:0.000789s ]
SQL: SHOW COLUMNS FROM `think_name` [ RunTime:0.0046s ]
SQL: SELECT * FROM `think_name` WHERE `NAME` = '测试' LIMIT 1   [ RunTime:0.0004s ]
SQL: INSERT INTO `think_name` (`NAME`) VALUES ('测试') [ RunTime:0.0005s ]
SQL: SHOW COLUMNS FROM `think_pool` [ RunTime:0.0033s ]
SQL: SELECT * FROM `think_pool` WHERE `NAME` = '测试' AND `DATE` = '2015-11-11' LIMIT 1   [ RunTime:0.0004s ]
SQL: SELECT * FROM `think_pool` WHERE `NAME` = '测试' AND `DATE` = '2015-11-11' ORDER BY DATE desc LIMIT 1   [ RunTime:0.0003s ]

[ 2015-11-11T22:31:34+08:00 ] ::1 /PlanB/index.php/Home/Index/addRecord?name=%E6%B5%8B%E8%AF%95&collection=%E6%B5%8B%E8%AF%95&amount=10&date=2015-11-11&action=%E5%87%BA%E5%BA%93&note=%E6%B5%8B%E8%AF%95%E5%86%85%E5%AE%B9&_=1447252293973
INFO: [ app_init ] --START--
INFO: Run Behavior\BuildLiteBehavior [ RunTime:0.000048s ]
INFO: [ app_init ] --END-- [ RunTime:0.000825s ]
INFO: [ app_begin ] --START--
INFO: Run Behavior\ReadHtmlCacheBehavior [ RunTime:0.000675s ]
INFO: [ app_begin ] --END-- [ RunTime:0.000842s ]
SQL: SHOW COLUMNS FROM `think_name` [ RunTime:0.0282s ]
SQL: SELECT * FROM `think_name` WHERE `NAME` = '测试' LIMIT 1   [ RunTime:0.0005s ]
SQL: SHOW COLUMNS FROM `think_pool` [ RunTime:0.0037s ]
SQL: SELECT * FROM `think_pool` WHERE `NAME` = '测试' AND `DATE` = '2015-11-11' LIMIT 1   [ RunTime:0.0005s ]
SQL: SELECT * FROM `think_pool` WHERE `NAME` = '测试' AND `DATE` = '2015-11-11' ORDER BY DATE desc LIMIT 1   [ RunTime:0.0003s ]

[ 2015-11-11T22:31:47+08:00 ] ::1 /PlanB/index.php/Home/Index/addRecord?name=%E6%B5%8B%E8%AF%95&collection=%E6%B5%8B%E8%AF%95&amount=10&date=2015-11-11&action=%E5%85%A5%E5%BA%93&note=%E6%B5%8B%E8%AF%95%E5%86%85%E5%AE%B9&_=1447252307226
INFO: [ app_init ] --START--
INFO: Run Behavior\BuildLiteBehavior [ RunTime:0.000031s ]
INFO: [ app_init ] --END-- [ RunTime:0.000500s ]
INFO: [ app_begin ] --START--
INFO: Run Behavior\ReadHtmlCacheBehavior [ RunTime:0.000577s ]
INFO: [ app_begin ] --END-- [ RunTime:0.000716s ]
SQL: SHOW COLUMNS FROM `think_name` [ RunTime:0.0035s ]
SQL: SELECT * FROM `think_name` WHERE `NAME` = '测试' LIMIT 1   [ RunTime:0.0004s ]
SQL: SHOW COLUMNS FROM `think_pool` [ RunTime:0.0032s ]
SQL: SELECT * FROM `think_pool` WHERE `NAME` = '测试' AND `DATE` = '2015-11-11' LIMIT 1   [ RunTime:0.0005s ]
SQL: SELECT * FROM `think_pool` WHERE `NAME` = '测试' AND `DATE` = '2015-11-11' ORDER BY DATE desc LIMIT 1   [ RunTime:0.0005s ]
SQL: INSERT INTO `think_pool` (`NAME`,`COLLECTION`,`DATE`,`NOTE`,`INPUT`,`OUTPUT`,`SUMMARY`) VALUES ('测试','测试','2015-11-11','测试内容','10','0','10') [ RunTime:0.0212s ]

[ 2015-11-11T22:31:53+08:00 ] ::1 /PlanB/index.php/Home/Index/getDayList?collection=%E5%85%A8%E9%83%A8&start=0&limit=100&pageIndex=0&date=2015-11-11&_=1447252313828
INFO: [ app_init ] --START--
INFO: Run Behavior\BuildLiteBehavior [ RunTime:0.000064s ]
INFO: [ app_init ] --END-- [ RunTime:0.000866s ]
INFO: [ app_begin ] --START--
INFO: Run Behavior\ReadHtmlCacheBehavior [ RunTime:0.001355s ]
INFO: [ app_begin ] --END-- [ RunTime:0.001623s ]
SQL: SHOW COLUMNS FROM `think_pool` [ RunTime:0.0060s ]
SQL: SELECT `NAME`,`COLLECTION`,`DATE`,`INPUT`,`OUTPUT`,`SUMMARY` FROM `think_pool` WHERE `DATE` = '2015-11-11' ORDER BY DATE desc LIMIT 0,100   [ RunTime:0.0005s ]
SQL: SELECT COUNT(*) AS tp_count FROM `think_pool` WHERE `DATE` = '2015-11-11' LIMIT 1   [ RunTime:0.0003s ]

[ 2015-11-11T22:31:55+08:00 ] ::1 /PlanB/index.php/Home/Index/getList?start=0&limit=10&pageIndex=0&name=%E6%B5%8B%E8%AF%95&_=1447252315524
INFO: [ app_init ] --START--
INFO: Run Behavior\BuildLiteBehavior [ RunTime:0.000059s ]
INFO: [ app_init ] --END-- [ RunTime:0.000887s ]
INFO: [ app_begin ] --START--
INFO: Run Behavior\ReadHtmlCacheBehavior [ RunTime:0.001072s ]
INFO: [ app_begin ] --END-- [ RunTime:0.001306s ]
SQL: SHOW COLUMNS FROM `think_pool` [ RunTime:0.0038s ]
SQL: SELECT `NAME`,`COLLECTION`,`DATE`,`INPUT`,`OUTPUT`,`SUMMARY`,`NOTE` FROM `think_pool` WHERE `NAME` = '测试' ORDER BY DATE desc LIMIT 0,10   [ RunTime:0.0005s ]
SQL: SELECT COUNT(*) AS tp_count FROM `think_pool` WHERE `NAME` = '测试' LIMIT 1   [ RunTime:0.0004s ]

[ 2015-11-11T22:32:05+08:00 ] ::1 /PlanB/index.php/Home/Index/getStorage?start=0&limit=10&pageIndex=0&_=1447252325637
INFO: [ app_init ] --START--
INFO: Run Behavior\BuildLiteBehavior [ RunTime:0.000032s ]
INFO: [ app_init ] --END-- [ RunTime:0.000600s ]
INFO: [ app_begin ] --START--
INFO: Run Behavior\ReadHtmlCacheBehavior [ RunTime:0.000672s ]
INFO: [ app_begin ] --END-- [ RunTime:0.000796s ]
SQL: SHOW COLUMNS FROM `think_name` [ RunTime:0.0036s ]
SQL: SELECT `NAME`,`COLLECTION`,`STORAGE`,`LASTDAY` FROM `think_name` ORDER BY LASTDAY desc LIMIT 0,10   [ RunTime:0.0004s ]
SQL: SELECT COUNT(*) AS tp_count FROM `think_name` LIMIT 1   [ RunTime:0.0003s ]

[ 2015-11-11T22:41:27+08:00 ] ::1 /PlanB/
INFO: [ app_init ] --START--
INFO: Run Behavior\BuildLiteBehavior [ RunTime:0.000033s ]
INFO: [ app_init ] --END-- [ RunTime:0.000591s ]
INFO: [ app_begin ] --START--
INFO: Run Behavior\ReadHtmlCacheBehavior [ RunTime:0.000729s ]
INFO: [ app_begin ] --END-- [ RunTime:0.000881s ]
SQL: SHOW COLUMNS FROM `think_name` [ RunTime:0.0043s ]
SQL: SELECT `name` FROM `think_name`  [ RunTime:0.0003s ]
SQL: SHOW COLUMNS FROM `think_collection` [ RunTime:0.0030s ]
SQL: SELECT `ID`,`NAME` FROM `think_collection`  [ RunTime:0.0004s ]
SQL: SELECT COUNT(*) AS tp_count FROM `think_collection` LIMIT 1   [ RunTime:0.0002s ]
INFO: [ view_parse ] --START--
INFO: [ template_filter ] --START--
INFO: Run Behavior\ContentReplaceBehavior [ RunTime:0.000228s ]
INFO: [ template_filter ] --END-- [ RunTime:0.000386s ]
INFO: Run Behavior\ParseTemplateBehavior [ RunTime:0.016847s ]
INFO: [ view_parse ] --END-- [ RunTime:0.017089s ]
INFO: [ view_filter ] --START--
INFO: Run Behavior\WriteHtmlCacheBehavior [ RunTime:0.000988s ]
INFO: [ view_filter ] --END-- [ RunTime:0.001172s ]
INFO: [ app_end ] --START--
INFO: Run Behavior\ShowPageTraceBehavior [ RunTime:0.001441s ]
INFO: [ app_end ] --END-- [ RunTime:0.001733s ]

[ 2015-11-11T22:41:27+08:00 ] ::1 /PlanB/index.php/Home/Index/getDayList?collection=%E5%85%A8%E9%83%A8&start=0&limit=100&pageIndex=0&_=1447252887681
INFO: [ app_init ] --START--
INFO: Run Behavior\BuildLiteBehavior [ RunTime:0.000035s ]
INFO: [ app_init ] --END-- [ RunTime:0.000551s ]
INFO: [ app_begin ] --START--
INFO: Run Behavior\ReadHtmlCacheBehavior [ RunTime:0.001601s ]
INFO: [ app_begin ] --END-- [ RunTime:0.001954s ]
SQL: SHOW COLUMNS FROM `think_pool` [ RunTime:0.0067s ]
SQL: SELECT `NAME`,`COLLECTION`,`DATE`,`INPUT`,`OUTPUT`,`SUMMARY` FROM `think_pool` WHERE `DATE` = '2015-11-10' ORDER BY DATE desc LIMIT 0,100   [ RunTime:0.0006s ]
SQL: SELECT COUNT(*) AS tp_count FROM `think_pool` WHERE `DATE` = '2015-11-10' LIMIT 1   [ RunTime:0.0005s ]

[ 2015-11-11T22:41:29+08:00 ] ::1 /PlanB/index.php/Home/Index/getCollection?start=0&limit=10&pageIndex=0&_=1447252889712
INFO: [ app_init ] --START--
INFO: Run Behavior\BuildLiteBehavior [ RunTime:0.000029s ]
INFO: [ app_init ] --END-- [ RunTime:0.000469s ]
INFO: [ app_begin ] --START--
INFO: Run Behavior\ReadHtmlCacheBehavior [ RunTime:0.000895s ]
INFO: [ app_begin ] --END-- [ RunTime:0.001030s ]
SQL: SHOW COLUMNS FROM `think_collection` [ RunTime:0.0038s ]
SQL: SELECT `ID`,`NAME` FROM `think_collection` LIMIT 0,10   [ RunTime:0.0004s ]
SQL: SELECT COUNT(*) AS tp_count FROM `think_collection` LIMIT 1   [ RunTime:0.0003s ]

[ 2015-11-11T22:41:34+08:00 ] ::1 /PlanB/
INFO: [ app_init ] --START--
INFO: Run Behavior\BuildLiteBehavior [ RunTime:0.000058s ]
INFO: [ app_init ] --END-- [ RunTime:0.000642s ]
INFO: [ app_begin ] --START--
INFO: Run Behavior\ReadHtmlCacheBehavior [ RunTime:0.001295s ]
INFO: [ app_begin ] --END-- [ RunTime:0.001547s ]
SQL: SHOW COLUMNS FROM `think_name` [ RunTime:0.0036s ]
SQL: SELECT `name` FROM `think_name`  [ RunTime:0.0004s ]
SQL: SHOW COLUMNS FROM `think_collection` [ RunTime:0.0033s ]
SQL: SELECT `ID`,`NAME` FROM `think_collection`  [ RunTime:0.0003s ]
SQL: SELECT COUNT(*) AS tp_count FROM `think_collection` LIMIT 1   [ RunTime:0.0002s ]
INFO: [ view_parse ] --START--
INFO: [ template_filter ] --START--
INFO: Run Behavior\ContentReplaceBehavior [ RunTime:0.000228s ]
INFO: [ template_filter ] --END-- [ RunTime:0.000379s ]
INFO: Run Behavior\ParseTemplateBehavior [ RunTime:0.014819s ]
INFO: [ view_parse ] --END-- [ RunTime:0.015130s ]
INFO: [ view_filter ] --START--
INFO: Run Behavior\WriteHtmlCacheBehavior [ RunTime:0.001104s ]
INFO: [ view_filter ] --END-- [ RunTime:0.001391s ]
INFO: [ app_end ] --START--
INFO: Run Behavior\ShowPageTraceBehavior [ RunTime:0.001591s ]
INFO: [ app_end ] --END-- [ RunTime:0.001877s ]

[ 2015-11-11T22:41:35+08:00 ] ::1 /PlanB/index.php/Home/Index/getDayList?collection=%E5%85%A8%E9%83%A8&start=0&limit=100&pageIndex=0&_=1447252895015
INFO: [ app_init ] --START--
INFO: Run Behavior\BuildLiteBehavior [ RunTime:0.000059s ]
INFO: [ app_init ] --END-- [ RunTime:0.000955s ]
INFO: [ app_begin ] --START--
INFO: Run Behavior\ReadHtmlCacheBehavior [ RunTime:0.001226s ]
INFO: [ app_begin ] --END-- [ RunTime:0.001411s ]
SQL: SHOW COLUMNS FROM `think_pool` [ RunTime:0.0040s ]
SQL: SELECT `NAME`,`COLLECTION`,`DATE`,`INPUT`,`OUTPUT`,`SUMMARY` FROM `think_pool` WHERE `DATE` = '2015-11-10' ORDER BY DATE desc LIMIT 0,100   [ RunTime:0.0006s ]
SQL: SELECT COUNT(*) AS tp_count FROM `think_pool` WHERE `DATE` = '2015-11-10' LIMIT 1   [ RunTime:0.0007s ]

[ 2015-11-11T22:41:49+08:00 ] ::1 /PlanB/index.php/Home/Index/addRecord?name=%E6%B5%8B%E8%AF%95&collection=%E6%B5%8B%E8%AF%95&amount=10&date=2015-11-11&action=%E5%87%BA%E5%BA%93&note=%E5%95%8A&_=1447252909591
INFO: [ app_init ] --START--
INFO: Run Behavior\BuildLiteBehavior [ RunTime:0.000063s ]
INFO: [ app_init ] --END-- [ RunTime:0.001059s ]
INFO: [ app_begin ] --START--
INFO: Run Behavior\ReadHtmlCacheBehavior [ RunTime:0.001212s ]
INFO: [ app_begin ] --END-- [ RunTime:0.001426s ]
SQL: SHOW COLUMNS FROM `think_name` [ RunTime:0.0052s ]
SQL: SELECT * FROM `think_name` WHERE `NAME` = '测试' LIMIT 1   [ RunTime:0.0006s ]
SQL: INSERT INTO `think_name` (`NAME`,`COLLECTION`,`STORAGE`,`LASTDAY`) VALUES ('测试','测试','10','2015-11-11') [ RunTime:0.0007s ]
SQL: SHOW COLUMNS FROM `think_pool` [ RunTime:0.0034s ]
SQL: SELECT * FROM `think_pool` WHERE `NAME` = '测试' AND `DATE` = '2015-11-11' LIMIT 1   [ RunTime:0.0004s ]
SQL: SELECT * FROM `think_pool` WHERE `NAME` = '测试' AND `DATE` = '2015-11-11' ORDER BY DATE desc LIMIT 1   [ RunTime:0.0003s ]

[ 2015-11-11T22:41:56+08:00 ] ::1 /PlanB/index.php/Home/Index/addRecord?name=%E6%B5%8B%E8%AF%95&collection=%E6%B5%8B%E8%AF%95&amount=10&date=2015-11-11&action=%E5%85%A5%E5%BA%93&note=%E5%95%8A&_=1447252916161
INFO: [ app_init ] --START--
INFO: Run Behavior\BuildLiteBehavior [ RunTime:0.000060s ]
INFO: [ app_init ] --END-- [ RunTime:0.000953s ]
INFO: [ app_begin ] --START--
INFO: Run Behavior\ReadHtmlCacheBehavior [ RunTime:0.001466s ]
INFO: [ app_begin ] --END-- [ RunTime:0.001741s ]
SQL: SHOW COLUMNS FROM `think_name` [ RunTime:0.0034s ]
SQL: SELECT * FROM `think_name` WHERE `NAME` = '测试' LIMIT 1   [ RunTime:0.0004s ]
SQL: UPDATE `think_name` SET `LASTDAY`='2015-11-11',`STORAGE`='20' WHERE `NAME` = '测试' [ RunTime:0.0356s ]
SQL: SHOW COLUMNS FROM `think_pool` [ RunTime:0.0035s ]
SQL: SELECT * FROM `think_pool` WHERE `NAME` = '测试' AND `DATE` = '2015-11-11' LIMIT 1   [ RunTime:0.0004s ]
SQL: SELECT * FROM `think_pool` WHERE `NAME` = '测试' AND `DATE` = '2015-11-11' ORDER BY DATE desc LIMIT 1   [ RunTime:0.0004s ]
SQL: INSERT INTO `think_pool` (`NAME`,`COLLECTION`,`DATE`,`NOTE`,`INPUT`,`OUTPUT`,`SUMMARY`) VALUES ('测试','测试','2015-11-11','啊','10','0','10') [ RunTime:0.0005s ]

[ 2015-11-11T22:42:00+08:00 ] ::1 /PlanB/index.php/Home/Index/getDayList?collection=%E5%85%A8%E9%83%A8&start=0&limit=100&pageIndex=0&date=2015-11-11&_=1447252920627
INFO: [ app_init ] --START--
INFO: Run Behavior\BuildLiteBehavior [ RunTime:0.000036s ]
INFO: [ app_init ] --END-- [ RunTime:0.000611s ]
INFO: [ app_begin ] --START--
INFO: Run Behavior\ReadHtmlCacheBehavior [ RunTime:0.001202s ]
INFO: [ app_begin ] --END-- [ RunTime:0.001468s ]
SQL: SHOW COLUMNS FROM `think_pool` [ RunTime:0.0048s ]
SQL: SELECT `NAME`,`COLLECTION`,`DATE`,`INPUT`,`OUTPUT`,`SUMMARY` FROM `think_pool` WHERE `DATE` = '2015-11-11' ORDER BY DATE desc LIMIT 0,100   [ RunTime:0.0009s ]
SQL: SELECT COUNT(*) AS tp_count FROM `think_pool` WHERE `DATE` = '2015-11-11' LIMIT 1   [ RunTime:0.0010s ]

[ 2015-11-11T22:42:02+08:00 ] ::1 /PlanB/index.php/Home/Index/getList?start=0&limit=10&pageIndex=0&name=%E6%B5%8B%E8%AF%95&_=1447252922595
INFO: [ app_init ] --START--
INFO: Run Behavior\BuildLiteBehavior [ RunTime:0.000035s ]
INFO: [ app_init ] --END-- [ RunTime:0.000564s ]
INFO: [ app_begin ] --START--
INFO: Run Behavior\ReadHtmlCacheBehavior [ RunTime:0.000908s ]
INFO: [ app_begin ] --END-- [ RunTime:0.001053s ]
SQL: SHOW COLUMNS FROM `think_pool` [ RunTime:0.0047s ]
SQL: SELECT `NAME`,`COLLECTION`,`DATE`,`INPUT`,`OUTPUT`,`SUMMARY`,`NOTE` FROM `think_pool` WHERE `NAME` = '测试' ORDER BY DATE desc LIMIT 0,10   [ RunTime:0.0006s ]
SQL: SELECT COUNT(*) AS tp_count FROM `think_pool` WHERE `NAME` = '测试' LIMIT 1   [ RunTime:0.0005s ]

[ 2015-11-11T22:42:09+08:00 ] ::1 /PlanB/index.php/Home/Index/getStorage?start=0&limit=10&pageIndex=0&_=1447252929299
INFO: [ app_init ] --START--
INFO: Run Behavior\BuildLiteBehavior [ RunTime:0.000054s ]
INFO: [ app_init ] --END-- [ RunTime:0.000869s ]
INFO: [ app_begin ] --START--
INFO: Run Behavior\ReadHtmlCacheBehavior [ RunTime:0.000793s ]
INFO: [ app_begin ] --END-- [ RunTime:0.000918s ]
SQL: SHOW COLUMNS FROM `think_name` [ RunTime:0.0034s ]
SQL: SELECT `NAME`,`COLLECTION`,`STORAGE`,`LASTDAY` FROM `think_name` ORDER BY LASTDAY desc LIMIT 0,10   [ RunTime:0.0004s ]
SQL: SELECT COUNT(*) AS tp_count FROM `think_name` LIMIT 1   [ RunTime:0.0002s ]

[ 2015-11-11T22:42:26+08:00 ] ::1 /PlanB/index.php/Home/Index/getStorage?start=0&limit=10&pageIndex=0&_=1447252946346
INFO: [ app_init ] --START--
INFO: Run Behavior\BuildLiteBehavior [ RunTime:0.000187s ]
INFO: [ app_init ] --END-- [ RunTime:0.002843s ]
INFO: [ app_begin ] --START--
INFO: Run Behavior\ReadHtmlCacheBehavior [ RunTime:0.000840s ]
INFO: [ app_begin ] --END-- [ RunTime:0.001149s ]
SQL: SHOW COLUMNS FROM `think_name` [ RunTime:0.0046s ]
SQL: SELECT `NAME`,`COLLECTION`,`STORAGE`,`LASTDAY` FROM `think_name` ORDER BY LASTDAY desc LIMIT 0,10   [ RunTime:0.0005s ]
SQL: SELECT COUNT(*) AS tp_count FROM `think_name` LIMIT 1   [ RunTime:0.0002s ]

[ 2015-11-11T22:43:13+08:00 ] ::1 /PlanB/
INFO: [ app_init ] --START--
INFO: Run Behavior\BuildLiteBehavior [ RunTime:0.000037s ]
INFO: [ app_init ] --END-- [ RunTime:0.000597s ]
INFO: [ app_begin ] --START--
INFO: Run Behavior\ReadHtmlCacheBehavior [ RunTime:0.000867s ]
INFO: [ app_begin ] --END-- [ RunTime:0.001051s ]
SQL: SHOW COLUMNS FROM `think_name` [ RunTime:0.0046s ]
SQL: SELECT `name` FROM `think_name`  [ RunTime:0.0004s ]
SQL: SHOW COLUMNS FROM `think_collection` [ RunTime:0.0033s ]
SQL: SELECT `ID`,`NAME` FROM `think_collection`  [ RunTime:0.0005s ]
SQL: SELECT COUNT(*) AS tp_count FROM `think_collection` LIMIT 1   [ RunTime:0.0003s ]
INFO: [ view_parse ] --START--
INFO: [ template_filter ] --START--
INFO: Run Behavior\ContentReplaceBehavior [ RunTime:0.000218s ]
INFO: [ template_filter ] --END-- [ RunTime:0.000365s ]
INFO: Run Behavior\ParseTemplateBehavior [ RunTime:0.015720s ]
INFO: [ view_parse ] --END-- [ RunTime:0.016022s ]
INFO: [ view_filter ] --START--
INFO: Run Behavior\WriteHtmlCacheBehavior [ RunTime:0.001050s ]
INFO: [ view_filter ] --END-- [ RunTime:0.001316s ]
INFO: [ app_end ] --START--
INFO: Run Behavior\ShowPageTraceBehavior [ RunTime:0.001434s ]
INFO: [ app_end ] --END-- [ RunTime:0.002036s ]

[ 2015-11-11T22:43:13+08:00 ] ::1 /PlanB/index.php/Home/Index/getDayList?collection=%E5%85%A8%E9%83%A8&start=0&limit=100&pageIndex=0&_=1447252993780
INFO: [ app_init ] --START--
INFO: Run Behavior\BuildLiteBehavior [ RunTime:0.000059s ]
INFO: [ app_init ] --END-- [ RunTime:0.000877s ]
INFO: [ app_begin ] --START--
INFO: Run Behavior\ReadHtmlCacheBehavior [ RunTime:0.000894s ]
INFO: [ app_begin ] --END-- [ RunTime:0.001035s ]
SQL: SHOW COLUMNS FROM `think_pool` [ RunTime:0.0069s ]
SQL: SELECT `NAME`,`COLLECTION`,`DATE`,`INPUT`,`OUTPUT`,`SUMMARY` FROM `think_pool` WHERE `DATE` = '2015-11-10' ORDER BY DATE desc LIMIT 0,100   [ RunTime:0.0007s ]
SQL: SELECT COUNT(*) AS tp_count FROM `think_pool` WHERE `DATE` = '2015-11-10' LIMIT 1   [ RunTime:0.0006s ]

[ 2015-11-11T22:43:16+08:00 ] ::1 /PlanB/index.php/Home/Index/getDayList?collection=%E5%85%A8%E9%83%A8&start=0&limit=100&pageIndex=0&date=2015-11-11&_=1447252996910
INFO: [ app_init ] --START--
INFO: Run Behavior\BuildLiteBehavior [ RunTime:0.000056s ]
INFO: [ app_init ] --END-- [ RunTime:0.000687s ]
INFO: [ app_begin ] --START--
INFO: Run Behavior\ReadHtmlCacheBehavior [ RunTime:0.001677s ]
INFO: [ app_begin ] --END-- [ RunTime:0.001946s ]
SQL: SHOW COLUMNS FROM `think_pool` [ RunTime:0.0067s ]
SQL: SELECT `NAME`,`COLLECTION`,`DATE`,`INPUT`,`OUTPUT`,`SUMMARY` FROM `think_pool` WHERE `DATE` = '2015-11-11' ORDER BY DATE desc LIMIT 0,100   [ RunTime:0.0004s ]
SQL: SELECT COUNT(*) AS tp_count FROM `think_pool` WHERE `DATE` = '2015-11-11' LIMIT 1   [ RunTime:0.0002s ]

[ 2015-11-11T22:43:18+08:00 ] ::1 /PlanB/index.php/Home/Index/getDayList?collection=%E5%85%A8%E9%83%A8&start=0&limit=100&pageIndex=0&date=2015-11-09&_=1447252998272
INFO: [ app_init ] --START--
INFO: Run Behavior\BuildLiteBehavior [ RunTime:0.000056s ]
INFO: [ app_init ] --END-- [ RunTime:0.000833s ]
INFO: [ app_begin ] --START--
INFO: Run Behavior\ReadHtmlCacheBehavior [ RunTime:0.001549s ]
INFO: [ app_begin ] --END-- [ RunTime:0.001863s ]
SQL: SHOW COLUMNS FROM `think_pool` [ RunTime:0.0076s ]
SQL: SELECT `NAME`,`COLLECTION`,`DATE`,`INPUT`,`OUTPUT`,`SUMMARY` FROM `think_pool` WHERE `DATE` = '2015-11-09' ORDER BY DATE desc LIMIT 0,100   [ RunTime:0.0021s ]
SQL: SELECT COUNT(*) AS tp_count FROM `think_pool` WHERE `DATE` = '2015-11-09' LIMIT 1   [ RunTime:0.0005s ]

[ 2015-11-11T22:43:19+08:00 ] ::1 /PlanB/index.php/Home/Index/getDayList?collection=%E5%85%A8%E9%83%A8&start=0&limit=100&pageIndex=0&date=2015-11-08&_=1447252999523
INFO: [ app_init ] --START--
INFO: Run Behavior\BuildLiteBehavior [ RunTime:0.000064s ]
INFO: [ app_init ] --END-- [ RunTime:0.000986s ]
INFO: [ app_begin ] --START--
INFO: Run Behavior\ReadHtmlCacheBehavior [ RunTime:0.001805s ]
INFO: [ app_begin ] --END-- [ RunTime:0.002096s ]
SQL: SHOW COLUMNS FROM `think_pool` [ RunTime:0.0065s ]
SQL: SELECT `NAME`,`COLLECTION`,`DATE`,`INPUT`,`OUTPUT`,`SUMMARY` FROM `think_pool` WHERE `DATE` = '2015-11-08' ORDER BY DATE desc LIMIT 0,100   [ RunTime:0.0006s ]
SQL: SELECT COUNT(*) AS tp_count FROM `think_pool` WHERE `DATE` = '2015-11-08' LIMIT 1   [ RunTime:0.0004s ]

[ 2015-11-11T22:45:26+08:00 ] ::1 /PlanB/index.php/Home/Index/getStorage?start=0&limit=10&pageIndex=0&_=1447253126829
INFO: [ app_init ] --START--
INFO: Run Behavior\BuildLiteBehavior [ RunTime:0.000032s ]
INFO: [ app_init ] --END-- [ RunTime:0.000491s ]
INFO: [ app_begin ] --START--
INFO: Run Behavior\ReadHtmlCacheBehavior [ RunTime:0.000912s ]
INFO: [ app_begin ] --END-- [ RunTime:0.001087s ]
SQL: SHOW COLUMNS FROM `think_name` [ RunTime:0.0032s ]
SQL: SELECT `NAME`,`COLLECTION`,`STORAGE`,`LASTDAY` FROM `think_name` ORDER BY LASTDAY desc LIMIT 0,10   [ RunTime:0.0004s ]
SQL: SELECT COUNT(*) AS tp_count FROM `think_name` LIMIT 1   [ RunTime:0.0003s ]

[ 2015-11-11T22:45:36+08:00 ] ::1 /PlanB/index.php/Home/Index/addRecord?name=%E6%B5%8B%E8%AF%95&collection=%E6%B5%8B%E8%AF%95&amount=10&date=2015-11-11&action=%E5%85%A5%E5%BA%93&note=%E6%92%92&_=1447253136422
INFO: [ app_init ] --START--
INFO: Run Behavior\BuildLiteBehavior [ RunTime:0.000031s ]
INFO: [ app_init ] --END-- [ RunTime:0.000521s ]
INFO: [ app_begin ] --START--
INFO: Run Behavior\ReadHtmlCacheBehavior [ RunTime:0.001363s ]
INFO: [ app_begin ] --END-- [ RunTime:0.001563s ]
SQL: SHOW COLUMNS FROM `think_name` [ RunTime:0.0035s ]
SQL: SELECT * FROM `think_name` WHERE `NAME` = '测试' LIMIT 1   [ RunTime:0.0004s ]
SQL: INSERT INTO `think_name` (`NAME`,`COLLECTION`,`STORAGE`,`LASTDAY`) VALUES ('测试','测试','10','2015-11-11') [ RunTime:0.0004s ]
SQL: SHOW COLUMNS FROM `think_pool` [ RunTime:0.0031s ]
SQL: SELECT * FROM `think_pool` WHERE `NAME` = '测试' AND `DATE` = '2015-11-11' LIMIT 1   [ RunTime:0.0004s ]
SQL: SELECT * FROM `think_pool` WHERE `NAME` = '测试' AND `DATE` = '2015-11-11' ORDER BY DATE desc LIMIT 1   [ RunTime:0.0003s ]
SQL: INSERT INTO `think_pool` (`NAME`,`COLLECTION`,`DATE`,`NOTE`,`INPUT`,`OUTPUT`,`SUMMARY`) VALUES ('测试','测试','2015-11-11','撒','10','0','10') [ RunTime:0.0004s ]

[ 2015-11-11T22:45:38+08:00 ] ::1 /PlanB/index.php/Home/Index/getStorage?start=0&limit=10&pageIndex=0&_=1447253138903
INFO: [ app_init ] --START--
INFO: Run Behavior\BuildLiteBehavior [ RunTime:0.000059s ]
INFO: [ app_init ] --END-- [ RunTime:0.000685s ]
INFO: [ app_begin ] --START--
INFO: Run Behavior\ReadHtmlCacheBehavior [ RunTime:0.002094s ]
INFO: [ app_begin ] --END-- [ RunTime:0.002336s ]
SQL: SHOW COLUMNS FROM `think_name` [ RunTime:0.0039s ]
SQL: SELECT `NAME`,`COLLECTION`,`STORAGE`,`LASTDAY` FROM `think_name` ORDER BY LASTDAY desc LIMIT 0,10   [ RunTime:0.0004s ]
SQL: SELECT COUNT(*) AS tp_count FROM `think_name` LIMIT 1   [ RunTime:0.0002s ]

[ 2015-11-11T22:45:43+08:00 ] ::1 /PlanB/index.php/Home/Index/getDayList?collection=%E5%85%A8%E9%83%A8&start=0&limit=100&pageIndex=0&date=2015-11-11&_=1447253143780
INFO: [ app_init ] --START--
INFO: Run Behavior\BuildLiteBehavior [ RunTime:0.000064s ]
INFO: [ app_init ] --END-- [ RunTime:0.001017s ]
INFO: [ app_begin ] --START--
INFO: Run Behavior\ReadHtmlCacheBehavior [ RunTime:0.001485s ]
INFO: [ app_begin ] --END-- [ RunTime:0.001722s ]
SQL: SHOW COLUMNS FROM `think_pool` [ RunTime:0.0058s ]
SQL: SELECT `NAME`,`COLLECTION`,`DATE`,`INPUT`,`OUTPUT`,`SUMMARY` FROM `think_pool` WHERE `DATE` = '2015-11-11' ORDER BY DATE desc LIMIT 0,100   [ RunTime:0.0005s ]
SQL: SELECT COUNT(*) AS tp_count FROM `think_pool` WHERE `DATE` = '2015-11-11' LIMIT 1   [ RunTime:0.0003s ]

[ 2015-11-11T22:45:48+08:00 ] ::1 /PlanB/index.php/Home/Index/getStorage?start=0&limit=10&pageIndex=0&_=1447253148597
INFO: [ app_init ] --START--
INFO: Run Behavior\BuildLiteBehavior [ RunTime:0.000033s ]
INFO: [ app_init ] --END-- [ RunTime:0.000521s ]
INFO: [ app_begin ] --START--
INFO: Run Behavior\ReadHtmlCacheBehavior [ RunTime:0.000864s ]
INFO: [ app_begin ] --END-- [ RunTime:0.000995s ]
SQL: SHOW COLUMNS FROM `think_name` [ RunTime:0.0041s ]
SQL: SELECT `NAME`,`COLLECTION`,`STORAGE`,`LASTDAY` FROM `think_name` ORDER BY LASTDAY desc LIMIT 0,10   [ RunTime:0.0004s ]
SQL: SELECT COUNT(*) AS tp_count FROM `think_name` LIMIT 1   [ RunTime:0.0002s ]

[ 2015-11-11T22:45:51+08:00 ] ::1 /PlanB/index.php/Home/Index/getStorage?start=0&limit=10&pageIndex=0&_=1447253151750
INFO: [ app_init ] --START--
INFO: Run Behavior\BuildLiteBehavior [ RunTime:0.000034s ]
INFO: [ app_init ] --END-- [ RunTime:0.000571s ]
INFO: [ app_begin ] --START--
INFO: Run Behavior\ReadHtmlCacheBehavior [ RunTime:0.000971s ]
INFO: [ app_begin ] --END-- [ RunTime:0.001151s ]
SQL: SHOW COLUMNS FROM `think_name` [ RunTime:0.0031s ]
SQL: SELECT `NAME`,`COLLECTION`,`STORAGE`,`LASTDAY` FROM `think_name` ORDER BY LASTDAY desc LIMIT 0,10   [ RunTime:0.0004s ]
SQL: SELECT COUNT(*) AS tp_count FROM `think_name` LIMIT 1   [ RunTime:0.0004s ]

[ 2015-11-11T22:45:54+08:00 ] ::1 /PlanB/index.php/Home/Index/getCollection?start=0&limit=10&pageIndex=0&_=1447253154729
INFO: [ app_init ] --START--
INFO: Run Behavior\BuildLiteBehavior [ RunTime:0.000040s ]
INFO: [ app_init ] --END-- [ RunTime:0.001077s ]
INFO: [ app_begin ] --START--
INFO: Run Behavior\ReadHtmlCacheBehavior [ RunTime:0.000825s ]
INFO: [ app_begin ] --END-- [ RunTime:0.000945s ]
SQL: SHOW COLUMNS FROM `think_collection` [ RunTime:0.0034s ]
SQL: SELECT `ID`,`NAME` FROM `think_collection` LIMIT 0,10   [ RunTime:0.0004s ]
SQL: SELECT COUNT(*) AS tp_count FROM `think_collection` LIMIT 1   [ RunTime:0.0003s ]

[ 2015-11-11T22:46:04+08:00 ] ::1 /PlanB/index.php/Home/Index/addCollection?name=%E5%9D%91%E7%88%B9&_=1447253164064
INFO: [ app_init ] --START--
INFO: Run Behavior\BuildLiteBehavior [ RunTime:0.000034s ]
INFO: [ app_init ] --END-- [ RunTime:0.000802s ]
INFO: [ app_begin ] --START--
INFO: Run Behavior\ReadHtmlCacheBehavior [ RunTime:0.001702s ]
INFO: [ app_begin ] --END-- [ RunTime:0.002255s ]
SQL: SHOW COLUMNS FROM `think_collection` [ RunTime:0.0046s ]
SQL: INSERT INTO `think_collection` (`NAME`) VALUES ('坑爹') [ RunTime:0.0346s ]

[ 2015-11-11T22:46:05+08:00 ] ::1 /PlanB/index.php/Home/Index/getCollection?start=0&limit=10&pageIndex=0&_=1447253165122
INFO: [ app_init ] --START--
INFO: Run Behavior\BuildLiteBehavior [ RunTime:0.000166s ]
INFO: [ app_init ] --END-- [ RunTime:0.001447s ]
INFO: [ app_begin ] --START--
INFO: Run Behavior\ReadHtmlCacheBehavior [ RunTime:0.005371s ]
INFO: [ app_begin ] --END-- [ RunTime:0.005756s ]
SQL: SHOW COLUMNS FROM `think_collection` [ RunTime:0.0033s ]
SQL: SELECT `ID`,`NAME` FROM `think_collection` LIMIT 0,10   [ RunTime:0.0003s ]
SQL: SELECT COUNT(*) AS tp_count FROM `think_collection` LIMIT 1   [ RunTime:0.0002s ]

[ 2015-11-11T22:46:06+08:00 ] ::1 /PlanB/
INFO: [ app_init ] --START--
INFO: Run Behavior\BuildLiteBehavior [ RunTime:0.000062s ]
INFO: [ app_init ] --END-- [ RunTime:0.000886s ]
INFO: [ app_begin ] --START--
INFO: Run Behavior\ReadHtmlCacheBehavior [ RunTime:0.003486s ]
INFO: [ app_begin ] --END-- [ RunTime:0.003827s ]
SQL: SHOW COLUMNS FROM `think_name` [ RunTime:0.0044s ]
SQL: SELECT `name` FROM `think_name`  [ RunTime:0.0006s ]
SQL: SHOW COLUMNS FROM `think_collection` [ RunTime:0.0039s ]
SQL: SELECT `ID`,`NAME` FROM `think_collection`  [ RunTime:0.0004s ]
SQL: SELECT COUNT(*) AS tp_count FROM `think_collection` LIMIT 1   [ RunTime:0.0002s ]
INFO: [ view_parse ] --START--
INFO: [ template_filter ] --START--
INFO: Run Behavior\ContentReplaceBehavior [ RunTime:0.000231s ]
INFO: [ template_filter ] --END-- [ RunTime:0.000383s ]
INFO: Run Behavior\ParseTemplateBehavior [ RunTime:0.015323s ]
INFO: [ view_parse ] --END-- [ RunTime:0.015562s ]
INFO: [ view_filter ] --START--
INFO: Run Behavior\WriteHtmlCacheBehavior [ RunTime:0.001165s ]
INFO: [ view_filter ] --END-- [ RunTime:0.001416s ]
INFO: [ app_end ] --START--
INFO: Run Behavior\ShowPageTraceBehavior [ RunTime:0.001674s ]
INFO: [ app_end ] --END-- [ RunTime:0.001920s ]

[ 2015-11-11T22:46:07+08:00 ] ::1 /PlanB/index.php/Home/Index/getDayList?collection=%E5%85%A8%E9%83%A8&start=0&limit=100&pageIndex=0&_=1447253166982
INFO: [ app_init ] --START--
INFO: Run Behavior\BuildLiteBehavior [ RunTime:0.000036s ]
INFO: [ app_init ] --END-- [ RunTime:0.000749s ]
INFO: [ app_begin ] --START--
INFO: Run Behavior\ReadHtmlCacheBehavior [ RunTime:0.000881s ]
INFO: [ app_begin ] --END-- [ RunTime:0.001022s ]
SQL: SHOW COLUMNS FROM `think_pool` [ RunTime:0.0047s ]
SQL: SELECT `NAME`,`COLLECTION`,`DATE`,`INPUT`,`OUTPUT`,`SUMMARY` FROM `think_pool` WHERE `DATE` = '2015-11-10' ORDER BY DATE desc LIMIT 0,100   [ RunTime:0.0006s ]
SQL: SELECT COUNT(*) AS tp_count FROM `think_pool` WHERE `DATE` = '2015-11-10' LIMIT 1   [ RunTime:0.0005s ]

[ 2015-11-11T22:46:11+08:00 ] ::1 /PlanB/index.php/Home/Index/getDayList?collection=%E5%85%A8%E9%83%A8&start=0&limit=100&pageIndex=0&date=2015-11-11&_=1447253171239
INFO: [ app_init ] --START--
INFO: Run Behavior\BuildLiteBehavior [ RunTime:0.000065s ]
INFO: [ app_init ] --END-- [ RunTime:0.000962s ]
INFO: [ app_begin ] --START--
INFO: Run Behavior\ReadHtmlCacheBehavior [ RunTime:0.001483s ]
INFO: [ app_begin ] --END-- [ RunTime:0.001932s ]
SQL: SHOW COLUMNS FROM `think_pool` [ RunTime:0.0066s ]
SQL: SELECT `NAME`,`COLLECTION`,`DATE`,`INPUT`,`OUTPUT`,`SUMMARY` FROM `think_pool` WHERE `DATE` = '2015-11-11' ORDER BY DATE desc LIMIT 0,100   [ RunTime:0.0013s ]
SQL: SELECT COUNT(*) AS tp_count FROM `think_pool` WHERE `DATE` = '2015-11-11' LIMIT 1   [ RunTime:0.0004s ]

