[ 2015-11-02T22:18:00+08:00 ] ::1 /PlanB/index.php
INFO: [ app_init ] --START--
INFO: Run Behavior\BuildLiteBehavior [ RunTime:0.000036s ]
INFO: [ app_init ] --END-- [ RunTime:0.000578s ]
INFO: [ app_begin ] --START--
INFO: Run Behavior\ReadHtmlCacheBehavior [ RunTime:0.000767s ]
INFO: [ app_begin ] --END-- [ RunTime:0.000933s ]
INFO: [ view_parse ] --START--
INFO: [ template_filter ] --START--
INFO: Run Behavior\ContentReplaceBehavior [ RunTime:0.000075s ]
INFO: [ template_filter ] --END-- [ RunTime:0.000232s ]
INFO: Run Behavior\ParseTemplateBehavior [ RunTime:0.044736s ]
INFO: [ view_parse ] --END-- [ RunTime:0.044987s ]
INFO: [ view_filter ] --START--
INFO: Run Behavior\WriteHtmlCacheBehavior [ RunTime:0.000698s ]
INFO: [ view_filter ] --END-- [ RunTime:0.000897s ]
INFO: [ app_end ] --START--
INFO: Run Behavior\ShowPageTraceBehavior [ RunTime:0.001015s ]
INFO: [ app_end ] --END-- [ RunTime:0.001235s ]

[ 2015-11-02T22:18:46+08:00 ] ::1 /PlanB/index.php
INFO: [ app_init ] --START--
INFO: Run Behavior\BuildLiteBehavior [ RunTime:0.000035s ]
INFO: [ app_init ] --END-- [ RunTime:0.000566s ]
INFO: [ app_begin ] --START--
INFO: Run Behavior\ReadHtmlCacheBehavior [ RunTime:0.000842s ]
INFO: [ app_begin ] --END-- [ RunTime:0.001004s ]
INFO: [ view_parse ] --START--
INFO: [ template_filter ] --START--
INFO: Run Behavior\ContentReplaceBehavior [ RunTime:0.000073s ]
INFO: [ template_filter ] --END-- [ RunTime:0.000243s ]
INFO: Run Behavior\ParseTemplateBehavior [ RunTime:0.008501s ]
INFO: [ view_parse ] --END-- [ RunTime:0.008768s ]
INFO: [ view_filter ] --START--
INFO: Run Behavior\WriteHtmlCacheBehavior [ RunTime:0.001029s ]
INFO: [ view_filter ] --END-- [ RunTime:0.001317s ]
INFO: [ app_end ] --START--
INFO: Run Behavior\ShowPageTraceBehavior [ RunTime:0.000802s ]
INFO: [ app_end ] --END-- [ RunTime:0.000946s ]

[ 2015-11-02T22:18:53+08:00 ] ::1 /PlanB/index.php
INFO: [ app_init ] --START--
INFO: Run Behavior\BuildLiteBehavior [ RunTime:0.000056s ]
INFO: [ app_init ] --END-- [ RunTime:0.000712s ]
INFO: [ app_begin ] --START--
INFO: Run Behavior\ReadHtmlCacheBehavior [ RunTime:0.000902s ]
INFO: [ app_begin ] --END-- [ RunTime:0.001076s ]
INFO: [ view_parse ] --START--
INFO: [ template_filter ] --START--
INFO: Run Behavior\ContentReplaceBehavior [ RunTime:0.000081s ]
INFO: [ template_filter ] --END-- [ RunTime:0.000255s ]
INFO: Run Behavior\ParseTemplateBehavior [ RunTime:0.008811s ]
INFO: [ view_parse ] --END-- [ RunTime:0.009079s ]
INFO: [ view_filter ] --START--
INFO: Run Behavior\WriteHtmlCacheBehavior [ RunTime:0.001017s ]
INFO: [ view_filter ] --END-- [ RunTime:0.001320s ]
INFO: [ app_end ] --START--
INFO: Run Behavior\ShowPageTraceBehavior [ RunTime:0.001088s ]
INFO: [ app_end ] --END-- [ RunTime:0.001274s ]

[ 2015-11-02T22:20:27+08:00 ] ::1 /PlanB/index.php
INFO: [ app_init ] --START--
INFO: Run Behavior\BuildLiteBehavior [ RunTime:0.000036s ]
INFO: [ app_init ] --END-- [ RunTime:0.000635s ]
INFO: [ app_begin ] --START--
INFO: Run Behavior\ReadHtmlCacheBehavior [ RunTime:0.000924s ]
INFO: [ app_begin ] --END-- [ RunTime:0.001092s ]
INFO: [ view_parse ] --START--
INFO: [ template_filter ] --START--
INFO: Run Behavior\ContentReplaceBehavior [ RunTime:0.000149s ]
INFO: [ template_filter ] --END-- [ RunTime:0.000316s ]
NOTIC: [8] Undefined variable: type D:\wamp\www\PlanB\Application\Runtime\Cache\Home\5f5878b563bbd0551b6c84d71156b7e9.php 第 166 行.
NOTIC: [8] Undefined variable: username D:\wamp\www\PlanB\Application\Runtime\Cache\Home\5f5878b563bbd0551b6c84d71156b7e9.php 第 179 行.
INFO: Run Behavior\ParseTemplateBehavior [ RunTime:0.014604s ]
INFO: [ view_parse ] --END-- [ RunTime:0.014779s ]
INFO: [ view_filter ] --START--
INFO: Run Behavior\WriteHtmlCacheBehavior [ RunTime:0.000857s ]
INFO: [ view_filter ] --END-- [ RunTime:0.001073s ]
INFO: [ app_end ] --START--
INFO: Run Behavior\ShowPageTraceBehavior [ RunTime:0.001687s ]
INFO: [ app_end ] --END-- [ RunTime:0.002013s ]

[ 2015-11-02T22:20:47+08:00 ] ::1 /PlanB/index.php
INFO: [ app_init ] --START--
INFO: Run Behavior\BuildLiteBehavior [ RunTime:0.000030s ]
INFO: [ app_init ] --END-- [ RunTime:0.000551s ]
INFO: [ app_begin ] --START--
INFO: Run Behavior\ReadHtmlCacheBehavior [ RunTime:0.000739s ]
INFO: [ app_begin ] --END-- [ RunTime:0.000874s ]
INFO: [ view_parse ] --START--
INFO: [ template_filter ] --START--
INFO: Run Behavior\ContentReplaceBehavior [ RunTime:0.000131s ]
INFO: [ template_filter ] --END-- [ RunTime:0.000277s ]
NOTIC: [8] Undefined variable: type D:\wamp\www\PlanB\Application\Runtime\Cache\Home\5f5878b563bbd0551b6c84d71156b7e9.php 第 166 行.
NOTIC: [8] Undefined variable: username D:\wamp\www\PlanB\Application\Runtime\Cache\Home\5f5878b563bbd0551b6c84d71156b7e9.php 第 179 行.
INFO: Run Behavior\ParseTemplateBehavior [ RunTime:0.058237s ]
INFO: [ view_parse ] --END-- [ RunTime:0.058458s ]
INFO: [ view_filter ] --START--
INFO: Run Behavior\WriteHtmlCacheBehavior [ RunTime:0.000782s ]
INFO: [ view_filter ] --END-- [ RunTime:0.000940s ]
INFO: [ app_end ] --START--
INFO: Run Behavior\ShowPageTraceBehavior [ RunTime:0.001532s ]
INFO: [ app_end ] --END-- [ RunTime:0.001877s ]

[ 2015-11-02T22:21:53+08:00 ] ::1 /PlanB/index.php
INFO: [ app_init ] --START--
INFO: Run Behavior\BuildLiteBehavior [ RunTime:0.000038s ]
INFO: [ app_init ] --END-- [ RunTime:0.000636s ]
INFO: [ app_begin ] --START--
INFO: Run Behavior\ReadHtmlCacheBehavior [ RunTime:0.000967s ]
INFO: [ app_begin ] --END-- [ RunTime:0.001239s ]
INFO: [ view_parse ] --START--
INFO: [ template_filter ] --START--
INFO: Run Behavior\ContentReplaceBehavior [ RunTime:0.000156s ]
INFO: [ template_filter ] --END-- [ RunTime:0.000328s ]
NOTIC: [8] Undefined variable: type D:\wamp\www\PlanB\Application\Runtime\Cache\Home\5f5878b563bbd0551b6c84d71156b7e9.php 第 192 行.
NOTIC: [8] Undefined variable: username D:\wamp\www\PlanB\Application\Runtime\Cache\Home\5f5878b563bbd0551b6c84d71156b7e9.php 第 205 行.
INFO: Run Behavior\ParseTemplateBehavior [ RunTime:0.012765s ]
INFO: [ view_parse ] --END-- [ RunTime:0.012986s ]
INFO: [ view_filter ] --START--
INFO: Run Behavior\WriteHtmlCacheBehavior [ RunTime:0.000847s ]
INFO: [ view_filter ] --END-- [ RunTime:0.001048s ]
INFO: [ app_end ] --START--
INFO: Run Behavior\ShowPageTraceBehavior [ RunTime:0.001344s ]
INFO: [ app_end ] --END-- [ RunTime:0.001636s ]

[ 2015-11-02T22:23:31+08:00 ] ::1 /PlanB/index.php
INFO: [ app_init ] --START--
INFO: Run Behavior\BuildLiteBehavior [ RunTime:0.000036s ]
INFO: [ app_init ] --END-- [ RunTime:0.000610s ]
INFO: [ app_begin ] --START--
INFO: Run Behavior\ReadHtmlCacheBehavior [ RunTime:0.001283s ]
INFO: [ app_begin ] --END-- [ RunTime:0.001464s ]
INFO: [ view_parse ] --START--
INFO: [ template_filter ] --START--
INFO: Run Behavior\ContentReplaceBehavior [ RunTime:0.000128s ]
INFO: [ template_filter ] --END-- [ RunTime:0.000262s ]
NOTIC: [8] Undefined variable: type D:\wamp\www\PlanB\Application\Runtime\Cache\Home\5f5878b563bbd0551b6c84d71156b7e9.php 第 195 行.
NOTIC: [8] Undefined variable: username D:\wamp\www\PlanB\Application\Runtime\Cache\Home\5f5878b563bbd0551b6c84d71156b7e9.php 第 208 行.
INFO: Run Behavior\ParseTemplateBehavior [ RunTime:0.010719s ]
INFO: [ view_parse ] --END-- [ RunTime:0.010887s ]
INFO: [ view_filter ] --START--
INFO: Run Behavior\WriteHtmlCacheBehavior [ RunTime:0.000861s ]
INFO: [ view_filter ] --END-- [ RunTime:0.001034s ]
INFO: [ app_end ] --START--
INFO: Run Behavior\ShowPageTraceBehavior [ RunTime:0.001997s ]
INFO: [ app_end ] --END-- [ RunTime:0.002348s ]

[ 2015-11-02T22:24:46+08:00 ] ::1 /PlanB/index.php
INFO: [ app_init ] --START--
INFO: Run Behavior\BuildLiteBehavior [ RunTime:0.000036s ]
INFO: [ app_init ] --END-- [ RunTime:0.000580s ]
INFO: [ app_begin ] --START--
INFO: Run Behavior\ReadHtmlCacheBehavior [ RunTime:0.000869s ]
INFO: [ app_begin ] --END-- [ RunTime:0.001031s ]
INFO: [ view_parse ] --START--
INFO: [ template_filter ] --START--
INFO: Run Behavior\ContentReplaceBehavior [ RunTime:0.000145s ]
INFO: [ template_filter ] --END-- [ RunTime:0.000298s ]
NOTIC: [8] Undefined variable: type D:\wamp\www\PlanB\Application\Runtime\Cache\Home\5f5878b563bbd0551b6c84d71156b7e9.php 第 195 行.
NOTIC: [8] Undefined variable: username D:\wamp\www\PlanB\Application\Runtime\Cache\Home\5f5878b563bbd0551b6c84d71156b7e9.php 第 208 行.
INFO: Run Behavior\ParseTemplateBehavior [ RunTime:0.012777s ]
INFO: [ view_parse ] --END-- [ RunTime:0.012975s ]
INFO: [ view_filter ] --START--
INFO: Run Behavior\WriteHtmlCacheBehavior [ RunTime:0.000800s ]
INFO: [ view_filter ] --END-- [ RunTime:0.000993s ]
INFO: [ app_end ] --START--
INFO: Run Behavior\ShowPageTraceBehavior [ RunTime:0.001565s ]
INFO: [ app_end ] --END-- [ RunTime:0.001850s ]

[ 2015-11-02T22:25:35+08:00 ] ::1 /PlanB/index.php
INFO: [ app_init ] --START--
INFO: Run Behavior\BuildLiteBehavior [ RunTime:0.000035s ]
INFO: [ app_init ] --END-- [ RunTime:0.000607s ]
INFO: [ app_begin ] --START--
INFO: Run Behavior\ReadHtmlCacheBehavior [ RunTime:0.000889s ]
INFO: [ app_begin ] --END-- [ RunTime:0.001113s ]
INFO: [ view_parse ] --START--
INFO: [ template_filter ] --START--
INFO: Run Behavior\ContentReplaceBehavior [ RunTime:0.000127s ]
INFO: [ template_filter ] --END-- [ RunTime:0.000264s ]
NOTIC: [8] Undefined variable: type D:\wamp\www\PlanB\Application\Runtime\Cache\Home\5f5878b563bbd0551b6c84d71156b7e9.php 第 195 行.
NOTIC: [8] Undefined variable: username D:\wamp\www\PlanB\Application\Runtime\Cache\Home\5f5878b563bbd0551b6c84d71156b7e9.php 第 208 行.
INFO: Run Behavior\ParseTemplateBehavior [ RunTime:0.013017s ]
INFO: [ view_parse ] --END-- [ RunTime:0.013290s ]
INFO: [ view_filter ] --START--
INFO: Run Behavior\WriteHtmlCacheBehavior [ RunTime:0.000822s ]
INFO: [ view_filter ] --END-- [ RunTime:0.001029s ]
INFO: [ app_end ] --START--
INFO: Run Behavior\ShowPageTraceBehavior [ RunTime:0.001832s ]
INFO: [ app_end ] --END-- [ RunTime:0.002130s ]

[ 2015-11-02T22:26:50+08:00 ] ::1 /PlanB/index.php
INFO: [ app_init ] --START--
INFO: Run Behavior\BuildLiteBehavior [ RunTime:0.000039s ]
INFO: [ app_init ] --END-- [ RunTime:0.000500s ]
INFO: [ app_begin ] --START--
INFO: Run Behavior\ReadHtmlCacheBehavior [ RunTime:0.000762s ]
INFO: [ app_begin ] --END-- [ RunTime:0.000906s ]
INFO: [ view_parse ] --START--
INFO: [ template_filter ] --START--
INFO: Run Behavior\ContentReplaceBehavior [ RunTime:0.000134s ]
INFO: [ template_filter ] --END-- [ RunTime:0.000319s ]
NOTIC: [8] Undefined variable: type D:\wamp\www\PlanB\Application\Runtime\Cache\Home\5f5878b563bbd0551b6c84d71156b7e9.php 第 207 行.
NOTIC: [8] Undefined variable: username D:\wamp\www\PlanB\Application\Runtime\Cache\Home\5f5878b563bbd0551b6c84d71156b7e9.php 第 220 行.
INFO: Run Behavior\ParseTemplateBehavior [ RunTime:0.013391s ]
INFO: [ view_parse ] --END-- [ RunTime:0.013614s ]
INFO: [ view_filter ] --START--
INFO: Run Behavior\WriteHtmlCacheBehavior [ RunTime:0.000897s ]
INFO: [ view_filter ] --END-- [ RunTime:0.001057s ]
INFO: [ app_end ] --START--
INFO: Run Behavior\ShowPageTraceBehavior [ RunTime:0.001528s ]
INFO: [ app_end ] --END-- [ RunTime:0.001845s ]

[ 2015-11-02T22:27:49+08:00 ] ::1 /PlanB/index.php
INFO: [ app_init ] --START--
INFO: Run Behavior\BuildLiteBehavior [ RunTime:0.000032s ]
INFO: [ app_init ] --END-- [ RunTime:0.000621s ]
INFO: [ app_begin ] --START--
INFO: Run Behavior\ReadHtmlCacheBehavior [ RunTime:0.000706s ]
INFO: [ app_begin ] --END-- [ RunTime:0.000857s ]
INFO: [ view_parse ] --START--
INFO: [ template_filter ] --START--
INFO: Run Behavior\ContentReplaceBehavior [ RunTime:0.000165s ]
INFO: [ template_filter ] --END-- [ RunTime:0.000318s ]
NOTIC: [8] Undefined variable: type D:\wamp\www\PlanB\Application\Runtime\Cache\Home\5f5878b563bbd0551b6c84d71156b7e9.php 第 249 行.
NOTIC: [8] Undefined variable: username D:\wamp\www\PlanB\Application\Runtime\Cache\Home\5f5878b563bbd0551b6c84d71156b7e9.php 第 262 行.
NOTIC: [8] Undefined variable: type D:\wamp\www\PlanB\Application\Runtime\Cache\Home\5f5878b563bbd0551b6c84d71156b7e9.php 第 281 行.
NOTIC: [8] Undefined variable: username D:\wamp\www\PlanB\Application\Runtime\Cache\Home\5f5878b563bbd0551b6c84d71156b7e9.php 第 294 行.
INFO: Run Behavior\ParseTemplateBehavior [ RunTime:0.016663s ]
INFO: [ view_parse ] --END-- [ RunTime:0.016803s ]
INFO: [ view_filter ] --START--
INFO: Run Behavior\WriteHtmlCacheBehavior [ RunTime:0.000629s ]
INFO: [ view_filter ] --END-- [ RunTime:0.000779s ]
INFO: [ app_end ] --START--
INFO: Run Behavior\ShowPageTraceBehavior [ RunTime:0.001440s ]
INFO: [ app_end ] --END-- [ RunTime:0.001722s ]

[ 2015-11-02T22:28:43+08:00 ] ::1 /PlanB/index.php
INFO: [ app_init ] --START--
INFO: Run Behavior\BuildLiteBehavior [ RunTime:0.000035s ]
INFO: [ app_init ] --END-- [ RunTime:0.000574s ]
INFO: [ app_begin ] --START--
INFO: Run Behavior\ReadHtmlCacheBehavior [ RunTime:0.000830s ]
INFO: [ app_begin ] --END-- [ RunTime:0.000992s ]
INFO: [ view_parse ] --START--
INFO: [ template_filter ] --START--
INFO: Run Behavior\ContentReplaceBehavior [ RunTime:0.000157s ]
INFO: [ template_filter ] --END-- [ RunTime:0.000316s ]
NOTIC: [8] Undefined variable: type D:\wamp\www\PlanB\Application\Runtime\Cache\Home\5f5878b563bbd0551b6c84d71156b7e9.php 第 219 行.
NOTIC: [8] Undefined variable: username D:\wamp\www\PlanB\Application\Runtime\Cache\Home\5f5878b563bbd0551b6c84d71156b7e9.php 第 232 行.
NOTIC: [8] Undefined variable: type D:\wamp\www\PlanB\Application\Runtime\Cache\Home\5f5878b563bbd0551b6c84d71156b7e9.php 第 251 行.
NOTIC: [8] Undefined variable: username D:\wamp\www\PlanB\Application\Runtime\Cache\Home\5f5878b563bbd0551b6c84d71156b7e9.php 第 264 行.
INFO: Run Behavior\ParseTemplateBehavior [ RunTime:0.014677s ]
INFO: [ view_parse ] --END-- [ RunTime:0.014896s ]
INFO: [ view_filter ] --START--
INFO: Run Behavior\WriteHtmlCacheBehavior [ RunTime:0.000737s ]
INFO: [ view_filter ] --END-- [ RunTime:0.000960s ]
INFO: [ app_end ] --START--
INFO: Run Behavior\ShowPageTraceBehavior [ RunTime:0.001430s ]
INFO: [ app_end ] --END-- [ RunTime:0.001691s ]

[ 2015-11-02T22:29:54+08:00 ] ::1 /PlanB/index.php
INFO: [ app_init ] --START--
INFO: Run Behavior\BuildLiteBehavior [ RunTime:0.000036s ]
INFO: [ app_init ] --END-- [ RunTime:0.000609s ]
INFO: [ app_begin ] --START--
INFO: Run Behavior\ReadHtmlCacheBehavior [ RunTime:0.000860s ]
INFO: [ app_begin ] --END-- [ RunTime:0.001024s ]
INFO: [ view_parse ] --START--
INFO: [ template_filter ] --START--
INFO: Run Behavior\ContentReplaceBehavior [ RunTime:0.000138s ]
INFO: [ template_filter ] --END-- [ RunTime:0.000284s ]
NOTIC: [8] Undefined variable: type D:\wamp\www\PlanB\Application\Runtime\Cache\Home\5f5878b563bbd0551b6c84d71156b7e9.php 第 178 行.
NOTIC: [8] Undefined variable: username D:\wamp\www\PlanB\Application\Runtime\Cache\Home\5f5878b563bbd0551b6c84d71156b7e9.php 第 191 行.
NOTIC: [8] Undefined variable: type D:\wamp\www\PlanB\Application\Runtime\Cache\Home\5f5878b563bbd0551b6c84d71156b7e9.php 第 210 行.
NOTIC: [8] Undefined variable: username D:\wamp\www\PlanB\Application\Runtime\Cache\Home\5f5878b563bbd0551b6c84d71156b7e9.php 第 223 行.
INFO: Run Behavior\ParseTemplateBehavior [ RunTime:0.017993s ]
INFO: [ view_parse ] --END-- [ RunTime:0.018281s ]
INFO: [ view_filter ] --START--
INFO: Run Behavior\WriteHtmlCacheBehavior [ RunTime:0.000753s ]
INFO: [ view_filter ] --END-- [ RunTime:0.000943s ]
INFO: [ app_end ] --START--
INFO: Run Behavior\ShowPageTraceBehavior [ RunTime:0.002097s ]
INFO: [ app_end ] --END-- [ RunTime:0.002497s ]

[ 2015-11-02T22:30:11+08:00 ] ::1 /PlanB/index.php
INFO: [ app_init ] --START--
INFO: Run Behavior\BuildLiteBehavior [ RunTime:0.000036s ]
INFO: [ app_init ] --END-- [ RunTime:0.000608s ]
INFO: [ app_begin ] --START--
INFO: Run Behavior\ReadHtmlCacheBehavior [ RunTime:0.000767s ]
INFO: [ app_begin ] --END-- [ RunTime:0.000925s ]
INFO: [ view_parse ] --START--
INFO: [ template_filter ] --START--
INFO: Run Behavior\ContentReplaceBehavior [ RunTime:0.000137s ]
INFO: [ template_filter ] --END-- [ RunTime:0.000287s ]
NOTIC: [8] Undefined variable: type D:\wamp\www\PlanB\Application\Runtime\Cache\Home\5f5878b563bbd0551b6c84d71156b7e9.php 第 175 行.
NOTIC: [8] Undefined variable: username D:\wamp\www\PlanB\Application\Runtime\Cache\Home\5f5878b563bbd0551b6c84d71156b7e9.php 第 188 行.
NOTIC: [8] Undefined variable: type D:\wamp\www\PlanB\Application\Runtime\Cache\Home\5f5878b563bbd0551b6c84d71156b7e9.php 第 207 行.
NOTIC: [8] Undefined variable: username D:\wamp\www\PlanB\Application\Runtime\Cache\Home\5f5878b563bbd0551b6c84d71156b7e9.php 第 220 行.
INFO: Run Behavior\ParseTemplateBehavior [ RunTime:0.013209s ]
INFO: [ view_parse ] --END-- [ RunTime:0.013440s ]
INFO: [ view_filter ] --START--
INFO: Run Behavior\WriteHtmlCacheBehavior [ RunTime:0.001107s ]
INFO: [ view_filter ] --END-- [ RunTime:0.001295s ]
INFO: [ app_end ] --START--
INFO: Run Behavior\ShowPageTraceBehavior [ RunTime:0.001799s ]
INFO: [ app_end ] --END-- [ RunTime:0.002148s ]

[ 2015-11-02T22:30:42+08:00 ] ::1 /PlanB/index.php
INFO: [ app_init ] --START--
INFO: Run Behavior\BuildLiteBehavior [ RunTime:0.000037s ]
INFO: [ app_init ] --END-- [ RunTime:0.000559s ]
INFO: [ app_begin ] --START--
INFO: Run Behavior\ReadHtmlCacheBehavior [ RunTime:0.000851s ]
INFO: [ app_begin ] --END-- [ RunTime:0.001014s ]
INFO: [ view_parse ] --START--
INFO: [ template_filter ] --START--
INFO: Run Behavior\ContentReplaceBehavior [ RunTime:0.000160s ]
INFO: [ template_filter ] --END-- [ RunTime:0.000326s ]
NOTIC: [8] Undefined variable: type D:\wamp\www\PlanB\Application\Runtime\Cache\Home\5f5878b563bbd0551b6c84d71156b7e9.php 第 175 行.
NOTIC: [8] Undefined variable: username D:\wamp\www\PlanB\Application\Runtime\Cache\Home\5f5878b563bbd0551b6c84d71156b7e9.php 第 188 行.
NOTIC: [8] Undefined variable: type D:\wamp\www\PlanB\Application\Runtime\Cache\Home\5f5878b563bbd0551b6c84d71156b7e9.php 第 207 行.
NOTIC: [8] Undefined variable: username D:\wamp\www\PlanB\Application\Runtime\Cache\Home\5f5878b563bbd0551b6c84d71156b7e9.php 第 220 行.
INFO: Run Behavior\ParseTemplateBehavior [ RunTime:0.018032s ]
INFO: [ view_parse ] --END-- [ RunTime:0.018308s ]
INFO: [ view_filter ] --START--
INFO: Run Behavior\WriteHtmlCacheBehavior [ RunTime:0.000936s ]
INFO: [ view_filter ] --END-- [ RunTime:0.001223s ]
INFO: [ app_end ] --START--
INFO: Run Behavior\ShowPageTraceBehavior [ RunTime:0.001482s ]
INFO: [ app_end ] --END-- [ RunTime:0.001850s ]

[ 2015-11-02T22:35:31+08:00 ] ::1 /PlanB/index.php
INFO: [ app_init ] --START--
INFO: Run Behavior\BuildLiteBehavior [ RunTime:0.000029s ]
INFO: [ app_init ] --END-- [ RunTime:0.000494s ]
INFO: [ app_begin ] --START--
INFO: Run Behavior\ReadHtmlCacheBehavior [ RunTime:0.000898s ]
INFO: [ app_begin ] --END-- [ RunTime:0.001084s ]
INFO: [ view_parse ] --START--
INFO: [ template_filter ] --START--
INFO: Run Behavior\ContentReplaceBehavior [ RunTime:0.000139s ]
INFO: [ template_filter ] --END-- [ RunTime:0.000295s ]
NOTIC: [8] Undefined variable: type D:\wamp\www\PlanB\Application\Runtime\Cache\Home\5f5878b563bbd0551b6c84d71156b7e9.php 第 172 行.
NOTIC: [8] Undefined variable: username D:\wamp\www\PlanB\Application\Runtime\Cache\Home\5f5878b563bbd0551b6c84d71156b7e9.php 第 185 行.
NOTIC: [8] Undefined variable: type D:\wamp\www\PlanB\Application\Runtime\Cache\Home\5f5878b563bbd0551b6c84d71156b7e9.php 第 204 行.
NOTIC: [8] Undefined variable: username D:\wamp\www\PlanB\Application\Runtime\Cache\Home\5f5878b563bbd0551b6c84d71156b7e9.php 第 217 行.
INFO: Run Behavior\ParseTemplateBehavior [ RunTime:0.014186s ]
INFO: [ view_parse ] --END-- [ RunTime:0.014490s ]
INFO: [ view_filter ] --START--
INFO: Run Behavior\WriteHtmlCacheBehavior [ RunTime:0.000863s ]
INFO: [ view_filter ] --END-- [ RunTime:0.001075s ]
INFO: [ app_end ] --START--
INFO: Run Behavior\ShowPageTraceBehavior [ RunTime:0.001622s ]
INFO: [ app_end ] --END-- [ RunTime:0.001932s ]

[ 2015-11-02T22:35:51+08:00 ] ::1 /PlanB/index.php
INFO: [ app_init ] --START--
INFO: Run Behavior\BuildLiteBehavior [ RunTime:0.000037s ]
INFO: [ app_init ] --END-- [ RunTime:0.000631s ]
INFO: [ app_begin ] --START--
INFO: Run Behavior\ReadHtmlCacheBehavior [ RunTime:0.000859s ]
INFO: [ app_begin ] --END-- [ RunTime:0.001007s ]
INFO: [ view_parse ] --START--
INFO: [ template_filter ] --START--
INFO: Run Behavior\ContentReplaceBehavior [ RunTime:0.000135s ]
INFO: [ template_filter ] --END-- [ RunTime:0.000300s ]
NOTIC: [8] Undefined variable: type D:\wamp\www\PlanB\Application\Runtime\Cache\Home\5f5878b563bbd0551b6c84d71156b7e9.php 第 172 行.
NOTIC: [8] Undefined variable: username D:\wamp\www\PlanB\Application\Runtime\Cache\Home\5f5878b563bbd0551b6c84d71156b7e9.php 第 185 行.
NOTIC: [8] Undefined variable: type D:\wamp\www\PlanB\Application\Runtime\Cache\Home\5f5878b563bbd0551b6c84d71156b7e9.php 第 204 行.
NOTIC: [8] Undefined variable: username D:\wamp\www\PlanB\Application\Runtime\Cache\Home\5f5878b563bbd0551b6c84d71156b7e9.php 第 217 行.
INFO: Run Behavior\ParseTemplateBehavior [ RunTime:0.014556s ]
INFO: [ view_parse ] --END-- [ RunTime:0.014782s ]
INFO: [ view_filter ] --START--
INFO: Run Behavior\WriteHtmlCacheBehavior [ RunTime:0.000791s ]
INFO: [ view_filter ] --END-- [ RunTime:0.000993s ]
INFO: [ app_end ] --START--
INFO: Run Behavior\ShowPageTraceBehavior [ RunTime:0.001469s ]
INFO: [ app_end ] --END-- [ RunTime:0.001731s ]

